*************************************************************
****                                                     ****
****            Output from PHASE v2.1.1                 ****
****  Code by M Stephens, with contributions from N Li   ****
****                                                     ****
*************************************************************

BEGIN COMMAND_LINE 
/home/yann/proj/phase.2.1.1.linux/PHASE phase.inp phase.out 
END COMMAND_LINE 

BEGIN OUTFILE_LIST
phase.out_freqs : haplotype frequency estimates
phase.out_pairs : most likely haplotype pairs for each individual
phase.out_recom : estimates of recombination parameters
phase.out_monitor : file for monitoring convergence
END OUTFILE_LIST

BEGIN INPUT_SUMMARY
Number of Individuals: 35
Number of Loci: 68
Positions of loci: 4 15 17 19 32 36 37 38 45 53 54 56 58 61 63 72 74 77 80 86 89 93 94 95 96 98 101 106 111 115 118 119 127 130 136 147 156 157 158 164 165 168 170 173 181 185 187 193 202 206 207 208 210 213 219 221 235 240 241 244 248 253 260 268 280 281 288 294 
END INPUT_SUMMARY

List of haplotypes found in best reconstruction, with counts.
(See file phase.out_freqs for haplotype population frequency estimates)

BEGIN LIST_SUMMARY
         1 2142113434113132311423133132 1 11223314434423114321434332214 4 32 1 213224   10.000000
         2 2142113434113132311423133132 1 11223314434443114321414332214 4 32 1 213224    1.000000
         3 2142113434113132311423133132 1 11243314434423114321434332214 4 32 1 213224    1.000000
         4 2142113434113132311423133132 1 31223314434423112321434332214 4 32 1 213224    1.000000
         5 2142113434113112111423133132 1 11221314434423114321434332214 1 32 1 213224   10.000000
         6 2142113434113112111423133132 1 11221314434423114321434332214 1 32 1 213244    1.000000
         7 2142113434113112111423133132 1 11221314434423114321434332214 1 32 1 233244    1.000000
         8 2142113434113112111423133132 1 11221312434423114321434132214 1 32 1 213244    1.000000
         9 2142113434113112111423133132 3 11221314434423114321434332214 1 32 1 213224    1.000000
        10 2142113434133132311423133132 1 11223314434423114321414332214 4 32 1 213424    1.000000
        11 2142113434313132311423133132 1 11223314434423114321434332214 4 32 1 213224    1.000000
        12 2142113414113112111423133132 1 11221314434423314321434132214 1 32 1 213244    1.000000
        13 2142133434113132311221133132 1 11221314444423114321432312414 1 32 1 213224    2.000000
        14 2122133432111134311223311132 2 31223314434243114323234132434 1 32 4 413224    8.000000
        15 2122133432111134311223311112 4 31223314434243114323234132434 1 32 4 413224    1.000000
        16 2122133432311134311223313132 2 33423314434243134321234332434 3 32 4 413224    5.000000
        17 2122133432311134311223313132 2 33423314434243134341234332434 3 32 2 413224    1.000000
        18 2122133232111134313223313132 2 33423314434243134121234332434 1 32 4 413224    3.000000
        19 2122133232111134313223313132 2 33423314434243134121234332434 1 32 4 411224    1.000000
        20 2122133232111134313223313132 2 33423314431243134321234332434 1 32 4 413224    1.000000
        21 2122133232111134313223313234 2 33423314434243134121234332434 1 32 4 413222    1.000000
        22 2122132232111134313223313234 2 33423314434243134121234332432 1 32 4 413224    1.000000
        23 2122333232111134313223313132 2 33423214434243134321234332434 1 32 4 413224    3.000000
        24 2124133232111134313223313132 2 33423314434243134121234332434 1 32 4 413224    1.000000
        25 2322133432111134311223313132 2 31223314434243114321234334434 1 32 4 413224    2.000000
        26 2322133432111134311223313132 2 31223314434243114321234334434 1 12 4 413224    1.000000
        27 2322133432111134311223313132 2 31223314434243112321234334434 1 32 4 413224    1.000000
        28 2322133432111134311223313132 2 31223314434242114321234334434 1 32 4 413224    1.000000
        29 2322133432111134331223313132 2 31223314234243114321234334434 1 34 4 413224    4.000000
        30 2322133432111334311243313132 2 31223314234243114321234334434 1 32 4 413224    1.000000
        31 2322133432111334311243313132 2 31223334234243114321234334434 1 32 4 413224    1.000000
        32 3322133432111134311223313132 2 31223314434243114321234334434 1 32 4 413224    1.000000
END LIST_SUMMARY


Summary of best reconstruction
(numbers refer to the list of haplotypes given above)

BEGIN BESTPAIRS_SUMMARY
Individual0: (1,1)
Individual1: (1,11)
Individual10: (4,13)
Individual11: (5,20)
Individual12: (18,27)
Individual13: (5,17)
Individual14: (1,13)
Individual15: (1,28)
Individual16: (5,5)
Individual17: (1,5)
Individual18: (18,19)
Individual19: (14,32)
Individual2: (5,29)
Individual20: (14,16)
Individual21: (2,14)
Individual22: (6,14)
Individual23: (5,8)
Individual24: (14,25)
Individual25: (1,10)
Individual26: (1,12)
Individual27: (23,23)
Individual28: (14,15)
Individual29: (26,29)
Individual3: (5,16)
Individual30: (1,14)
Individual31: (30,31)
Individual32: (7,29)
Individual33: (21,23)
Individual34: (5,24)
Individual4: (22,25)
Individual5: (16,18)
Individual6: (5,9)
Individual7: (1,14)
Individual8: (16,29)
Individual9: (3,16)
END BESTPAIRS_SUMMARY


Haplotype estimates for each individual, with uncertain phases enclosed in ()
and uncertain genotypes enclosed in []:

BEGIN BESTPAIRS1
0 Individual0
2 1 4 2 1 1 3 4 3 4 1 1 3 1 3 2 3 1 1 4 2 3 1 3 3 1 3 2 1 1 1 2 2 3 3 1 4 4 3 4 4 2 3 1 1 4 3 2 1 4 3 4 3 3 2 2 1 4 4 3 2 1 2 1 3 2 2 4 
2 1 4 2 1 1 3 4 3 4 1 1 3 1 3 2 3 1 1 4 2 3 1 3 3 1 3 2 1 1 1 2 2 3 3 1 4 4 3 4 4 2 3 1 1 4 3 2 1 4 3 4 3 3 2 2 1 4 4 3 2 1 2 1 3 2 2 4 
0 Individual1
2 1 4 2 1 1 3 4 3 4 1 1 3 1 3 2 3 1 1 4 2 3 1 3 3 1 3 2 1 1 1 2 2 3 3 1 4 4 3 4 4 2 3 1 1 4 3 2 1 4 3 4 3 3 2 2 1 4 4 3 2 1 2 1 3 2 2 4 
2 1 4 2 1 1 3 4 3 4 3 1 3 1 3 2 3 1 1 4 2 3 1 3 3 1 3 2 1 1 1 2 2 3 3 1 4 4 3 4 4 2 3 1 1 4 3 2 1 4 3 4 3 3 2 2 1 4 4 3 2 1 2 1 3 2 2 4 
0 Individual10
2 1 4 2 1 1 3 4 3 4 1 1 3 1 3 2 3 1 1 4 2 3 1 3 3 1 3 2 1 (3) 1 2 2 3 3 1 4 4 3 4 4 2 3 1 1 (2) 3 2 1 4 3 4 3 3 2 2 1 4 4 3 2 1 2 1 3 2 2 4 
2 1 4 2 1 3 3 4 3 4 1 1 3 1 3 2 3 1 1 2 2 1 1 3 3 1 3 2 1 (1) 1 2 2 1 3 1 4 4 4 4 4 2 3 1 1 (4) 3 2 1 4 3 2 3 1 2 4 1 4 1 3 2 1 2 1 3 2 2 4 
0 Individual11
2 1 4 2 1 1 3 4 3 4 1 1 3 1 1 2 1 1 1 4 2 3 1 3 3 1 3 2 1 1 1 2 2 1 3 1 4 4 3 (4) 4 2 3 1 1 4 3 2 1 4 3 4 3 3 2 2 1 4 1 3 2 1 2 1 3 2 2 4 
2 1 2 2 1 3 3 2 3 2 1 1 1 1 3 4 3 1 3 2 2 3 3 1 3 1 3 2 2 3 3 4 2 3 3 1 4 4 3 (1) 2 4 3 1 3 4 3 2 1 2 3 4 3 3 2 4 3 4 1 3 2 4 4 1 3 2 2 4 
0 Individual12
2 1 2 2 1 3 3 2 3 2 1 1 1 1 3 4 3 1 3 2 2 3 3 1 3 1 3 2 2 3 3 4 2 3 3 1 4 4 3 4 2 4 3 1 3 (4) 1 2 1 2 3 4 3 3 2 4 3 4 1 3 2 4 4 1 3 2 2 4 
2 3 2 2 1 3 3 4 3 2 1 1 1 1 3 4 3 1 1 2 2 3 3 1 3 1 3 2 2 3 1 2 2 3 3 1 4 4 3 4 2 4 3 1 1 (2) 3 2 1 2 3 4 3 3 4 4 3 4 1 3 2 4 4 1 3 2 2 4 
0 Individual13
2 1 4 2 1 1 3 4 3 4 1 1 3 1 1 2 1 1 1 4 2 3 1 3 3 1 3 2 1 1 1 2 2 1 3 1 4 4 3 4 4 2 3 1 1 4 3 (2) 1 4 3 4 3 3 2 2 1 4 1 3 2 1 2 1 3 2 2 4 
2 1 2 2 1 3 3 4 3 2 3 1 1 1 3 4 3 1 1 2 2 3 3 1 3 1 3 2 2 3 3 4 2 3 3 1 4 4 3 4 2 4 3 1 3 4 3 (4) 1 2 3 4 3 3 2 4 3 4 3 3 2 2 4 1 3 2 2 4 
0 Individual14
2 1 4 2 1 1 3 4 3 4 1 1 3 1 3 2 3 1 1 4 2 3 1 3 3 1 3 2 1 1 1 2 2 3 3 1 4 4 3 4 4 2 3 1 1 4 3 2 1 4 3 4 3 3 2 2 1 4 4 3 2 1 2 1 3 2 2 4 
2 1 4 2 1 3 3 4 3 4 1 1 3 1 3 2 3 1 1 2 2 1 1 3 3 1 3 2 1 1 1 2 2 1 3 1 4 4 4 4 4 2 3 1 1 4 3 2 1 4 3 2 3 1 2 4 1 4 1 3 2 1 2 1 3 2 2 4 
0 Individual15
2 1 4 2 1 1 3 4 3 4 1 1 3 1 3 2 3 1 1 4 2 3 1 3 3 1 3 2 1 1 1 2 2 3 3 1 4 4 3 4 4 2 (3) 1 1 4 3 2 1 4 3 4 3 3 2 2 1 4 4 3 2 1 2 1 3 2 2 4 
2 3 2 2 1 3 3 4 3 2 1 1 1 1 3 4 3 1 1 2 2 3 3 1 3 1 3 2 2 3 1 2 2 3 3 1 4 4 3 4 2 4 (2) 1 1 4 3 2 1 2 3 4 3 3 4 4 3 4 1 3 2 4 4 1 3 2 2 4 
0 Individual16
2 1 4 2 1 1 3 4 3 4 1 1 3 1 1 2 1 1 1 4 2 3 1 3 3 1 3 2 1 1 1 2 2 1 3 1 4 4 3 4 4 2 3 1 1 4 3 2 1 4 3 4 3 3 2 2 1 4 1 3 2 1 2 1 3 2 2 4 
2 1 4 2 1 1 3 4 3 4 1 1 3 1 1 2 1 1 1 4 2 3 1 3 3 1 3 2 1 1 1 2 2 1 3 1 4 4 3 4 4 2 3 1 1 4 3 2 1 4 3 4 3 3 2 2 1 4 1 3 2 1 2 1 3 2 2 4 
0 Individual17
2 1 4 2 1 1 3 4 3 4 1 1 3 1 3 2 3 1 1 4 2 3 1 3 3 1 3 2 1 1 1 2 2 3 3 1 4 4 3 4 4 2 3 1 1 4 3 2 1 4 3 4 3 3 2 2 1 4 4 3 2 1 2 1 3 2 2 4 
2 1 4 2 1 1 3 4 3 4 1 1 3 1 1 2 1 1 1 4 2 3 1 3 3 1 3 2 1 1 1 2 2 1 3 1 4 4 3 4 4 2 3 1 1 4 3 2 1 4 3 4 3 3 2 2 1 4 1 3 2 1 2 1 3 2 2 4 
0 Individual18
2 1 2 2 1 3 3 2 3 2 1 1 1 1 3 4 3 1 3 2 2 3 3 1 3 1 3 2 2 3 3 4 2 3 3 1 4 4 3 4 2 4 3 1 3 4 1 2 1 2 3 4 3 3 2 4 3 4 1 3 2 4 4 1 3 2 2 4 
2 1 2 2 1 3 3 2 3 2 1 1 1 1 3 4 3 1 3 2 2 3 3 1 3 1 3 2 2 3 3 4 2 3 3 1 4 4 3 4 2 4 3 1 3 4 1 2 1 2 3 4 3 3 2 4 3 4 1 3 2 4 4 1 1 2 2 4 
0 Individual19
(2) 1 2 2 1 3 3 4 3 2 1 1 1 1 3 4 3 1 1 2 2 3 3 1 1 1 3 2 2 3 1 2 2 3 3 1 4 4 3 4 2 4 3 1 1 4 3 2 3 2 3 4 1 3 2 4 3 4 1 3 2 4 4 1 3 2 2 4 
(3) 3 2 2 1 3 3 4 3 2 1 1 1 1 3 4 3 1 1 2 2 3 3 1 3 1 3 2 2 3 1 2 2 3 3 1 4 4 3 4 2 4 3 1 1 4 3 2 1 2 3 4 3 3 4 4 3 4 1 3 2 4 4 1 3 2 2 4 
0 Individual2
2 1 4 2 1 1 3 4 3 4 1 1 3 1 1 2 1 1 1 4 2 3 1 3 3 1 3 2 1 1 1 2 2 1 3 1 4 4 3 4 4 2 3 1 1 4 3 2 1 4 3 4 3 3 2 2 1 4 1 3 2 1 2 1 3 2 2 4 
2 3 2 2 1 3 3 4 3 2 1 1 1 1 3 4 3 3 1 2 2 3 3 1 3 1 3 2 2 3 1 2 2 3 3 1 4 2 3 4 2 4 3 1 1 4 3 2 1 2 3 4 3 3 4 4 3 4 1 3 4 4 4 1 3 2 2 4 
0 Individual20
2 1 2 2 1 3 3 4 3 2 1 1 1 1 3 4 3 1 1 2 2 3 3 1 1 1 3 2 2 3 1 2 2 3 3 1 4 4 3 4 2 4 3 1 1 4 3 2 3 2 3 4 1 3 2 4 3 4 1 3 2 4 4 1 3 2 2 4 
2 1 2 2 1 3 3 4 3 2 3 1 1 1 3 4 3 1 1 2 2 3 3 1 3 1 3 2 2 3 3 4 2 3 3 1 4 4 3 4 2 4 3 1 3 4 3 2 1 2 3 4 3 3 2 4 3 4 3 3 2 4 4 1 3 2 2 4 
0 Individual21
2 1 4 2 1 1 3 4 3 4 1 1 3 1 3 2 3 1 1 4 2 3 1 3 3 1 3 2 1 1 1 2 2 3 3 1 4 4 3 4 4 4 3 1 1 4 3 2 1 4 (1) 4 3 3 2 2 1 4 4 3 2 1 2 1 3 2 2 4 
2 1 2 2 1 3 3 4 3 2 1 1 1 1 3 4 3 1 1 2 2 3 3 1 1 1 3 2 2 3 1 2 2 3 3 1 4 4 3 4 2 4 3 1 1 4 3 2 3 2 (3) 4 1 3 2 4 3 4 1 3 2 4 4 1 3 2 2 4 
0 Individual22
2 1 4 2 1 1 3 4 3 4 1 1 3 1 1 2 1 1 1 4 2 3 1 3 3 1 3 2 1 1 1 2 2 1 3 1 4 4 3 4 4 2 3 1 1 4 3 2 1 4 3 4 3 3 2 2 1 4 1 3 2 1 2 1 3 2 (4) 4 
2 1 2 2 1 3 3 4 3 2 1 1 1 1 3 4 3 1 1 2 2 3 3 1 1 1 3 2 2 3 1 2 2 3 3 1 4 4 3 4 2 4 3 1 1 4 3 2 3 2 3 4 1 3 2 4 3 4 1 3 2 4 4 1 3 2 (2) 4 
0 Individual23
2 1 4 2 1 1 3 4 3 4 1 1 3 1 1 2 1 1 1 4 2 3 1 3 3 1 3 2 1 1 1 2 2 1 3 1 (4) 4 3 4 4 2 3 1 1 4 3 2 1 4 3 4 3 3 2 2 1 4 1 3 2 1 2 1 3 2 2 4 
2 1 4 2 1 1 3 4 3 4 1 1 3 1 1 2 1 1 1 4 2 3 1 3 3 1 3 2 1 1 1 2 2 1 3 1 (2) 4 3 4 4 2 3 1 1 4 3 2 1 4 3 4 1 3 2 2 1 4 1 3 2 1 2 1 3 2 4 4 
0 Individual24
2 1 2 2 1 3 3 4 3 2 1 1 1 1 3 4 3 1 1 2 2 3 3 1 1 1 3 2 2 3 1 2 2 3 3 1 4 4 3 4 2 4 3 1 1 4 3 2 3 2 3 4 1 3 2 4 3 4 1 3 2 4 4 1 3 2 2 4 
2 3 2 2 1 3 3 4 3 2 1 1 1 1 3 4 3 1 1 2 2 3 3 1 3 1 3 2 2 3 1 2 2 3 3 1 4 4 3 4 2 4 3 1 1 4 3 2 1 2 3 4 3 3 4 4 3 4 1 3 2 4 4 1 3 2 2 4 
0 Individual25
2 1 4 2 1 1 3 4 3 4 1 (1) 3 1 3 2 3 1 1 4 2 3 1 3 3 1 3 2 1 1 1 2 2 3 3 1 4 4 3 4 4 2 3 1 1 4 3 2 1 4 (3) 4 3 3 2 2 1 4 4 3 2 1 2 1 3 (2) 2 4 
2 1 4 2 1 1 3 4 3 4 1 (3) 3 1 3 2 3 1 1 4 2 3 1 3 3 1 3 2 1 1 1 2 2 3 3 1 4 4 3 4 4 2 3 1 1 4 3 2 1 4 (1) 4 3 3 2 2 1 4 4 3 2 1 2 1 3 (4) 2 4 
0 Individual26
2 1 4 2 1 1 3 4 (3) 4 1 1 3 1 3 2 3 1 1 4 2 3 1 3 3 1 3 2 1 1 1 2 2 3 3 1 4 4 3 4 4 2 3 (1) 1 4 3 2 1 4 3 4 3 3 2 2 1 4 4 3 2 1 2 1 3 2 2 4 
2 1 4 2 1 1 3 4 (1) 4 1 1 3 1 1 2 1 1 1 4 2 3 1 3 3 1 3 2 1 1 1 2 2 1 3 1 4 4 3 4 4 2 3 (3) 1 4 3 2 1 4 3 4 1 3 2 2 1 4 1 3 2 1 2 1 3 2 4 4 
0 Individual27
2 1 2 2 3 3 3 2 3 2 1 1 1 1 3 4 3 1 3 2 2 3 3 1 3 1 3 2 2 3 3 4 2 3 2 1 4 4 3 4 2 4 3 1 3 4 3 2 1 2 3 4 3 3 2 4 3 4 1 3 2 4 4 1 3 2 2 4 
2 1 2 2 3 3 3 2 3 2 1 1 1 1 3 4 3 1 3 2 2 3 3 1 3 1 3 2 2 3 3 4 2 3 2 1 4 4 3 4 2 4 3 1 3 4 3 2 1 2 3 4 3 3 2 4 3 4 1 3 2 4 4 1 3 2 2 4 
0 Individual28
2 1 2 2 1 3 3 4 3 2 1 1 1 1 3 4 3 1 1 2 2 3 3 1 1 1 (3) 2 2 3 1 2 2 3 3 1 4 4 3 4 2 4 3 1 1 4 3 2 3 2 3 4 1 3 2 4 3 4 1 3 2 4 4 1 3 2 2 4 
2 1 2 2 1 3 3 4 3 2 1 1 1 1 3 4 3 1 1 2 2 3 3 1 1 1 (1) 2 4 3 1 2 2 3 3 1 4 4 3 4 2 4 3 1 1 4 3 2 3 2 3 4 1 3 2 4 3 4 1 3 2 4 4 1 3 2 2 4 
0 Individual29
2 3 2 2 1 3 3 4 3 2 1 1 1 1 3 4 3 1 1 2 2 3 3 1 3 1 3 2 2 3 1 2 2 3 3 1 4 4 3 4 2 4 3 1 1 4 3 2 1 2 3 4 3 3 4 4 3 4 1 (1) 2 4 4 1 3 2 2 4 
2 3 2 2 1 3 3 4 3 2 1 1 1 1 3 4 3 3 1 2 2 3 3 1 3 1 3 2 2 3 1 2 2 3 3 1 4 2 3 4 2 4 3 1 1 4 3 2 1 2 3 4 3 3 4 4 3 4 1 (3) 4 4 4 1 3 2 2 4 
0 Individual3
2 1 4 2 1 1 3 4 3 4 1 1 3 1 1 2 1 1 1 4 2 3 1 3 3 1 3 2 1 1 1 2 2 1 3 1 4 4 3 4 4 2 3 1 1 4 3 2 1 4 3 4 3 3 2 2 1 4 1 3 2 1 2 1 3 2 2 4 
2 1 2 2 1 3 3 4 3 2 3 1 1 1 3 4 3 1 1 2 2 3 3 1 3 1 3 2 2 3 3 4 2 3 3 1 4 4 3 4 2 4 3 1 3 4 3 2 1 2 3 4 3 3 2 4 3 4 3 3 2 4 4 1 3 2 2 4 
0 Individual30
2 1 4 2 1 1 3 4 3 4 1 1 3 1 3 2 3 1 1 4 2 3 1 3 3 1 3 2 1 1 1 2 2 3 3 1 4 4 3 4 4 2 3 1 1 4 3 2 1 4 3 4 3 3 2 2 1 4 4 3 2 1 2 1 3 2 2 4 
2 1 2 2 1 3 3 4 3 2 1 1 1 1 3 4 3 1 1 2 2 3 3 1 1 1 3 2 2 3 1 2 2 3 3 1 4 4 3 4 2 4 3 1 1 4 3 2 3 2 3 4 1 3 2 4 3 4 1 3 2 4 4 1 3 2 2 4 
0 Individual31
2 3 2 2 1 3 3 4 3 2 1 1 1 3 3 4 3 1 1 2 4 3 3 1 3 1 3 2 2 3 1 2 2 3 3 1 4 2 3 4 2 4 3 1 1 4 3 2 1 2 3 4 3 3 4 4 3 4 1 3 2 4 4 1 3 2 2 4 
2 3 2 2 1 3 3 4 3 2 1 1 1 3 3 4 3 1 1 2 4 3 3 1 3 1 3 2 2 3 1 2 2 3 3 3 4 2 3 4 2 4 3 1 1 4 3 2 1 2 3 4 3 3 4 4 3 4 1 3 2 4 4 1 3 2 2 4 
0 Individual32
2 1 4 2 1 1 3 4 3 4 1 1 3 1 1 2 1 1 1 4 2 3 1 3 3 1 3 2 1 1 1 2 2 1 3 1 4 4 3 4 4 2 3 1 1 4 3 2 1 4 3 4 3 3 2 2 1 4 1 3 2 1 2 (3) 3 2 4 4 
2 3 2 2 1 3 3 4 3 2 1 1 1 1 3 4 3 3 1 2 2 3 3 1 3 1 3 2 2 3 1 2 2 3 3 1 4 2 3 4 2 4 3 1 1 4 3 2 1 2 3 4 3 3 4 4 3 4 1 3 4 4 4 (1) 3 2 2 4 
0 Individual33
2 1 2 2 (1) 3 3 2 3 2 1 1 1 1 3 4 3 1 3 2 2 3 3 1 3 2 3 4 2 3 3 4 2 3 (3) 1 4 4 3 4 2 4 3 1 3 4 (1) 2 1 2 3 4 3 3 2 4 3 4 1 3 2 4 4 1 3 2 2 (2) 
2 1 2 2 (3) 3 3 2 3 2 1 1 1 1 3 4 3 1 3 2 2 3 3 1 3 1 3 2 2 3 3 4 2 3 (2) 1 4 4 3 4 2 4 3 1 3 4 (3) 2 1 2 3 4 3 3 2 4 3 4 1 3 2 4 4 1 3 2 2 (4) 
0 Individual34
2 1 4 (2) 1 1 3 4 3 4 1 1 3 1 1 2 1 1 1 4 2 3 1 3 3 1 3 2 1 1 1 2 2 1 3 1 4 4 3 4 4 2 3 1 1 4 3 2 1 4 3 4 3 3 2 2 1 4 1 3 2 1 2 1 3 2 2 4 
2 1 2 (4) 1 3 3 2 3 2 1 1 1 1 3 4 3 1 3 2 2 3 3 1 3 1 3 2 2 3 3 4 2 3 3 1 4 4 3 4 2 4 3 1 3 4 1 2 1 2 3 4 3 3 2 4 3 4 1 3 2 4 4 1 3 2 2 4 
0 Individual4
2 1 2 2 1 3 (2) 2 3 2 1 1 1 1 3 4 3 1 3 2 2 3 3 1 3 2 3 4 2 3 3 4 2 3 3 1 4 4 3 4 2 4 3 1 3 4 1 2 1 2 3 4 3 3 2 4 3 (2) 1 3 2 4 4 1 3 2 2 4 
2 3 2 2 1 3 (3) 4 3 2 1 1 1 1 3 4 3 1 1 2 2 3 3 1 3 1 3 2 2 3 1 2 2 3 3 1 4 4 3 4 2 4 3 1 1 4 3 2 1 2 3 4 3 3 4 4 3 (4) 1 3 2 4 4 1 3 2 2 4 
0 Individual5
2 1 2 2 1 3 3 4 3 2 3 1 1 1 3 4 3 1 1 2 2 3 3 1 3 1 3 2 2 3 3 4 2 3 3 1 4 4 3 4 2 4 3 1 3 4 3 2 1 2 3 4 3 3 2 4 3 4 3 3 2 4 4 1 3 2 2 4 
2 1 2 2 1 3 3 2 3 2 1 1 1 1 3 4 3 1 3 2 2 3 3 1 3 1 3 2 2 3 3 4 2 3 3 1 4 4 3 4 2 4 3 1 3 4 1 2 1 2 3 4 3 3 2 4 3 4 1 3 2 4 4 1 3 2 2 4 
0 Individual6
2 1 4 2 1 1 3 4 3 4 1 1 3 1 1 2 1 1 1 4 2 3 1 3 3 1 3 2 1 1 1 2 2 1 3 1 4 4 3 4 4 2 3 1 1 4 3 2 1 4 3 4 3 3 2 2 1 4 1 3 2 1 2 1 3 2 2 4 
2 1 4 2 1 1 3 4 3 4 1 1 3 1 1 2 1 1 1 4 2 3 1 3 3 1 3 2 3 1 1 2 2 1 3 1 4 4 3 4 4 2 3 1 1 4 3 2 1 4 3 4 3 3 2 2 1 4 1 3 2 1 2 1 3 2 2 4 
0 Individual7
2 1 4 2 1 1 3 4 3 4 1 1 3 1 3 2 3 1 1 4 2 3 1 3 3 1 3 2 1 1 1 2 2 3 3 1 4 4 3 4 4 2 3 1 1 4 3 2 1 4 3 4 3 3 2 2 1 4 4 3 2 1 2 1 3 2 2 4 
2 1 2 2 1 3 3 4 3 2 1 1 1 1 3 4 3 1 1 2 2 3 3 1 1 1 3 2 2 3 1 2 2 3 3 1 4 4 3 4 2 4 3 1 1 4 3 2 3 2 3 4 1 3 2 4 3 4 1 3 2 4 4 1 3 2 2 4 
0 Individual8
2 1 2 2 1 3 3 4 3 2 3 1 1 1 3 4 3 1 1 2 2 3 3 1 3 1 3 2 2 3 3 4 2 3 3 1 4 4 3 4 2 4 3 1 3 4 3 2 1 2 3 4 3 3 2 4 3 4 3 3 2 4 4 1 3 2 2 4 
2 3 2 2 1 3 3 4 3 2 1 1 1 1 3 4 3 3 1 2 2 3 3 1 3 1 3 2 2 3 1 2 2 3 3 1 4 2 3 4 2 4 3 1 1 4 3 2 1 2 3 4 3 3 4 4 3 4 1 3 4 4 4 1 3 2 2 4 
0 Individual9
2 1 4 2 1 1 3 4 3 4 1 1 3 1 3 2 3 1 1 4 2 3 1 3 3 1 3 2 1 1 1 2 (4) 3 3 1 4 4 3 4 4 2 3 1 1 4 3 2 1 4 3 4 3 3 2 2 1 4 4 3 2 1 2 1 3 2 2 4 
2 1 2 2 1 3 3 4 3 2 3 1 1 1 3 4 3 1 1 2 2 3 3 1 3 1 3 2 2 3 3 4 (2) 3 3 1 4 4 3 4 2 4 3 1 3 4 3 2 1 2 3 4 3 3 2 4 3 4 3 3 2 4 4 1 3 2 2 4 
END BESTPAIRS1


Haplotype estimates for each individual, with uncertain phases enclosed in ()
and uncertain genotypes enclosed in []
with phase known positions indicated by =

BEGIN BESTPAIRS2
0 Individual0
= = = = = = = = = = = = = = = = = = = = = = = = = = = = = = = = = = = = = = = = = = = = = = = = = = = = = = = = = = = = = = = = = = = = 
= = = = = = = = = = = = = = = = = = = = = = = = = = = = = = = = = = = = = = = = = = = = = = = = = = = = = = = = = = = = = = = = = = = = 
0 Individual1
= = = = = = = = = = 1 = = = = = = = = = = = = = = = = = = = = = = = = = = = = = = = = = = = = = = = = = = = = = = = = = = = = = = = = = 
= = = = = = = = = = 3 = = = = = = = = = = = = = = = = = = = = = = = = = = = = = = = = = = = = = = = = = = = = = = = = = = = = = = = = = 
0 Individual10
= = = = = 1 = = = = = = = = = = = = = 4 = 3 = = = = = = = (3) = = = 3 = = = = 3 = = = = = = (2) = = = = = 4 = 3 = 2 = = 4 = = = = = = = = = 
= = = = = 3 = = = = = = = = = = = = = 2 = 1 = = = = = = = (1) = = = 1 = = = = 4 = = = = = = (4) = = = = = 2 = 1 = 4 = = 1 = = = = = = = = = 
0 Individual11
= = 4 = = 1 = 4 = 4 = = 3 = 1 2 1 = 1 4 = = 1 3 = = = = 1 1 1 2 = 1 = = = = = (4) 4 2 = = 1 = = = = 4 = = = = = 2 1 = = = = 1 2 = = = = = 
= = 2 = = 3 = 2 = 2 = = 1 = 3 4 3 = 3 2 = = 3 1 = = = = 2 3 3 4 = 3 = = = = = (1) 2 4 = = 3 = = = = 2 = = = = = 4 3 = = = = 4 4 = = = = = 
0 Individual12
= 1 = = = = = 2 = = = = = = = = = = 3 = = = = = = = = = = = 3 4 = = = = = = = = = = = = 3 (4) 1 = = = = = = = 2 = = = = = = = = = = = = = 
= 3 = = = = = 4 = = = = = = = = = = 1 = = = = = = = = = = = 1 2 = = = = = = = = = = = = 1 (2) 3 = = = = = = = 4 = = = = = = = = = = = = = 
0 Individual13
= = 4 = = 1 = = = 4 1 = 3 = 1 2 1 = = 4 = = 1 3 = = = = 1 1 1 2 = 1 = = = = = = 4 2 = = 1 = = (2) = 4 = = = = = 2 1 = 1 = = 1 2 = = = = = 
= = 2 = = 3 = = = 2 3 = 1 = 3 4 3 = = 2 = = 3 1 = = = = 2 3 3 4 = 3 = = = = = = 2 4 = = 3 = = (4) = 2 = = = = = 4 3 = 3 = = 2 4 = = = = = 
0 Individual14
= = = = = 1 = = = = = = = = = = = = = 4 = 3 = = = = = = = = = = = 3 = = = = 3 = = = = = = = = = = = = 4 = 3 = 2 = = 4 = = = = = = = = = 
= = = = = 3 = = = = = = = = = = = = = 2 = 1 = = = = = = = = = = = 1 = = = = 4 = = = = = = = = = = = = 2 = 1 = 4 = = 1 = = = = = = = = = 
0 Individual15
= 1 4 = = 1 = = = 4 = = 3 = = 2 = = = 4 = = 1 3 = = = = 1 1 = = = = = = = = = = 4 2 (3) = = = = = = 4 = = = = 2 2 1 = 4 = = 1 2 = = = = = 
= 3 2 = = 3 = = = 2 = = 1 = = 4 = = = 2 = = 3 1 = = = = 2 3 = = = = = = = = = = 2 4 (2) = = = = = = 2 = = = = 4 4 3 = 1 = = 4 4 = = = = = 
0 Individual16
= = = = = = = = = = = = = = = = = = = = = = = = = = = = = = = = = = = = = = = = = = = = = = = = = = = = = = = = = = = = = = = = = = = = 
= = = = = = = = = = = = = = = = = = = = = = = = = = = = = = = = = = = = = = = = = = = = = = = = = = = = = = = = = = = = = = = = = = = = 
0 Individual17
= = = = = = = = = = = = = = 3 = 3 = = = = = = = = = = = = = = = = 3 = = = = = = = = = = = = = = = = = = = = = = = = 4 = = = = = = = = = 
= = = = = = = = = = = = = = 1 = 1 = = = = = = = = = = = = = = = = 1 = = = = = = = = = = = = = = = = = = = = = = = = 1 = = = = = = = = = 
0 Individual18
= = = = = = = = = = = = = = = = = = = = = = = = = = = = = = = = = = = = = = = = = = = = = = = = = = = = = = = = = = = = = = = = 3 = = = 
= = = = = = = = = = = = = = = = = = = = = = = = = = = = = = = = = = = = = = = = = = = = = = = = = = = = = = = = = = = = = = = = 1 = = = 
0 Individual19
(2) 1 = = = = = = = = = = = = = = = = = = = = = = 1 = = = = = = = = = = = = = = = = = = = = = = = 3 = = = 1 = 2 = = = = = = = = = = = = = 
(3) 3 = = = = = = = = = = = = = = = = = = = = = = 3 = = = = = = = = = = = = = = = = = = = = = = = 1 = = = 3 = 4 = = = = = = = = = = = = = 
0 Individual2
= 1 4 = = 1 = = = 4 = = 3 = 1 2 1 1 = 4 = = 1 3 = = = = 1 1 = = = 1 = = = 4 = = 4 2 = = = = = = = 4 = = = = 2 2 1 = = = 2 1 2 = = = = = 
= 3 2 = = 3 = = = 2 = = 1 = 3 4 3 3 = 2 = = 3 1 = = = = 2 3 = = = 3 = = = 2 = = 2 4 = = = = = = = 2 = = = = 4 4 3 = = = 4 4 4 = = = = = 
0 Individual20
= = = = = = = = = = 1 = = = = = = = = = = = = = 1 = = = = = 1 2 = = = = = = = = = = = = 1 = = = 3 = = = 1 = = = = = 1 = = = = = = = = = 
= = = = = = = = = = 3 = = = = = = = = = = = = = 3 = = = = = 3 4 = = = = = = = = = = = = 3 = = = 1 = = = 3 = = = = = 3 = = = = = = = = = 
0 Individual21
= = 4 = = 1 = = = 4 = = 3 = = 2 = = = 4 = = 1 3 3 = = = 1 1 = = = = = = = = = = 4 = = = = = = = 1 4 (1) = 3 = = 2 1 = 4 = = 1 2 = = = = = 
= = 2 = = 3 = = = 2 = = 1 = = 4 = = = 2 = = 3 1 1 = = = 2 3 = = = = = = = = = = 2 = = = = = = = 3 2 (3) = 1 = = 4 3 = 1 = = 4 4 = = = = = 
0 Individual22
= = 4 = = 1 = = = 4 = = 3 = 1 2 1 = = 4 = = 1 3 3 = = = 1 1 = = = 1 = = = = = = 4 2 = = = = = = 1 4 = = 3 = = 2 1 = = = = 1 2 = = = (4) = 
= = 2 = = 3 = = = 2 = = 1 = 3 4 3 = = 2 = = 3 1 1 = = = 2 3 = = = 3 = = = = = = 2 4 = = = = = = 3 2 = = 1 = = 4 3 = = = = 4 4 = = = (2) = 
0 Individual23
= = = = = = = = = = = = = = = = = = = = = = = = = = = = = = = = = = = = (4) = = = = = = = = = = = = = = = 3 = = = = = = = = = = = = = 2 = 
= = = = = = = = = = = = = = = = = = = = = = = = = = = = = = = = = = = = (2) = = = = = = = = = = = = = = = 1 = = = = = = = = = = = = = 4 = 
0 Individual24
= 1 = = = = = = = = = = = = = = = = = = = = = = 1 = = = = = = = = = = = = = = = = = = = = = = = 3 = = = 1 = 2 = = = = = = = = = = = = = 
= 3 = = = = = = = = = = = = = = = = = = = = = = 3 = = = = = = = = = = = = = = = = = = = = = = = 1 = = = 3 = 4 = = = = = = = = = = = = = 
0 Individual25
= = = = = = = = = = = (1) = = = = = = = = = = = = = = = = = = = = = = = = = = = = = = = = = = = = = = (3) = = = = = = = = = = = = = = (2) = = 
= = = = = = = = = = = (3) = = = = = = = = = = = = = = = = = = = = = = = = = = = = = = = = = = = = = = (1) = = = = = = = = = = = = = = (4) = = 
0 Individual26
= = = = = = = = (3) = = = = = 3 = 3 = = = = = = = = = = = = = = = = 3 = = = = = = = = = (1) = = = = = = = = 3 = = = = = 4 = = = = = = = 2 = 
= = = = = = = = (1) = = = = = 1 = 1 = = = = = = = = = = = = = = = = 1 = = = = = = = = = (3) = = = = = = = = 1 = = = = = 1 = = = = = = = 4 = 
0 Individual27
= = = = = = = = = = = = = = = = = = = = = = = = = = = = = = = = = = = = = = = = = = = = = = = = = = = = = = = = = = = = = = = = = = = = 
= = = = = = = = = = = = = = = = = = = = = = = = = = = = = = = = = = = = = = = = = = = = = = = = = = = = = = = = = = = = = = = = = = = = 
0 Individual28
= = = = = = = = = = = = = = = = = = = = = = = = = = (3) = 2 = = = = = = = = = = = = = = = = = = = = = = = = = = = = = = = = = = = = = = = 
= = = = = = = = = = = = = = = = = = = = = = = = = = (1) = 4 = = = = = = = = = = = = = = = = = = = = = = = = = = = = = = = = = = = = = = = 
0 Individual29
= = = = = = = = = = = = = = = = = 1 = = = = = = = = = = = = = = = = = = = 4 = = = = = = = = = = = = = = = = = = = = = (1) 2 = = = = = = = 
= = = = = = = = = = = = = = = = = 3 = = = = = = = = = = = = = = = = = = = 2 = = = = = = = = = = = = = = = = = = = = = (3) 4 = = = = = = = 
0 Individual3
= = 4 = = 1 = = = 4 1 = 3 = 1 2 1 = = 4 = = 1 3 = = = = 1 1 1 2 = 1 = = = = = = 4 2 = = 1 = = = = 4 = = = = = 2 1 = 1 = = 1 2 = = = = = 
= = 2 = = 3 = = = 2 3 = 1 = 3 4 3 = = 2 = = 3 1 = = = = 2 3 3 4 = 3 = = = = = = 2 4 = = 3 = = = = 2 = = = = = 4 3 = 3 = = 4 4 = = = = = 
0 Individual30
= = 4 = = 1 = = = 4 = = 3 = = 2 = = = 4 = = 1 3 3 = = = 1 1 = = = = = = = = = = 4 2 = = = = = = 1 4 = = 3 = = 2 1 = 4 = = 1 2 = = = = = 
= = 2 = = 3 = = = 2 = = 1 = = 4 = = = 2 = = 3 1 1 = = = 2 3 = = = = = = = = = = 2 4 = = = = = = 3 2 = = 1 = = 4 3 = 1 = = 4 4 = = = = = 
0 Individual31
= = = = = = = = = = = = = = = = = = = = = = = = = = = = = = = = = = = 1 = = = = = = = = = = = = = = = = = = = = = = = = = = = = = = = = 
= = = = = = = = = = = = = = = = = = = = = = = = = = = = = = = = = = = 3 = = = = = = = = = = = = = = = = = = = = = = = = = = = = = = = = 
0 Individual32
= 1 4 = = 1 = = = 4 = = 3 = 1 2 1 1 = 4 = = 1 3 = = = = 1 1 = = = 1 = = = 4 = = 4 2 = = = = = = = 4 = = = = 2 2 1 = = = 2 1 2 (3) = = 4 = 
= 3 2 = = 3 = = = 2 = = 1 = 3 4 3 3 = 2 = = 3 1 = = = = 2 3 = = = 3 = = = 2 = = 2 4 = = = = = = = 2 = = = = 4 4 3 = = = 4 4 4 (1) = = 2 = 
0 Individual33
= = = = (1) = = = = = = = = = = = = = = = = = = = = 2 = 4 = = = = = = (3) = = = = = = = = = = = (1) = = = = = = = = = = = = = = = = = = = = (2) 
= = = = (3) = = = = = = = = = = = = = = = = = = = = 1 = 2 = = = = = = (2) = = = = = = = = = = = (3) = = = = = = = = = = = = = = = = = = = = (4) 
0 Individual34
= = 4 (2) = 1 = 4 = 4 = = 3 = 1 2 1 = 1 4 = = 1 3 = = = = 1 1 1 2 = 1 = = = = = = 4 2 = = 1 = 3 = = 4 = = = = = 2 1 = = = = 1 2 = = = = = 
= = 2 (4) = 3 = 2 = 2 = = 1 = 3 4 3 = 3 2 = = 3 1 = = = = 2 3 3 4 = 3 = = = = = = 2 4 = = 3 = 1 = = 2 = = = = = 4 3 = = = = 4 4 = = = = = 
0 Individual4
= 1 = = = = (2) 2 = = = = = = = = = = 3 = = = = = = 2 = 4 = = 3 4 = = = = = = = = = = = = 3 = 1 = = = = = = = 2 = = (2) = = = = = = = = = = 
= 3 = = = = (3) 4 = = = = = = = = = = 1 = = = = = = 1 = 2 = = 1 2 = = = = = = = = = = = = 1 = 3 = = = = = = = 4 = = (4) = = = = = = = = = = 
0 Individual5
= = = = = = = 4 = = 3 = = = = = = = 1 = = = = = = = = = = = = = = = = = = = = = = = = = = = 3 = = = = = = = = = = = 3 = = = = = = = = = 
= = = = = = = 2 = = 1 = = = = = = = 3 = = = = = = = = = = = = = = = = = = = = = = = = = = = 1 = = = = = = = = = = = 1 = = = = = = = = = 
0 Individual6
= = = = = = = = = = = = = = = = = = = = = = = = = = = = 1 = = = = = = = = = = = = = = = = = = = = = = = = = = = = = = = = = = = = = = = 
= = = = = = = = = = = = = = = = = = = = = = = = = = = = 3 = = = = = = = = = = = = = = = = = = = = = = = = = = = = = = = = = = = = = = = 
0 Individual7
= = 4 = = 1 = = = 4 = = 3 = = 2 = = = 4 = = 1 3 3 = = = 1 1 = = = = = = = = = = 4 2 = = = = = = 1 4 = = 3 = = 2 1 = 4 = = 1 2 = = = = = 
= = 2 = = 3 = = = 2 = = 1 = = 4 = = = 2 = = 3 1 1 = = = 2 3 = = = = = = = = = = 2 4 = = = = = = 3 2 = = 1 = = 4 3 = 1 = = 4 4 = = = = = 
0 Individual8
= 1 = = = = = = = = 3 = = = = = = 1 = = = = = = = = = = = = 3 4 = = = = = 4 = = = = = = 3 = = = = = = = = = 2 = = = 3 = 2 = = = = = = = 
= 3 = = = = = = = = 1 = = = = = = 3 = = = = = = = = = = = = 1 2 = = = = = 2 = = = = = = 1 = = = = = = = = = 4 = = = 1 = 4 = = = = = = = 
0 Individual9
= = 4 = = 1 = = = 4 1 = 3 = = 2 = = = 4 = = 1 3 = = = = 1 1 1 2 (4) = = = = = = = 4 2 = = 1 = = = = 4 = = = = = 2 1 = 4 = = 1 2 = = = = = 
= = 2 = = 3 = = = 2 3 = 1 = = 4 = = = 2 = = 3 1 = = = = 2 3 3 4 (2) = = = = = = = 2 4 = = 3 = = = = 2 = = = = = 4 3 = 3 = = 4 4 = = = = = 
END BESTPAIRS2


Phase probabilities at each site
with phase known positions indicated by =
and missing data positions indicated by ?

BEGIN PHASEPROBS
= = = = = = = = = = = = = = = = = = = = = = = = = = = = = = = = = = = = = = = = = = = = = = = = = = = = = = = = = = = = = = = = = = = = 
= = = = = = = = = = 1.00 = = = = = = = = = = = = = = = = = = = = = = = = = = = = = = = = = = = = = = = = = = = = = = = = = = = = = = = = = 
= = = = = 1.00 = = = = = = = = = = = = = 1.00 = 1.00 = = = = = = = 0.50 = = = 1.00 = = = = 1.00 = = = = = = 0.50 = = = = = 1.00 = 1.00 = 1.00 = = 1.00 = = = = = = = = = 
= = 1.00 = = 1.00 = 1.00 = 1.00 = = 1.00 = 1.00 1.00 1.00 = 1.00 1.00 = = 1.00 1.00 = = = = 1.00 1.00 1.00 1.00 = 1.00 = = = = = 0.65 1.00 1.00 = = 1.00 = = = = 1.00 = = = = = 1.00 1.00 = = = = 1.00 1.00 = = = = = 
= 1.00 = = = = = 1.00 = = = = = = = = = = 1.00 = = = = = = = = = = = 1.00 1.00 = = = = = = = = = = = = 1.00 0.50 1.00 = = = = = = = 1.00 = = = = = = = = = = = = = 
= = 1.00 = = 1.00 = = = 1.00 1.00 = 1.00 = 1.00 1.00 1.00 = = 1.00 = = 1.00 1.00 = = = = 1.00 1.00 1.00 1.00 = 1.00 = = = = = = 1.00 1.00 = = 1.00 = = 0.77 = 1.00 = = = = = 1.00 1.00 = 1.00 = = 1.00 1.00 = = = = = 
= = = = = 1.00 = = = = = = = = = = = = = 1.00 = 1.00 = = = = = = = = = = = 1.00 = = = = 1.00 = = = = = = = = = = = = 1.00 = 1.00 = 1.00 = = 1.00 = = = = = = = = = 
= 1.00 1.00 = = 1.00 = = = 1.00 = = 1.00 = = 1.00 = = = 1.00 = = 1.00 1.00 = = = = 1.00 1.00 = = = = = = = = = = 1.00 1.00 0.50 = = = = = = 1.00 = = = = 1.00 1.00 1.00 = 1.00 = = 1.00 1.00 = = = = = 
= = = = = = = = = = = = = = = = = = = = = = = = = = = = = = = = = = = = = = = = = = = = = = = = = = = = = = = = = = = = = = = = = = = = 
= = = = = = = = = = = = = = 1.00 = 1.00 = = = = = = = = = = = = = = = = 1.00 = = = = = = = = = = = = = = = = = = = = = = = = 1.00 = = = = = = = = = 
= = = = = = = = = = = = = = = = = = = = = = = = = = = = = = = = = = = = = = = = = = = = = = = = = = = = = = = = = = = = = = = = 1.00 = = = 
0.50 1.00 = = = = = = = = = = = = = = = = = = = = = = 1.00 = = = = = = = = = = = = = = = = = = = = = = = 1.00 = = = 1.00 = 1.00 = = = = = = = = = = = = = 
= 1.00 1.00 = = 1.00 = = = 1.00 = = 1.00 = 1.00 1.00 1.00 1.00 = 1.00 = = 1.00 1.00 = = = = 1.00 1.00 = = = 1.00 = = = 1.00 = = 1.00 1.00 = = = = = = = 1.00 = = = = 1.00 1.00 1.00 = = = 1.00 1.00 1.00 = = = = = 
= = = = = = = = = = 1.00 = = = = = = = = = = = = = 1.00 = = = = = 1.00 1.00 = = = = = = = = = = = = 1.00 = = = 1.00 = = = 1.00 = = = = = 1.00 = = = = = = = = = 
= = 1.00 = = 1.00 = = = 1.00 = = 1.00 = = 1.00 = = = 1.00 = = 1.00 1.00 1.00 = = = 1.00 1.00 = = = = = = = = = = 1.00 = = = = = = = 1.00 1.00 0.72 = 1.00 = = 1.00 1.00 = 1.00 = = 1.00 1.00 = = = = = 
= = 1.00 = = 1.00 = = = 1.00 = = 1.00 = 1.00 1.00 1.00 = = 1.00 = = 1.00 1.00 1.00 = = = 1.00 1.00 = = = 1.00 = = = = = = 1.00 1.00 = = = = = = 1.00 1.00 = = 1.00 = = 1.00 1.00 = = = = 1.00 1.00 = = = 0.69 = 
= = = = = = = = = = = = = = = = = = = = = = = = = = = = = = = = = = = = 0.61 = = = = = = = = = = = = = = = 1.00 = = = = = = = = = = = = = 1.00 = 
= 1.00 = = = = = = = = = = = = = = = = = = = = = = 1.00 = = = = = = = = = = = = = = = = = = = = = = = 1.00 = = = 1.00 = 1.00 = = = = = = = = = = = = = 
= = = = = = = = = = = 0.84 = = = = = = = = = = = = = = = = = = = = = = = = = = = = = = = = = = = = = = 0.84 = = = = = = = = = = = = = = 0.84 = = 
= = = = = = = = 0.61 = = = = = 1.00 = 1.00 = = = = = = = = = = = = = = = = 1.00 = = = = = = = = = 0.61 = = = = = = = = 1.00 = = = = = 1.00 = = = = = = = 1.00 = 
= = = = = = = = = = = = = = = = = = = = = = = = = = = = = = = = = = = = = = = = = = = = = = = = = = = = = = = = = = = = = = = = = = = = 
= = = = = = = = = = = = = = = = = = = = = = = = = = 0.77 = 1.00 = = = = = = = = = = = = = = = = = = = = = = = = = = = = = = = = = = = = = = = 
= = = = = = = = = = = = = = = = = 1.00 = = = = = = = = = = = = = = = = = = = 1.00 = = = = = = = = = = = = = = = = = = = = = 0.50 1.00 = = = = = = = 
= = 1.00 = = 1.00 = = = 1.00 1.00 = 1.00 = 1.00 1.00 1.00 = = 1.00 = = 1.00 1.00 = = = = 1.00 1.00 1.00 1.00 = 1.00 = = = = = = 1.00 1.00 = = 1.00 = = = = 1.00 = = = = = 1.00 1.00 = 1.00 = = 1.00 1.00 = = = = = 
= = 1.00 = = 1.00 = = = 1.00 = = 1.00 = = 1.00 = = = 1.00 = = 1.00 1.00 1.00 = = = 1.00 1.00 = = = = = = = = = = 1.00 1.00 = = = = = = 1.00 1.00 = = 1.00 = = 1.00 1.00 = 1.00 = = 1.00 1.00 = = = = = 
= = = = = = = = = = = = = = = = = = = = = = = = = = = = = = = = = = = 1.00 = = = = = = = = = = = = = = = = = = = = = = = = = = = = = = = = 
= 1.00 1.00 = = 1.00 = = = 1.00 = = 1.00 = 1.00 1.00 1.00 1.00 = 1.00 = = 1.00 1.00 = = = = 1.00 1.00 = = = 1.00 = = = 1.00 = = 1.00 1.00 = = = = = = = 1.00 = = = = 1.00 1.00 1.00 = = = 1.00 1.00 1.00 0.55 = = 1.00 = 
= = = = 0.82 = = = = = = = = = = = = = = = = = = = = 1.00 = 1.00 = = = = = = 0.82 = = = = = = = = = = = 0.82 = = = = = = = = = = = = = = = = = = = = 0.70 
= = 1.00 0.50 = 1.00 = 1.00 = 1.00 = = 1.00 = 1.00 1.00 1.00 = 1.00 1.00 = = 1.00 1.00 = = = = 1.00 1.00 1.00 1.00 = 1.00 = = = = = = 1.00 1.00 = = 1.00 = 1.00 = = 1.00 = = = = = 1.00 1.00 = = = = 1.00 1.00 = = = = = 
= 1.00 = = = = 0.57 1.00 = = = = = = = = = = 1.00 = = = = = = 0.92 = 0.92 = = 1.00 1.00 = = = = = = = = = = = = 1.00 = 1.00 = = = = = = = 1.00 = = 0.55 = = = = = = = = = = 
= = = = = = = 1.00 = = 1.00 = = = = = = = 1.00 = = = = = = = = = = = = = = = = = = = = = = = = = = = 1.00 = = = = = = = = = = = 1.00 = = = = = = = = = 
= = = = = = = = = = = = = = = = = = = = = = = = = = = = 1.00 = = = = = = = = = = = = = = = = = = = = = = = = = = = = = = = = = = = = = = = 
= = 1.00 = = 1.00 = = = 1.00 = = 1.00 = = 1.00 = = = 1.00 = = 1.00 1.00 1.00 = = = 1.00 1.00 = = = = = = = = = = 1.00 1.00 = = = = = = 1.00 1.00 = = 1.00 = = 1.00 1.00 = 1.00 = = 1.00 1.00 = = = = = 
= 1.00 = = = = = = = = 1.00 = = = = = = 1.00 = = = = = = = = = = = = 1.00 1.00 = = = = = 1.00 = = = = = = 1.00 = = = = = = = = = 1.00 = = = 1.00 = 1.00 = = = = = = = 
= = 1.00 = = 1.00 = = = 1.00 1.00 = 1.00 = = 1.00 = = = 1.00 = = 1.00 1.00 = = = = 1.00 1.00 1.00 1.00 0.50 = = = = = = = 1.00 1.00 = = 1.00 = = = = 1.00 = = = = = 1.00 1.00 = 1.00 = = 1.00 1.00 = = = = = 
END PHASEPROBS
