*************************************************************
****                                                     ****
****            Output from PHASE v2.1.1                 ****
****  Code by M Stephens, with contributions from N Li   ****
****                                                     ****
*************************************************************

BEGIN COMMAND_LINE 
/home/yann/proj/phase.2.1.1.linux/PHASE phase.inp phase.out 
END COMMAND_LINE 

BEGIN OUTFILE_LIST
phase.out_freqs : haplotype frequency estimates
phase.out_pairs : most likely haplotype pairs for each individual
phase.out_recom : estimates of recombination parameters
phase.out_monitor : file for monitoring convergence
END OUTFILE_LIST

BEGIN INPUT_SUMMARY
Number of Individuals: 20
Number of Loci: 45
Positions of loci: 3 10 13 25 34 40 45 47 48 61 65 68 71 72 79 80 86 88 89 93 110 112 115 131 136 143 144 147 150 154 164 175 177 206 216 228 233 234 236 241 243 259 264 278 296 
END INPUT_SUMMARY

List of haplotypes found in best reconstruction, with counts.
(See file phase.out_freqs for haplotype population frequency estimates)

BEGIN LIST_SUMMARY
         1 212231224223123314232223414342443423244133443    4.000000
         2 412231224223123314232223414342443423244133443    1.000000
         3 412231224223123314232223414344443423241133441    1.000000
         4 412231224223123314232223414344243421241133421    1.000000
         5 412231244223123314232423414344443421241133441    1.000000
         6 412233224223123314232223414342441423241133441    2.000000
         7 412233224223123314232223434342443423241133441    1.000000
         8 412233224223123114432223414342443423241133441    2.000000
         9 412233222223123314232223414342443423241133441    1.000000
        10 412213424223121334232223412142441443241133241    3.000000
        11 412213424223121334232221412142441443241113241    2.000000
        12 412213424223121334212223412342441443241133241    1.000000
        13 412433224223123314232243414342421423241131441    5.000000
        14 412433224223123334232223414342421423241131441    1.000000
        15 414233224423121314232223414342441223241133241    3.000000
        16 414233224423121314232223414342441223421133241    1.000000
        17 414233224423121314232223414342441223441433241    1.000000
        18 414233224423141314232223414342441223241133241    2.000000
        19 414233224423141314232223414322441223241133241    1.000000
        20 414233224423321314232223414342441223241133241    1.000000
        21 414233224423321312232223414342441223241133241    1.000000
        22 414233224421121314232223214342441223241133241    1.000000
        23 414233224413141314234223414342441223241133241    1.000000
        24 432233224223123314232223414342421423241133441    2.000000
END LIST_SUMMARY


Summary of best reconstruction
(numbers refer to the list of haplotypes given above)

BEGIN BESTPAIRS_SUMMARY
Individual0: (1,16)
Individual1: (6,15)
Individual10: (7,13)
Individual11: (9,13)
Individual12: (12,20)
Individual13: (10,15)
Individual14: (1,13)
Individual15: (10,22)
Individual16: (18,23)
Individual17: (8,11)
Individual18: (18,24)
Individual19: (1,1)
Individual2: (3,5)
Individual3: (13,15)
Individual4: (6,21)
Individual5: (2,10)
Individual6: (13,17)
Individual7: (4,24)
Individual8: (8,19)
Individual9: (11,14)
END BESTPAIRS_SUMMARY


Haplotype estimates for each individual, with uncertain phases enclosed in ()
and uncertain genotypes enclosed in []:

BEGIN BESTPAIRS1
0 Individual0
2 1 2 2 3 1 2 2 4 2 2 3 1 2 3 3 1 4 2 3 2 2 2 3 4 1 4 3 4 2 4 4 3 4 2 3 (2) (4) 4 1 3 3 4 4 3 
4 1 4 2 3 3 2 2 4 4 2 3 1 2 1 3 1 4 2 3 2 2 2 3 4 1 4 3 4 2 4 4 1 2 2 3 (4) (2) 1 1 3 3 2 4 1 
0 Individual1
4 1 2 2 3 3 2 2 4 2 2 3 1 2 3 3 1 4 2 3 2 2 2 3 4 1 4 3 4 2 4 4 1 4 2 3 2 4 1 1 3 3 4 4 1 
4 1 4 2 3 3 2 2 4 4 2 3 1 2 1 3 1 4 2 3 2 2 2 3 4 1 4 3 4 2 4 4 1 2 2 3 2 4 1 1 3 3 2 4 1 
0 Individual10
4 1 2 2 3 3 2 2 4 2 2 3 1 2 3 3 1 4 2 3 2 2 2 3 4 (3) 4 3 4 2 4 4 3 4 2 3 2 4 1 1 3 3 4 4 1 
4 1 2 4 3 3 2 2 4 2 2 3 1 2 3 3 1 4 2 3 2 2 4 3 4 (1) 4 3 4 2 4 2 1 4 2 3 2 4 1 1 3 1 4 4 1 
0 Individual11
4 1 2 2 3 3 2 2 (2) 2 2 3 1 2 3 3 1 4 2 3 2 2 2 3 4 1 4 3 4 2 4 4 3 4 2 3 2 4 1 1 3 3 4 4 1 
4 1 2 4 3 3 2 2 (4) 2 2 3 1 2 3 3 1 4 2 3 2 2 4 3 4 1 4 3 4 2 4 2 1 4 2 3 2 4 1 1 3 1 4 4 1 
0 Individual12
4 1 2 2 1 3 4 2 4 2 2 3 (1) 2 1 3 3 4 2 (1) 2 2 2 3 4 1 2 3 4 2 4 4 1 4 4 3 2 4 1 1 3 3 2 4 1 
4 1 4 2 3 3 2 2 4 4 2 3 (3) 2 1 3 1 4 2 (3) 2 2 2 3 4 1 4 3 4 2 4 4 1 2 2 3 2 4 1 1 3 3 2 4 1 
0 Individual13
4 1 2 2 1 3 4 2 4 2 2 3 1 2 1 3 3 4 2 3 2 2 2 3 4 1 2 1 4 2 4 4 1 4 4 3 2 4 1 1 3 3 2 4 1 
4 1 4 2 3 3 2 2 4 4 2 3 1 2 1 3 1 4 2 3 2 2 2 3 4 1 4 3 4 2 4 4 1 2 2 3 2 4 1 1 3 3 2 4 1 
0 Individual14
2 1 2 2 3 1 2 2 4 2 2 3 1 2 3 3 1 4 2 3 2 2 2 3 4 1 4 3 4 2 4 4 3 4 2 3 2 4 4 1 3 3 4 4 3 
4 1 2 4 3 3 2 2 4 2 2 3 1 2 3 3 1 4 2 3 2 2 4 3 4 1 4 3 4 2 4 2 1 4 2 3 2 4 1 1 3 1 4 4 1 
0 Individual15
4 1 2 2 1 3 4 2 4 2 2 (3) 1 2 1 3 3 4 2 3 2 2 2 3 (4) 1 2 1 4 2 4 4 1 4 4 3 2 4 1 1 3 3 2 4 1 
4 1 4 2 3 3 2 2 4 4 2 (1) 1 2 1 3 1 4 2 3 2 2 2 3 (2) 1 4 3 4 2 4 4 1 2 2 3 2 4 1 1 3 3 2 4 1 
0 Individual16
4 1 4 2 3 3 2 2 4 4 (2) 3 1 4 1 3 1 4 2 3 2 2 2 3 4 1 4 3 4 2 4 4 1 2 2 3 2 4 1 1 3 3 2 4 1 
4 1 4 2 3 3 2 2 4 4 (1) 3 1 4 1 3 1 4 2 3 4 2 2 3 4 1 4 3 4 2 4 4 1 2 2 3 2 4 1 1 3 3 2 4 1 
0 Individual17
4 1 2 2 3 3 2 2 4 2 2 3 1 2 3 1 1 4 4 3 2 2 2 3 4 1 4 3 4 2 4 4 3 4 2 3 2 4 1 1 3 3 4 4 1 
4 1 2 2 1 3 4 2 4 2 2 3 1 2 1 3 3 4 2 3 2 2 2 1 4 1 2 1 4 2 4 4 1 4 4 3 2 4 1 1 1 3 2 4 1 
0 Individual18
4 (1) 4 2 3 3 2 2 4 4 2 3 1 4 1 3 1 4 2 3 2 2 2 3 4 1 4 3 4 2 4 (4) 1 2 2 3 2 4 1 1 3 3 2 4 1 
4 (3) 2 2 3 3 2 2 4 2 2 3 1 2 3 3 1 4 2 3 2 2 2 3 4 1 4 3 4 2 4 (2) 1 4 2 3 2 4 1 1 3 3 4 4 1 
0 Individual19
2 1 2 2 3 1 2 2 4 2 2 3 1 2 3 3 1 4 2 3 2 2 2 3 4 1 4 3 4 2 4 4 3 4 2 3 2 4 4 1 3 3 4 4 3 
2 1 2 2 3 1 2 2 4 2 2 3 1 2 3 3 1 4 2 3 2 2 2 3 4 1 4 3 4 2 4 4 3 4 2 3 2 4 4 1 3 3 4 4 3 
0 Individual2
4 1 2 2 3 1 2 (2) 4 2 2 3 1 2 3 3 1 4 2 3 2 (2) 2 3 4 1 4 3 4 4 4 4 3 4 2 (3) 2 4 1 1 3 3 4 4 1 
4 1 2 2 3 1 2 (4) 4 2 2 3 1 2 3 3 1 4 2 3 2 (4) 2 3 4 1 4 3 4 4 4 4 3 4 2 (1) 2 4 1 1 3 3 4 4 1 
0 Individual3
4 1 2 4 3 3 2 2 4 2 2 3 1 2 3 3 1 4 2 3 2 2 4 3 4 1 4 3 4 2 4 2 1 4 2 3 2 4 1 1 3 1 4 4 1 
4 1 4 2 3 3 2 2 4 4 2 3 1 2 1 3 1 4 2 3 2 2 2 3 4 1 4 3 4 2 4 4 1 2 2 3 2 4 1 1 3 3 2 4 1 
0 Individual4
4 1 2 2 3 3 2 2 4 2 2 3 (1) 2 3 3 1 (4) 2 3 2 2 2 3 4 1 4 3 4 2 4 4 1 4 2 3 2 4 1 1 3 3 4 4 1 
4 1 4 2 3 3 2 2 4 4 2 3 (3) 2 1 3 1 (2) 2 3 2 2 2 3 4 1 4 3 4 2 4 4 1 2 2 3 2 4 1 1 3 3 2 4 1 
0 Individual5
4 1 2 2 3 1 2 2 4 2 2 3 1 2 3 3 1 4 2 3 2 2 2 3 4 1 4 3 4 2 4 4 3 4 2 3 2 4 4 1 3 3 4 4 3 
4 1 2 2 1 3 4 2 4 2 2 3 1 2 1 3 3 4 2 3 2 2 2 3 4 1 2 1 4 2 4 4 1 4 4 3 2 4 1 1 3 3 2 4 1 
0 Individual6
4 1 2 4 3 3 2 2 4 2 2 3 1 2 3 3 1 4 2 3 2 2 4 3 4 1 4 3 4 2 4 2 1 4 2 3 (2) 4 1 (1) 3 1 4 4 1 
4 1 4 2 3 3 2 2 4 4 2 3 1 2 1 3 1 4 2 3 2 2 2 3 4 1 4 3 4 2 4 4 1 2 2 3 (4) 4 1 (4) 3 3 2 4 1 
0 Individual7
4 1 2 2 3 1 2 2 4 2 2 3 1 2 3 3 1 4 2 3 2 2 2 3 4 1 4 3 4 4 (2) 4 3 4 2 1 2 4 1 1 3 3 4 (2) 1 
4 3 2 2 3 3 2 2 4 2 2 3 1 2 3 3 1 4 2 3 2 2 2 3 4 1 4 3 4 2 (4) 2 1 4 2 3 2 4 1 1 3 3 4 (4) 1 
0 Individual8
4 1 2 2 3 3 2 2 4 2 2 3 1 2 3 1 1 4 4 3 2 2 2 3 4 1 4 3 (4) 2 4 4 3 4 2 3 2 4 1 1 3 3 4 4 1 
4 1 4 2 3 3 2 2 4 4 2 3 1 4 1 3 1 4 2 3 2 2 2 3 4 1 4 3 (2) 2 4 4 1 2 2 3 2 4 1 1 3 3 2 4 1 
0 Individual9
4 1 2 2 1 3 4 2 4 2 2 3 1 2 1 3 3 4 2 3 2 2 2 1 4 1 2 1 4 2 4 4 1 4 4 3 2 4 1 1 1 3 2 4 1 
4 1 2 4 3 3 2 2 4 2 2 3 1 2 3 3 3 4 2 3 2 2 2 3 4 1 4 3 4 2 4 2 1 4 2 3 2 4 1 1 3 1 4 4 1 
END BESTPAIRS1


Haplotype estimates for each individual, with uncertain phases enclosed in ()
and uncertain genotypes enclosed in []
with phase known positions indicated by =

BEGIN BESTPAIRS2
0 Individual0
2 = 2 = = 1 = = = 2 = = = = 3 = = = = = = = = = = = = = = = = = 3 4 = = (2) (4) 4 = = = 4 = 3 
4 = 4 = = 3 = = = 4 = = = = 1 = = = = = = = = = = = = = = = = = 1 2 = = (4) (2) 1 = = = 2 = 1 
0 Individual1
= = 2 = = = = = = 2 = = = = 3 = = = = = = = = = = = = = = = = = = 4 = = = = = = = = 4 = = 
= = 4 = = = = = = 4 = = = = 1 = = = = = = = = = = = = = = = = = = 2 = = = = = = = = 2 = = 
0 Individual10
= = = 2 = = = = = = = = = = = = = = = = = = 2 = = (3) = = = = = 4 3 = = = = = = = = 3 = = = 
= = = 4 = = = = = = = = = = = = = = = = = = 4 = = (1) = = = = = 2 1 = = = = = = = = 1 = = = 
0 Individual11
= = = 2 = = = = (2) = = = = = = = = = = = = = 2 = = = = = = = = 4 3 = = = = = = = = 3 = = = 
= = = 4 = = = = (4) = = = = = = = = = = = = = 4 = = = = = = = = 2 1 = = = = = = = = 1 = = = 
0 Individual12
= = 2 = 1 = 4 = = 2 = = (1) = = = 3 = = (1) = = = = = = 2 = = = = = = 4 4 = = = = = = = = = = 
= = 4 = 3 = 2 = = 4 = = (3) = = = 1 = = (3) = = = = = = 4 = = = = = = 2 2 = = = = = = = = = = 
0 Individual13
= = 2 = 1 = 4 = = 2 = = = = = = 3 = = = = = = = = = 2 1 = = = = = 4 4 = = = = = = = = = = 
= = 4 = 3 = 2 = = 4 = = = = = = 1 = = = = = = = = = 4 3 = = = = = 2 2 = = = = = = = = = = 
0 Individual14
2 = = 2 = 1 = = = = = = = = = = = = = = = = 2 = = = = = = = = 4 3 = = = = = 4 = = 3 = = 3 
4 = = 4 = 3 = = = = = = = = = = = = = = = = 4 = = = = = = = = 2 1 = = = = = 1 = = 1 = = 1 
0 Individual15
= = 2 = 1 = 4 = = 2 = (3) = = = = 3 = = = = = = = (4) = 2 1 = = = = = 4 4 = = = = = = = = = = 
= = 4 = 3 = 2 = = 4 = (1) = = = = 1 = = = = = = = (2) = 4 3 = = = = = 2 2 = = = = = = = = = = 
0 Individual16
= = = = = = = = = = (2) = = = = = = = = = 2 = = = = = = = = = = = = = = = = = = = = = = = = 
= = = = = = = = = = (1) = = = = = = = = = 4 = = = = = = = = = = = = = = = = = = = = = = = = 
0 Individual17
= = = = 3 = 2 = = = = = = = 3 1 1 = 4 = = = = 3 = = 4 3 = = = = 3 = 2 = = = = = 3 = 4 = = 
= = = = 1 = 4 = = = = = = = 1 3 3 = 2 = = = = 1 = = 2 1 = = = = 1 = 4 = = = = = 1 = 2 = = 
0 Individual18
= (1) 4 = = = = = = 4 = = = 4 1 = = = = = = = = = = = = = = = = (4) = 2 = = = = = = = = 2 = = 
= (3) 2 = = = = = = 2 = = = 2 3 = = = = = = = = = = = = = = = = (2) = 4 = = = = = = = = 4 = = 
0 Individual19
= = = = = = = = = = = = = = = = = = = = = = = = = = = = = = = = = = = = = = = = = = = = = 
= = = = = = = = = = = = = = = = = = = = = = = = = = = = = = = = = = = = = = = = = = = = = 
0 Individual2
= = = = = = = (2) = = = = = = = = = = = = = (2) = = = = = = = = = = = = = (3) = = = = = = = = = 
= = = = = = = (4) = = = = = = = = = = = = = (4) = = = = = = = = = = = = = (1) = = = = = = = = = 
0 Individual3
= = 2 4 = = = = = 2 = = = = 3 = = = = = = = 4 = = = = = = = = 2 = 4 = = = = = = = 1 4 = = 
= = 4 2 = = = = = 4 = = = = 1 = = = = = = = 2 = = = = = = = = 4 = 2 = = = = = = = 3 2 = = 
0 Individual4
= = 2 = = = = = = 2 = = (1) = 3 = = (4) = = = = = = = = = = = = = = = 4 = = = = = = = = 4 = = 
= = 4 = = = = = = 4 = = (3) = 1 = = (2) = = = = = = = = = = = = = = = 2 = = = = = = = = 2 = = 
0 Individual5
= = = = 3 1 2 = = = = = = = 3 = 1 = = = = = = = = = 4 3 = = = = 3 = 2 = = = 4 = = = 4 = 3 
= = = = 1 3 4 = = = = = = = 1 = 3 = = = = = = = = = 2 1 = = = = 1 = 4 = = = 1 = = = 2 = 1 
0 Individual6
= = 2 4 = = = = = 2 = = = = 3 = = = = = = = 4 = = = = = = = = 2 = 4 = = (2) = = (1) = 1 4 = = 
= = 4 2 = = = = = 4 = = = = 1 = = = = = = = 2 = = = = = = = = 4 = 2 = = (4) = = (4) = 3 2 = = 
0 Individual7
= 1 = = = 1 = = = = = = = = = = = = = = = = = = = = = = = 4 (2) 4 3 = = 1 = = = = = = = (2) = 
= 3 = = = 3 = = = = = = = = = = = = = = = = = = = = = = = 2 (4) 2 1 = = 3 = = = = = = = (4) = 
0 Individual8
= = 2 = = = = = = 2 = = = 2 3 1 = = 4 = = = = = = = = = (4) = = = 3 4 = = = = = = = = 4 = = 
= = 4 = = = = = = 4 = = = 4 1 3 = = 2 = = = = = = = = = (2) = = = 1 2 = = = = = = = = 2 = = 
0 Individual9
= = = 2 1 = 4 = = = = = = = 1 = = = = = = = = 1 = = 2 1 = = = 4 = = 4 = = = = = 1 3 2 = = 
= = = 4 3 = 2 = = = = = = = 3 = = = = = = = = 3 = = 4 3 = = = 2 = = 2 = = = = = 3 1 4 = = 
END BESTPAIRS2


Phase probabilities at each site
with phase known positions indicated by =
and missing data positions indicated by ?

BEGIN PHASEPROBS
1.00 = 1.00 = = 1.00 = = = 1.00 = = = = 1.00 = = = = = = = = = = = = = = = = = 1.00 1.00 = = 0.67 0.51 1.00 = = = 1.00 = 1.00 
= = 1.00 = = = = = = 1.00 = = = = 1.00 = = = = = = = = = = = = = = = = = = 1.00 = = = = = = = = 1.00 = = 
= = = 1.00 = = = = = = = = = = = = = = = = = = 1.00 = = 0.58 = = = = = 1.00 1.00 = = = = = = = = 1.00 = = = 
= = = 1.00 = = = = 0.58 = = = = = = = = = = = = = 1.00 = = = = = = = = 1.00 1.00 = = = = = = = = 1.00 = = = 
= = 1.00 = 1.00 = 1.00 = = 1.00 = = 0.53 = = = 1.00 = = 0.67 = = = = = = 1.00 = = = = = = 1.00 1.00 = = = = = = = = = = 
= = 1.00 = 1.00 = 1.00 = = 1.00 = = = = = = 1.00 = = = = = = = = = 1.00 1.00 = = = = = 1.00 1.00 = = = = = = = = = = 
1.00 = = 1.00 = 1.00 = = = = = = = = = = = = = = = = 1.00 = = = = = = = = 1.00 1.00 = = = = = 1.00 = = 1.00 = = 1.00 
= = 1.00 = 1.00 = 1.00 = = 1.00 = 0.50 = = = = 1.00 = = = = = = = 0.50 = 1.00 1.00 = = = = = 1.00 1.00 = = = = = = = = = = 
= = = = = = = = = = 0.65 = = = = = = = = = 1.00 = = = = = = = = = = = = = = = = = = = = = = = = 
= = = = 1.00 = 1.00 = = = = = = = 1.00 1.00 1.00 = 1.00 = = = = 1.00 = = 1.00 1.00 = = = = 1.00 = 1.00 = = = = = 1.00 = 1.00 = = 
= 0.90 1.00 = = = = = = 1.00 = = = 0.92 1.00 = = = = = = = = = = = = = = = = 0.90 = 1.00 = = = = = = = = 1.00 = = 
= = = = = = = = = = = = = = = = = = = = = = = = = = = = = = = = = = = = = = = = = = = = = 
= = = = = = = 0.82 = = = = = = = = = = = = = 0.81 = = = = = = = = = = = = = 0.70 = = = = = = = = = 
= = 1.00 1.00 = = = = = 1.00 = = = = 1.00 = = = = = = = 1.00 = = = = = = = = 1.00 = 1.00 = = = = = = = 1.00 1.00 = = 
= = 1.00 = = = = = = 1.00 = = 0.65 = 1.00 = = 0.50 = = = = = = = = = = = = = = = 1.00 = = = = = = = = 1.00 = = 
= = = = 1.00 1.00 1.00 = = = = = = = 1.00 = 1.00 = = = = = = = = = 1.00 1.00 = = = = 1.00 = 1.00 = = = 1.00 = = = 1.00 = 1.00 
= = 1.00 1.00 = = = = = 1.00 = = = = 1.00 = = = = = = = 1.00 = = = = = = = = 1.00 = 1.00 = = 0.64 = = 0.51 = 1.00 1.00 = = 
= 0.92 = = = 1.00 = = = = = = = = = = = = = = = = = = = = = = = 1.00 0.61 0.94 1.00 = = 1.00 = = = = = = = 0.62 = 
= = 1.00 = = = = = = 1.00 = = = 0.94 1.00 1.00 = = 1.00 = = = = = = = = = 0.50 = = = 1.00 1.00 = = = = = = = = 1.00 = = 
= = = 1.00 1.00 = 1.00 = = = = = = = 1.00 = = = = = = = = 1.00 = = 1.00 1.00 = = = 1.00 = = 1.00 = = = = = 1.00 1.00 1.00 = = 
END PHASEPROBS
