*************************************************************
****                                                     ****
****            Output from PHASE v2.1.1                 ****
****  Code by M Stephens, with contributions from N Li   ****
****                                                     ****
*************************************************************

BEGIN COMMAND_LINE 
/home/yann/proj/phase.2.1.1.linux/PHASE phase.inp phase.out 
END COMMAND_LINE 

BEGIN OUTFILE_LIST
phase.out_freqs : haplotype frequency estimates
phase.out_pairs : most likely haplotype pairs for each individual
phase.out_recom : estimates of recombination parameters
phase.out_monitor : file for monitoring convergence
END OUTFILE_LIST

BEGIN INPUT_SUMMARY
Number of Individuals: 50
Number of Loci: 63
Positions of loci: 4 12 13 16 20 23 25 29 33 37 50 53 54 59 61 68 72 82 86 88 101 103 110 113 123 124 127 130 131 141 150 153 169 173 175 176 178 182 183 185 189 191 196 203 216 217 223 224 226 231 233 234 239 241 242 250 256 258 266 270 277 278 282 
END INPUT_SUMMARY

List of haplotypes found in best reconstruction, with counts.
(See file phase.out_freqs for haplotype population frequency estimates)

BEGIN LIST_SUMMARY
         1 242414342311241212414333 3 322134 1 2344231411114114114122334434323    3.000000
         2 242414342311241212414333 3 324134 1 2344231213114114114124334434323    2.000000
         3 242414342311241412414333 3 324134 1 2344231213114114114324334434323    1.000000
         4 242414342311241412414333 3 324134 1 2344231213114114114324334234323    2.000000
         5 242414342311241412414333 3 324134 1 2344231213114112114344334234323    1.000000
         6 242414342311241412414333 3 324132 1 2344231213114114134324334434323    1.000000
         7 242434342313241212414333 3 324134 1 2344231213114114114124334434323    3.000000
         8 422414142311241212414133 3 322134 1 2344231413114114114124314434343    2.000000
         9 422414142311241212414133 3 322134 1 2344231413114114114124334434343    4.000000
        10 422414142311241212414133 3 322134 1 2344231413114114134124334434343    1.000000
        11 422414142311241212414133 3 322134 1 2344231413114114314124314434343    7.000000
        12 422414142311241212414131 3 322234 1 2344231413112114114124334434343    1.000000
        13 422414142311241212412133 3 322134 1 2344231413114114114124334434343    1.000000
        14 422414142311241232414133 3 322134 1 2344231413114114314124314434343    2.000000
        15 422414142311241232414133 3 322134 1 2344211413144114314124314434343    2.000000
        16 422414142311241232414133 3 322134 3 2344211413114114314124314434343    3.000000
        17 422414142311241232414133 3 322114 1 2344211413144114314124314434343    1.000000
        18 422414144311241212414133 3 322134 1 2344231413114114312124312434343    1.000000
        19 422414342331241212414333 3 322134 1 2344231413114134114124334434323    7.000000
        20 422414342331221212414333 3 322134 1 2344231413114134114124334434323    1.000000
        21 422414342331221212414333 3 122134 1 2342231413114134114124334434323    1.000000
        22 422414342111241212414333 3 322134 1 4344231413114134114124334414323    1.000000
        23 422414322311241212414333 1 322134 1 4344231413114134114124334414323    4.000000
        24 422414322311241212414333 1 322134 1 4344231413114134114124134414323    1.000000
        25 422414322311241212414333 1 322134 1 4344233413114134114124334414323    9.000000
        26 422414322311241212414333 1 322134 1 4344233413114134114124334412323    1.000000
        27 422414322311241212414333 1 322134 1 4344233413114134134124334414323    1.000000
        28 422414322311241212414333 1 322132 1 4344233413114134114124334414323    1.000000
        29 422414322311243212414333 1 322134 1 4344233413114134114124334414323    1.000000
        30 422412142311241232414133 3 322134 1 2344411413144114314124314434343    1.000000
        31 424414342311241212414333 3 342134 4 2344231413114134114124334434323    1.000000
        32 424414342311241212414333 3 342134 4 2344231413114134114124334434123    1.000000
        33 442414342311241212414333 3 322134 1 2344231411114114114122334434323    1.000000
        34 442414342311241212414333 3 322134 1 2344231411114114112122334434323    2.000000
        35 442414342311241212414333 3 322134 1 2344231411114314114122334434323    2.000000
        36 442414342311241212414333 3 322134 1 2344211431114114114122334434323    1.000000
        37 442414342311241212414333 3 322134 1 2324231411114114114122334434323    2.000000
        38 442414342311241212414333 3 322134 1 2324231411114114114122334434321    1.000000
        39 442414342311241212414333 3 322134 3 2344231413114114114122334434323    8.000000
        40 442414342311241212434333 3 322134 3 2344231413314114114122334434323    4.000000
        41 442414342311241212434333 4 322134 3 2344231413314114114122334434323    1.000000
        42 442414342311241212214333 3 322134 1 2344231411114114114122334434323    1.000000
        43 442414342311241214414313 3 322134 3 2144231413114114114122334434323    6.000000
        44 442414342311441212414333 3 322134 3 2344231413114114114122334434323    1.000000
        45 442214342311441212414333 3 322134 3 2344231413114114114122334434323    1.000000
END LIST_SUMMARY


Summary of best reconstruction
(numbers refer to the list of haplotypes given above)

BEGIN BESTPAIRS_SUMMARY
Individual0: (1,11)
Individual1: (8,9)
Individual10: (1,2)
Individual11: (16,29)
Individual12: (3,9)
Individual13: (7,12)
Individual14: (25,25)
Individual15: (34,43)
Individual16: (39,43)
Individual17: (2,39)
Individual18: (7,19)
Individual19: (25,44)
Individual2: (14,19)
Individual20: (11,15)
Individual21: (9,40)
Individual22: (15,32)
Individual23: (39,39)
Individual24: (1,21)
Individual25: (25,25)
Individual26: (16,45)
Individual27: (8,11)
Individual28: (7,19)
Individual29: (23,23)
Individual3: (17,40)
Individual30: (6,43)
Individual31: (11,40)
Individual32: (4,35)
Individual33: (22,25)
Individual34: (33,39)
Individual35: (11,43)
Individual36: (23,39)
Individual37: (9,37)
Individual38: (26,40)
Individual39: (23,34)
Individual4: (41,43)
Individual40: (28,39)
Individual41: (5,19)
Individual42: (25,36)
Individual43: (38,39)
Individual44: (4,37)
Individual45: (10,14)
Individual46: (11,30)
Individual47: (13,43)
Individual48: (11,18)
Individual49: (25,42)
Individual5: (19,27)
Individual6: (20,31)
Individual7: (25,35)
Individual8: (19,24)
Individual9: (16,19)
END BESTPAIRS_SUMMARY


Haplotype estimates for each individual, with uncertain phases enclosed in ()
and uncertain genotypes enclosed in []:

BEGIN BESTPAIRS1
0 Individual0
2 4 2 4 1 4 3 4 2 3 1 1 2 4 1 2 1 2 4 1 4 3 3 3 3 3 2 2 1 3 4 1 2 3 4 4 2 3 1 4 1 1 1 1 4 1 1 4 1 1 4 1 2 2 3 3 4 4 3 4 3 2 3 
4 2 2 4 1 4 1 4 2 3 1 1 2 4 1 2 1 2 4 1 4 1 3 3 3 3 2 2 1 3 4 1 2 3 4 4 2 3 1 4 1 3 1 1 4 1 1 4 3 1 4 1 2 4 3 1 4 4 3 4 3 4 3 
0 Individual1
4 2 2 4 1 4 1 4 2 3 1 1 2 4 1 2 1 2 4 1 4 1 3 3 3 3 2 2 1 3 4 1 2 3 4 4 2 3 1 4 1 3 1 1 4 1 1 4 1 1 4 1 2 4 3 1 4 4 3 4 3 4 3 
4 2 2 4 1 4 1 4 2 3 1 1 2 4 1 2 1 2 4 1 4 1 3 3 3 3 2 2 1 3 4 1 2 3 4 4 2 3 1 4 1 3 1 1 4 1 1 4 1 1 4 1 2 4 3 3 4 4 3 4 3 4 3 
0 Individual10
2 4 2 4 1 4 3 4 2 3 1 1 2 4 1 2 1 2 4 1 4 3 3 3 3 3 2 2 1 3 4 1 2 3 4 4 2 3 1 4 1 1 1 1 4 1 1 4 1 1 4 1 2 2 3 3 4 4 3 4 3 2 3 
2 4 2 4 1 4 3 4 2 3 1 1 2 4 1 2 1 2 4 1 4 3 3 3 3 3 2 4 1 3 4 1 2 3 4 4 2 3 1 2 1 3 1 1 4 1 1 4 1 1 4 1 2 4 3 3 4 4 3 4 3 2 3 
0 Individual11
4 2 2 4 1 4 1 4 2 3 1 1 2 4 (1) 2 3 2 4 1 4 1 3 3 3 3 2 2 1 3 4 3 2 3 4 4 2 1 1 4 1 3 1 1 4 1 1 4 3 1 4 1 2 4 3 1 4 4 3 4 3 4 3 
4 2 2 4 1 4 3 2 2 3 1 1 2 4 (3) 2 1 2 4 1 4 3 3 3 1 3 2 2 1 3 4 1 4 3 4 4 2 3 3 4 1 3 1 1 4 1 3 4 1 1 4 1 2 4 3 3 4 4 1 4 3 2 3 
0 Individual12
2 4 2 4 1 4 3 4 2 3 1 1 2 4 1 4 1 2 4 1 4 3 3 3 3 3 2 4 1 3 4 1 2 3 4 4 2 3 1 2 1 3 1 1 4 1 1 4 1 1 4 3 2 4 3 3 4 4 3 4 3 2 3 
4 2 2 4 1 4 1 4 2 3 1 1 2 4 1 2 1 2 4 1 4 1 3 3 3 3 2 2 1 3 4 1 2 3 4 4 2 3 1 4 1 3 1 1 4 1 1 4 1 1 4 1 2 4 3 3 4 4 3 4 3 4 3 
0 Individual13
2 4 2 4 3 4 3 4 2 3 1 3 2 4 1 2 1 2 4 1 4 3 3 (3) 3 3 2 4 (1) 3 4 1 2 3 4 4 2 3 1 2 1 3 1 1 (4) 1 1 4 1 1 4 1 2 4 3 3 4 4 3 4 3 2 3 
4 2 2 4 1 4 1 4 2 3 1 1 2 4 1 2 1 2 4 1 4 1 3 (1) 3 3 2 2 (2) 3 4 1 2 3 4 4 2 3 1 4 1 3 1 1 (2) 1 1 4 1 1 4 1 2 4 3 3 4 4 3 4 3 4 3 
0 Individual14
4 2 2 4 1 4 3 2 2 3 1 1 2 4 1 2 1 2 4 1 4 3 3 3 1 3 2 2 1 3 4 1 4 3 4 4 2 3 3 4 1 3 1 1 4 1 3 4 1 1 4 1 2 4 3 3 4 4 1 4 3 2 3 
4 2 2 4 1 4 3 2 2 3 1 1 2 4 1 2 1 2 4 1 4 3 3 3 1 3 2 2 1 3 4 1 4 3 4 4 2 3 3 4 1 3 1 1 4 1 3 4 1 1 4 1 2 4 3 3 4 4 1 4 3 2 3 
0 Individual15
4 4 2 4 1 4 3 4 2 3 1 1 2 4 1 2 1 2 4 1 4 3 3 3 3 3 2 2 1 3 4 1 2 3 4 4 2 3 1 4 1 1 1 1 4 1 1 4 1 1 2 1 2 2 3 3 4 4 3 4 3 2 3 
4 4 2 4 1 4 3 4 2 3 1 1 2 4 1 2 1 4 4 1 4 3 1 3 3 3 2 2 1 3 4 3 2 1 4 4 2 3 1 4 1 3 1 1 4 1 1 4 1 1 4 1 2 2 3 3 4 4 3 4 3 2 3 
0 Individual16
4 4 2 4 1 4 3 4 2 3 1 1 2 4 1 2 1 2 4 1 4 3 3 3 3 3 2 2 1 3 4 3 2 3 4 4 2 3 1 4 1 3 1 1 4 1 1 4 1 1 4 1 2 2 3 3 4 4 3 4 3 2 3 
4 4 2 4 1 4 3 4 2 3 1 1 2 4 1 2 1 4 4 1 4 3 1 3 3 3 2 2 1 3 4 3 2 1 4 4 2 3 1 4 1 3 1 1 4 1 1 4 1 1 4 1 2 2 3 3 4 4 3 4 3 2 3 
0 Individual17
2 4 2 4 1 4 3 4 2 3 1 1 2 4 1 2 1 2 4 1 4 3 3 3 3 3 2 4 1 3 4 1 2 3 4 4 2 3 1 2 1 3 1 1 4 1 1 4 1 1 4 1 2 4 3 3 4 4 3 4 3 2 3 
4 4 2 4 1 4 3 4 2 3 1 1 2 4 1 2 1 2 4 1 4 3 3 3 3 3 2 2 1 3 4 3 2 3 4 4 2 3 1 4 1 3 1 1 4 1 1 4 1 1 4 1 2 2 3 3 4 4 3 4 3 2 3 
0 Individual18
2 4 2 4 3 4 3 4 2 3 1 3 2 4 1 2 1 2 4 1 4 3 3 3 3 3 2 4 1 3 4 1 2 3 4 4 2 3 1 2 1 3 1 1 4 1 1 4 1 1 4 1 2 4 3 3 4 4 3 4 3 2 3 
4 2 2 4 1 4 3 4 2 3 3 1 2 4 1 2 1 2 4 1 4 3 3 3 3 3 2 2 1 3 4 1 2 3 4 4 2 3 1 4 1 3 1 1 4 1 3 4 1 1 4 1 2 4 3 3 4 4 3 4 3 2 3 
0 Individual19
4 2 2 4 1 4 3 2 2 3 1 1 (2) 4 1 2 1 2 4 1 4 3 3 3 1 3 2 2 1 3 4 1 4 3 4 4 2 3 3 4 1 3 1 1 4 1 3 4 1 1 4 1 2 4 3 3 4 4 1 4 3 2 3 
4 4 2 4 1 4 3 4 2 3 1 1 (4) 4 1 2 1 2 4 1 4 3 3 3 3 3 2 2 1 3 4 3 2 3 4 4 2 3 1 4 1 3 1 1 4 1 1 4 1 1 4 1 2 2 3 3 4 4 3 4 3 2 3 
0 Individual2
4 2 2 4 1 4 1 4 2 3 1 1 2 4 1 2 (3) 2 4 1 4 1 3 3 3 3 2 2 1 3 4 1 2 3 4 4 2 3 1 4 1 3 1 1 4 1 1 4 3 1 4 1 2 4 3 1 4 4 3 4 3 4 3 
4 2 2 4 1 4 3 4 2 3 3 1 2 4 1 2 (1) 2 4 1 4 3 3 3 3 3 2 2 1 3 4 1 2 3 4 4 2 3 1 4 1 3 1 1 4 1 3 4 1 1 4 1 2 4 3 3 4 4 3 4 3 2 3 
0 Individual20
4 2 2 4 1 4 1 4 2 3 1 1 2 4 1 2 1 2 4 1 4 1 3 3 3 3 2 2 1 3 4 1 2 3 4 4 2 3 1 4 1 3 1 1 4 1 1 4 3 1 4 1 2 4 3 1 4 4 3 4 3 4 3 
4 2 2 4 1 4 1 4 2 3 1 1 2 4 1 2 3 2 4 1 4 1 3 3 3 3 2 2 1 3 4 1 2 3 4 4 2 1 1 4 1 3 1 4 4 1 1 4 3 1 4 1 2 4 3 1 4 4 3 4 3 4 3 
0 Individual21
4 2 2 4 1 4 1 4 2 3 1 1 2 4 1 2 1 2 4 1 4 1 3 3 3 3 2 2 1 3 4 1 2 3 4 4 2 3 1 4 1 3 1 1 4 1 1 4 1 1 4 1 2 4 3 3 4 4 3 4 3 4 3 
4 4 2 4 1 4 3 4 2 3 1 1 2 4 1 2 1 2 4 3 4 3 3 3 3 3 2 2 1 3 4 3 2 3 4 4 2 3 1 4 1 3 3 1 4 1 1 4 1 1 4 1 2 2 3 3 4 4 3 4 3 2 3 
0 Individual22
4 2 2 4 1 4 1 4 2 3 1 1 2 4 1 2 3 2 4 1 4 1 3 3 3 3 2 2 1 3 4 1 2 3 4 4 2 1 1 4 1 3 1 4 4 1 1 4 3 1 4 1 2 4 3 1 4 4 3 4 (3) 4 3 
4 2 4 4 1 4 3 4 2 3 1 1 2 4 1 2 1 2 4 1 4 3 3 3 3 3 4 2 1 3 4 4 2 3 4 4 2 3 1 4 1 3 1 1 4 1 3 4 1 1 4 1 2 4 3 3 4 4 3 4 (1) 2 3 
0 Individual23
4 4 2 4 1 4 3 4 2 3 1 1 2 4 1 2 1 2 4 1 4 3 3 3 3 3 2 2 1 3 4 3 2 3 4 4 2 3 1 4 1 3 1 1 4 1 1 4 1 1 4 1 2 2 3 3 4 4 3 4 3 2 3 
4 4 2 4 1 4 3 4 2 3 1 1 2 4 1 2 1 2 4 1 4 3 3 3 3 3 2 2 1 3 4 3 2 3 4 4 2 3 1 4 1 3 1 1 4 1 1 4 1 1 4 1 2 2 3 3 4 4 3 4 3 2 3 
0 Individual24
2 4 2 4 1 4 3 4 2 3 1 1 2 (4) 1 2 1 2 4 1 4 3 3 3 3 (3) 2 2 1 3 4 1 2 3 4 (4) 2 3 1 4 1 1 1 1 4 1 1 4 1 1 4 1 2 2 3 3 4 4 3 4 3 2 3 
4 2 2 4 1 4 3 4 2 3 3 1 2 (2) 1 2 1 2 4 1 4 3 3 3 3 (1) 2 2 1 3 4 1 2 3 4 (2) 2 3 1 4 1 3 1 1 4 1 3 4 1 1 4 1 2 4 3 3 4 4 3 4 3 2 3 
0 Individual25
4 2 2 4 1 4 3 2 2 3 1 1 2 4 1 2 1 2 4 1 4 3 3 3 1 3 2 2 1 3 4 1 4 3 4 4 2 3 3 4 1 3 1 1 4 1 3 4 1 1 4 1 2 4 3 3 4 4 1 4 3 2 3 
4 2 2 4 1 4 3 2 2 3 1 1 2 4 1 2 1 2 4 1 4 3 3 3 1 3 2 2 1 3 4 1 4 3 4 4 2 3 3 4 1 3 1 1 4 1 3 4 1 1 4 1 2 4 3 3 4 4 1 4 3 2 3 
0 Individual26
4 2 2 (4) 1 4 1 4 2 3 1 1 2 4 1 2 3 2 4 1 4 1 3 3 3 3 2 2 1 3 4 3 2 3 4 4 2 1 1 4 1 3 1 1 4 1 1 4 3 1 4 1 2 4 3 1 4 4 3 4 3 4 3 
4 4 2 (2) 1 4 3 4 2 3 1 1 4 4 1 2 1 2 4 1 4 3 3 3 3 3 2 2 1 3 4 3 2 3 4 4 2 3 1 4 1 3 1 1 4 1 1 4 1 1 4 1 2 2 3 3 4 4 3 4 3 2 3 
0 Individual27
4 2 2 4 1 4 1 4 2 3 1 1 2 4 1 2 1 2 4 1 4 1 3 3 3 3 2 2 1 3 4 1 2 3 4 4 2 3 1 4 1 3 1 1 4 1 1 4 1 1 4 1 2 4 3 1 4 4 3 4 3 4 3 
4 2 2 4 1 4 1 4 2 3 1 1 2 4 1 2 1 2 4 1 4 1 3 3 3 3 2 2 1 3 4 1 2 3 4 4 2 3 1 4 1 3 1 1 4 1 1 4 3 1 4 1 2 4 3 1 4 4 3 4 3 4 3 
0 Individual28
2 4 2 4 3 4 3 4 2 3 1 3 2 4 1 2 1 2 4 1 4 3 3 3 3 3 2 4 1 3 4 1 2 3 4 4 2 3 1 2 1 3 1 1 4 1 1 4 1 1 4 1 2 4 3 3 4 4 3 4 3 2 3 
4 2 2 4 1 4 3 4 2 3 3 1 2 4 1 2 1 2 4 1 4 3 3 3 3 3 2 2 1 3 4 1 2 3 4 4 2 3 1 4 1 3 1 1 4 1 3 4 1 1 4 1 2 4 3 3 4 4 3 4 3 2 3 
0 Individual29
4 2 2 4 1 4 3 2 2 3 1 1 2 4 1 2 1 2 4 1 4 3 3 3 1 3 2 2 1 3 4 1 4 3 4 4 2 3 1 4 1 3 1 1 4 1 3 4 1 1 4 1 2 4 3 3 4 4 1 4 3 2 3 
4 2 2 4 1 4 3 2 2 3 1 1 2 4 1 2 1 2 4 1 4 3 3 3 1 3 2 2 1 3 4 1 4 3 4 4 2 3 1 4 1 3 1 1 4 1 3 4 1 1 4 1 2 4 3 3 4 4 1 4 3 2 3 
0 Individual3
4 2 2 4 1 4 1 4 2 3 1 1 2 4 1 2 3 2 4 1 4 1 3 3 3 3 2 2 1 (1) 4 1 2 3 4 4 2 1 1 4 1 3 1 4 4 1 1 4 3 1 4 1 2 4 3 1 4 4 3 4 3 4 3 
4 4 2 4 1 4 3 4 2 3 1 1 2 4 1 2 1 2 4 3 4 3 3 3 3 3 2 2 1 (3) 4 3 2 3 4 4 2 3 1 4 1 3 3 1 4 1 1 4 1 1 4 1 2 2 3 3 4 4 3 4 3 2 3 
0 Individual30
2 4 2 4 1 4 3 4 2 3 1 1 2 4 1 4 1 2 4 1 4 3 3 3 3 3 2 4 1 3 (2) 1 2 3 4 4 2 3 1 2 1 3 1 1 4 1 1 4 1 (3) 4 3 2 4 3 3 4 4 3 4 3 2 3 
4 4 2 4 1 4 3 4 2 3 1 1 2 4 1 2 1 4 4 1 4 3 1 3 3 3 2 2 1 3 (4) 3 2 1 4 4 2 3 1 4 1 3 1 1 4 1 1 4 1 (1) 4 1 2 2 3 3 4 4 3 4 3 2 3 
0 Individual31
4 2 2 4 1 4 1 4 2 3 1 1 2 4 1 2 1 2 4 1 4 1 3 3 3 3 2 2 1 3 4 1 2 3 4 4 2 3 1 4 1 3 1 1 4 1 1 4 3 1 4 1 2 4 3 1 4 4 3 4 3 4 3 
4 4 2 4 1 4 3 4 2 3 1 1 2 4 1 2 1 2 4 3 4 3 3 3 3 3 2 2 1 3 4 3 2 3 4 4 2 3 1 4 1 3 3 1 4 1 1 4 1 1 4 1 2 2 3 3 4 4 3 4 3 2 3 
0 Individual32
2 4 2 4 1 4 3 4 2 3 1 1 2 4 1 4 1 2 4 1 4 3 3 3 3 3 2 4 1 3 4 1 2 3 4 4 2 3 1 2 1 3 1 1 4 1 1 4 1 1 4 3 2 4 3 3 4 2 3 4 3 2 3 
4 4 2 4 1 4 3 4 2 3 1 1 2 4 1 2 1 2 4 1 4 3 3 3 3 3 2 2 1 3 4 1 2 3 4 4 2 3 1 4 1 1 1 1 4 3 1 4 1 1 4 1 2 2 3 3 4 4 3 4 3 2 3 
0 Individual33
4 2 2 4 1 4 3 (4) 2 (1) 1 1 2 4 1 2 1 2 4 1 4 3 3 3 (3) 3 2 2 1 3 4 1 4 3 4 4 2 3 (1) 4 1 3 1 1 4 1 3 4 1 1 4 1 2 4 3 3 4 4 1 4 3 2 3 
4 2 2 4 1 4 3 (2) 2 (3) 1 1 2 4 1 2 1 2 4 1 4 3 3 3 (1) 3 2 2 1 3 4 1 4 3 4 4 2 3 (3) 4 1 3 1 1 4 1 3 4 1 1 4 1 2 4 3 3 4 4 1 4 3 2 3 
0 Individual34
4 4 2 4 1 4 3 4 2 3 1 1 2 4 1 2 1 2 4 1 4 3 3 3 3 3 2 2 1 3 4 1 2 3 4 4 2 3 1 4 1 1 1 1 4 1 1 4 1 1 4 1 2 2 3 3 4 4 3 4 3 2 3 
4 4 2 4 1 4 3 4 2 3 1 1 2 4 1 2 1 2 4 1 4 3 3 3 3 3 2 2 1 3 4 3 2 3 4 4 2 3 1 4 1 3 1 1 4 1 1 4 1 1 4 1 2 2 3 3 4 4 3 4 3 2 3 
0 Individual35
4 2 2 4 1 4 1 4 2 3 1 1 2 4 1 2 1 2 4 1 4 1 3 3 3 3 2 2 1 3 4 1 2 3 4 4 2 3 1 4 1 3 1 1 4 1 1 4 3 1 4 1 2 4 3 1 4 4 3 4 3 4 3 
4 4 2 4 1 4 3 4 2 3 1 1 2 4 1 2 1 4 4 1 4 3 1 3 3 3 2 2 1 3 4 3 2 1 4 4 2 3 1 4 1 3 1 1 4 1 1 4 1 1 4 1 2 2 3 3 4 4 3 4 3 2 3 
0 Individual36
4 2 2 4 1 4 3 2 2 3 1 1 2 4 1 2 1 2 4 1 4 3 3 3 1 3 2 2 1 3 4 1 4 3 4 4 2 3 1 4 1 3 1 1 4 1 3 4 1 1 4 1 2 4 3 3 4 4 1 4 3 2 3 
4 4 2 4 1 4 3 4 2 3 1 1 2 4 1 2 1 2 4 1 4 3 3 3 3 3 2 2 1 3 4 3 2 3 4 4 2 3 1 4 1 3 1 1 4 1 1 4 1 1 4 1 2 2 3 3 4 4 3 4 3 2 3 
0 Individual37
4 2 2 4 1 4 1 4 2 3 1 1 2 4 1 2 1 2 4 1 4 1 3 3 3 3 2 2 1 3 4 1 2 3 4 4 2 3 1 4 1 3 1 1 4 1 1 4 1 1 4 1 2 4 3 3 4 4 3 4 3 4 3 
4 4 2 4 1 4 3 4 2 3 1 1 2 4 1 2 1 2 4 1 4 3 3 3 3 3 2 2 1 3 4 1 2 3 2 4 2 3 1 4 1 1 1 1 4 1 1 4 1 1 4 1 2 2 3 3 4 4 3 4 3 2 3 
0 Individual38
4 2 2 4 1 4 3 2 2 3 1 1 2 4 1 2 1 2 4 1 4 3 3 3 1 3 2 2 1 3 4 1 4 3 4 4 2 3 3 4 1 3 1 1 4 1 3 4 1 1 4 1 2 4 3 3 4 4 1 (2) 3 2 3 
4 4 2 4 1 4 3 4 2 3 1 1 2 4 1 2 1 2 4 3 4 3 3 3 3 3 2 2 1 3 4 3 2 3 4 4 2 3 1 4 1 3 3 1 4 1 1 4 1 1 4 1 2 2 3 3 4 4 3 (4) 3 2 3 
0 Individual39
4 2 2 4 1 4 3 2 2 3 1 1 2 4 1 2 1 2 4 1 4 3 3 3 1 3 2 2 1 3 4 1 4 3 4 4 2 3 1 4 1 3 1 1 4 1 3 4 1 1 4 1 2 4 3 3 4 4 1 4 3 2 3 
4 4 2 4 1 4 3 4 2 3 1 1 2 4 1 2 1 2 4 1 4 3 3 3 3 3 2 2 1 3 4 1 2 3 4 4 2 3 1 4 1 1 1 1 4 1 1 4 1 1 2 1 2 2 3 3 4 4 3 4 3 2 3 
0 Individual4
4 4 2 4 1 4 3 4 2 3 1 1 2 4 1 2 1 2 4 3 4 3 3 3 (4) 3 2 2 1 3 4 3 2 3 4 4 2 3 1 4 1 3 3 1 4 1 1 4 1 1 4 1 2 2 3 3 4 4 3 4 3 2 3 
4 4 2 4 1 4 3 4 2 3 1 1 2 4 1 2 1 4 4 1 4 3 1 3 (3) 3 2 2 1 3 4 3 2 1 4 4 2 3 1 4 1 3 1 1 4 1 1 4 1 1 4 1 2 2 3 3 4 4 3 4 3 2 3 
0 Individual40
4 2 2 4 1 4 3 2 2 3 1 1 2 4 1 2 1 2 4 1 4 3 3 3 1 3 2 2 1 3 (2) 1 4 3 4 4 2 3 3 4 1 3 1 1 4 1 3 4 1 1 4 1 2 4 3 3 4 4 1 4 3 2 3 
4 4 2 4 1 4 3 4 2 3 1 1 2 4 1 2 1 2 4 1 4 3 3 3 3 3 2 2 1 3 (4) 3 2 3 4 4 2 3 1 4 1 3 1 1 4 1 1 4 1 1 4 1 2 2 3 3 4 4 3 4 3 2 3 
0 Individual41
2 4 2 4 1 4 3 4 2 3 1 1 2 4 1 4 1 2 4 1 4 3 3 3 3 3 2 4 1 3 4 1 2 3 4 4 2 3 1 2 1 3 1 1 4 1 1 (2) 1 1 4 3 (4) 4 3 3 4 2 3 4 3 2 3 
4 2 2 4 1 4 3 4 2 3 3 1 2 4 1 2 1 2 4 1 4 3 3 3 3 3 2 2 1 3 4 1 2 3 4 4 2 3 1 4 1 3 1 1 4 1 3 (4) 1 1 4 1 (2) 4 3 3 4 4 3 4 3 2 3 
0 Individual42
4 2 2 4 1 4 3 2 2 3 1 1 2 4 1 2 1 2 4 1 4 3 3 3 1 3 2 2 1 3 4 1 4 3 4 4 2 (3) 3 4 (1) 3 1 1 4 1 3 4 1 1 4 1 2 4 3 3 4 4 1 4 3 2 3 
4 4 2 4 1 4 3 4 2 3 1 1 2 4 1 2 1 2 4 1 4 3 3 3 3 3 2 2 1 3 4 1 2 3 4 4 2 (1) 1 4 (3) 1 1 1 4 1 1 4 1 1 4 1 2 2 3 3 4 4 3 4 3 2 3 
0 Individual43
4 4 2 4 1 4 3 4 2 3 1 1 2 4 1 2 1 2 4 1 4 3 3 3 3 3 2 2 1 3 4 1 2 3 2 4 2 3 1 4 1 1 1 1 4 1 1 4 1 1 4 1 2 2 3 3 4 4 3 4 3 2 (1) 
4 4 2 4 1 4 3 4 2 3 1 1 2 4 1 2 1 2 4 1 4 3 3 3 3 3 2 2 1 3 4 3 2 3 4 4 2 3 1 4 1 3 1 1 4 1 1 4 1 1 4 1 2 2 3 3 4 4 3 4 3 2 (3) 
0 Individual44
2 4 2 4 1 4 3 4 2 3 1 1 2 4 1 4 1 2 4 1 4 3 3 3 3 3 2 4 1 3 4 1 2 3 4 4 2 3 1 2 1 3 1 1 4 1 1 4 1 1 4 3 2 4 3 3 4 2 3 4 3 2 3 
4 4 2 4 1 4 3 4 2 3 1 1 2 4 1 2 1 2 4 1 4 3 3 3 3 3 2 2 1 3 4 1 2 3 2 4 2 3 1 4 1 1 1 1 4 1 1 4 1 1 4 1 2 2 3 3 4 4 3 4 3 2 3 
0 Individual45
4 2 2 4 1 4 1 4 2 3 1 1 2 4 1 2 (1) 2 4 1 4 1 3 3 3 3 2 2 1 3 4 1 2 3 4 4 2 3 1 4 1 3 1 1 4 1 1 4 1 (3) 4 1 2 4 3 3 4 4 3 4 3 4 3 
4 2 2 4 1 4 1 4 2 3 1 1 2 4 1 2 (3) 2 4 1 4 1 3 3 3 3 2 2 1 3 4 1 2 3 4 4 2 3 1 4 1 3 1 1 4 1 1 4 3 (1) 4 1 2 4 3 1 4 4 3 4 3 4 3 
0 Individual46
4 2 2 4 1 (4) 1 4 2 3 1 1 2 4 1 2 1 2 4 1 4 1 3 3 3 3 2 2 1 3 4 1 2 3 4 4 (2) 3 1 4 1 3 1 1 4 1 1 4 3 1 4 1 2 4 3 1 4 4 3 4 3 4 3 
4 2 2 4 1 (2) 1 4 2 3 1 1 2 4 1 2 3 2 4 1 4 1 3 3 3 3 2 2 1 3 4 1 2 3 4 4 (4) 1 1 4 1 3 1 4 4 1 1 4 3 1 4 1 2 4 3 1 4 4 3 4 3 4 3 
0 Individual47
4 2 2 4 1 4 1 4 2 3 1 1 2 4 1 2 1 2 4 1 (2) 1 3 3 3 3 2 2 1 3 4 1 2 3 4 4 2 3 1 4 1 3 1 1 4 1 1 4 1 1 4 1 2 4 3 3 4 4 3 4 3 4 3 
4 4 2 4 1 4 3 4 2 3 1 1 2 4 1 2 1 4 4 1 (4) 3 1 3 3 3 2 2 1 3 4 3 2 1 4 4 2 3 1 4 1 3 1 1 4 1 1 4 1 1 4 1 2 2 3 3 4 4 3 4 3 2 3 
0 Individual48
4 2 2 4 1 4 1 4 (2) 3 1 1 2 4 1 2 1 2 4 1 4 1 3 3 3 3 2 2 1 3 4 1 2 3 4 4 2 3 1 4 1 3 1 1 4 1 1 4 3 1 (4) 1 2 4 3 1 (4) 4 3 4 3 4 3 
4 2 2 4 1 4 1 4 (4) 3 1 1 2 4 1 2 1 2 4 1 4 1 3 3 3 3 2 2 1 3 4 1 2 3 4 4 2 3 1 4 1 3 1 1 4 1 1 4 3 1 (2) 1 2 4 3 1 (2) 4 3 4 3 4 3 
0 Individual49
4 2 2 4 1 4 3 2 2 3 1 1 2 4 1 2 1 2 (4) 1 4 3 3 3 1 3 2 2 1 3 4 1 4 3 4 4 2 3 3 4 1 3 1 1 4 1 3 4 1 1 4 1 2 4 3 3 4 4 1 4 3 2 3 
4 4 2 4 1 4 3 4 2 3 1 1 2 4 1 2 1 2 (2) 1 4 3 3 3 3 3 2 2 1 3 4 1 2 3 4 4 2 3 1 4 1 1 1 1 4 1 1 4 1 1 4 1 2 2 3 3 4 4 3 4 3 2 3 
0 Individual5
4 2 2 4 1 4 3 4 2 3 3 1 2 4 1 2 1 2 4 1 4 3 3 3 3 3 2 2 1 3 4 1 2 3 4 4 2 3 1 4 1 3 1 1 4 1 3 4 1 (1) 4 1 2 4 3 3 4 4 3 4 3 2 3 
4 2 2 4 1 4 3 2 2 3 1 1 2 4 1 2 1 2 4 1 4 3 3 3 1 3 2 2 1 3 4 1 4 3 4 4 2 3 3 4 1 3 1 1 4 1 3 4 1 (3) 4 1 2 4 3 3 4 4 1 4 3 2 3 
0 Individual6
4 2 2 4 1 4 3 4 2 3 3 1 2 (2) 1 2 1 2 4 1 4 3 3 3 3 3 2 2 1 3 4 1 2 3 4 4 2 3 1 4 1 3 1 1 4 1 3 4 1 1 4 1 2 4 3 3 4 4 3 4 3 2 3 
4 2 4 4 1 4 3 4 2 3 1 1 2 (4) 1 2 1 2 4 1 4 3 3 3 3 3 4 2 1 3 4 4 2 3 4 4 2 3 1 4 1 3 1 1 4 1 3 4 1 1 4 1 2 4 3 3 4 4 3 4 3 2 3 
0 Individual7
4 2 2 4 1 4 3 2 2 3 1 1 2 4 1 2 1 2 4 1 4 3 3 3 1 3 2 2 1 3 4 1 4 3 4 4 2 3 3 4 1 3 1 1 4 1 3 4 1 1 4 1 2 4 3 3 4 4 1 4 3 2 3 
4 4 2 4 1 4 3 4 2 3 1 1 2 4 1 2 1 2 4 1 4 3 3 3 3 3 2 2 1 3 4 1 2 3 4 4 2 3 1 4 1 1 1 1 4 3 1 4 1 1 4 1 2 2 3 3 4 4 3 4 3 2 3 
0 Individual8
4 2 2 4 1 4 3 4 2 3 3 1 2 4 1 2 1 2 4 1 4 3 3 3 3 3 2 2 1 3 4 1 2 3 4 4 2 3 1 4 1 3 1 1 4 1 3 4 1 1 4 1 2 4 (3) 3 4 4 3 4 3 2 3 
4 2 2 4 1 4 3 2 2 3 1 1 2 4 1 2 1 2 4 1 4 3 3 3 1 3 2 2 1 3 4 1 4 3 4 4 2 3 1 4 1 3 1 1 4 1 3 4 1 1 4 1 2 4 (1) 3 4 4 1 4 3 2 3 
0 Individual9
4 2 2 4 1 4 1 4 2 3 1 1 2 4 1 2 3 2 4 1 4 1 3 3 3 3 2 2 1 3 4 3 2 3 4 4 2 1 1 4 1 3 1 1 4 1 1 4 3 1 4 1 2 4 3 1 4 4 3 4 3 4 3 
4 2 2 4 1 4 3 4 2 3 3 1 2 4 1 2 1 2 4 1 4 3 3 3 3 3 2 2 1 3 4 1 2 3 4 4 2 3 1 4 1 3 1 1 4 1 3 4 1 1 4 1 2 4 3 3 4 4 3 4 3 2 3 
END BESTPAIRS1


Haplotype estimates for each individual, with uncertain phases enclosed in ()
and uncertain genotypes enclosed in []
with phase known positions indicated by =

BEGIN BESTPAIRS2
0 Individual0
2 4 = = = = 3 = = = = = = = = = = = = = = 3 = = = = = = = = = = = = = = = = = = = 1 = = = = = = 1 = = = = 2 = 3 = = = = = 2 = 
4 2 = = = = 1 = = = = = = = = = = = = = = 1 = = = = = = = = = = = = = = = = = = = 3 = = = = = = 3 = = = = 4 = 1 = = = = = 4 = 
0 Individual1
= = = = = = = = = = = = = = = = = = = = = = = = = = = = = = = = = = = = = = = = = = = = = = = = = = = = = = = 1 = = = = = = = 
= = = = = = = = = = = = = = = = = = = = = = = = = = = = = = = = = = = = = = = = = = = = = = = = = = = = = = = 3 = = = = = = = 
0 Individual10
= = = = = = = = = = = = = = = = = = = = = = = = = = = 2 = = = = = = = = = = = 4 = 1 = = = = = = = = = = = 2 = = = = = = = = = 
= = = = = = = = = = = = = = = = = = = = = = = = = = = 4 = = = = = = = = = = = 2 = 3 = = = = = = = = = = = 4 = = = = = = = = = 
0 Individual11
= = = = = = 1 4 = = = = = = (1) = 3 = = = = 1 = = 3 = = = = = = 3 2 = = = = 1 1 = = = = = = = 1 = 3 = = = = = = 1 = = 3 = = 4 = 
= = = = = = 3 2 = = = = = = (3) = 1 = = = = 3 = = 1 = = = = = = 1 4 = = = = 3 3 = = = = = = = 3 = 1 = = = = = = 3 = = 1 = = 2 = 
0 Individual12
2 4 = = = = 3 = = = = = = = = 4 = = = = = 3 = = = = = 4 = = = = = = = = = = = 2 = = = = = = = = = = = 3 = = = = = = = = = 2 = 
4 2 = = = = 1 = = = = = = = = 2 = = = = = 1 = = = = = 2 = = = = = = = = = = = 4 = = = = = = = = = = = 1 = = = = = = = = = 4 = 
0 Individual13
2 4 = = 3 = 3 = = = = 3 = = = = = = = = = 3 = (3) = = = 4 (1) = = = = = = = = = = 2 = = = = (4) = = = = = = = = = = = = = = = = 2 = 
4 2 = = 1 = 1 = = = = 1 = = = = = = = = = 1 = (1) = = = 2 (2) = = = = = = = = = = 4 = = = = (2) = = = = = = = = = = = = = = = = 4 = 
0 Individual14
= = = = = = = = = = = = = = = = = = = = = = = = = = = = = = = = = = = = = = = = = = = = = = = = = = = = = = = = = = = = = = = 
= = = = = = = = = = = = = = = = = = = = = = = = = = = = = = = = = = = = = = = = = = = = = = = = = = = = = = = = = = = = = = = 
0 Individual15
= = = = = = = = = = = = = = = = = 2 = = = = 3 = = = = = = = = 1 = 3 = = = = = = = 1 = = = = = = = = 2 = = = = = = = = = = = = 
= = = = = = = = = = = = = = = = = 4 = = = = 1 = = = = = = = = 3 = 1 = = = = = = = 3 = = = = = = = = 4 = = = = = = = = = = = = 
0 Individual16
= = = = = = = = = = = = = = = = = 2 = = = = 3 = = = = = = = = = = 3 = = = = = = = = = = = = = = = = = = = = = = = = = = = = = 
= = = = = = = = = = = = = = = = = 4 = = = = 1 = = = = = = = = = = 1 = = = = = = = = = = = = = = = = = = = = = = = = = = = = = 
0 Individual17
2 = = = = = = = = = = = = = = = = = = = = = = = = = = 4 = = = 1 = = = = = = = 2 = = = = = = = = = = = = = 4 = = = = = = = = = 
4 = = = = = = = = = = = = = = = = = = = = = = = = = = 2 = = = 3 = = = = = = = 4 = = = = = = = = = = = = = 2 = = = = = = = = = 
0 Individual18
2 4 = = 3 = = = = = 1 3 = = = = = = = = = = = = = = = 4 = = = = = = = = = = = 2 = = = = = = 1 = = = = = = = = = = = = = = = = 
4 2 = = 1 = = = = = 3 1 = = = = = = = = = = = = = = = 2 = = = = = = = = = = = 4 = = = = = = 3 = = = = = = = = = = = = = = = = 
0 Individual19
= 2 = = = = = 2 = = = = (2) = = = = = = = = = = = 1 = = = = = = 1 4 = = = = = 3 = = = = = = = 3 = = = = = = 4 = = = = 1 = = = = 
= 4 = = = = = 4 = = = = (4) = = = = = = = = = = = 3 = = = = = = 3 2 = = = = = 1 = = = = = = = 1 = = = = = = 2 = = = = 3 = = = = 
0 Individual2
= = = = = = 1 = = = 1 = = = = = (3) = = = = 1 = = = = = = = = = = = = = = = = = = = = = = = = 1 = 3 = = = = = = 1 = = = = = 4 = 
= = = = = = 3 = = = 3 = = = = = (1) = = = = 3 = = = = = = = = = = = = = = = = = = = = = = = = 3 = 1 = = = = = = 3 = = = = = 2 = 
0 Individual20
= = = = = = = = = = = = = = = = 1 = = = = = = = = = = = = = = = = = = = = 3 = = = = = 1 = = = = = = = = = = = = = = = = = = = 
= = = = = = = = = = = = = = = = 3 = = = = = = = = = = = = = = = = = = = = 1 = = = = = 4 = = = = = = = = = = = = = = = = = = = 
0 Individual21
= 2 = = = = 1 = = = = = = = = = = = = 1 = 1 = = = = = = = = = 1 = = = = = = = = = = 1 = = = = = = = = = = 4 = = = = = = = 4 = 
= 4 = = = = 3 = = = = = = = = = = = = 3 = 3 = = = = = = = = = 3 = = = = = = = = = = 3 = = = = = = = = = = 2 = = = = = = = 2 = 
0 Individual22
= = 2 = = = 1 = = = = = = = = = 3 = = = = 1 = = = = 2 = = = = 1 = = = = = 1 = = = = = 4 = = 1 = 3 = = = = = = 1 = = = = (3) 4 = 
= = 4 = = = 3 = = = = = = = = = 1 = = = = 3 = = = = 4 = = = = 4 = = = = = 3 = = = = = 1 = = 3 = 1 = = = = = = 3 = = = = (1) 2 = 
0 Individual23
= = = = = = = = = = = = = = = = = = = = = = = = = = = = = = = = = = = = = = = = = = = = = = = = = = = = = = = = = = = = = = = 
= = = = = = = = = = = = = = = = = = = = = = = = = = = = = = = = = = = = = = = = = = = = = = = = = = = = = = = = = = = = = = = 
0 Individual24
2 4 = = = = = = = = 1 = = (4) = = = = = = = = = = = (3) = = = = = = = = = (4) = = = = = 1 = = = = 1 = = = = = = 2 = = = = = = = = = 
4 2 = = = = = = = = 3 = = (2) = = = = = = = = = = = (1) = = = = = = = = = (2) = = = = = 3 = = = = 3 = = = = = = 4 = = = = = = = = = 
0 Individual25
= = = = = = = = = = = = = = = = = = = = = = = = = = = = = = = = = = = = = = = = = = = = = = = = = = = = = = = = = = = = = = = 
= = = = = = = = = = = = = = = = = = = = = = = = = = = = = = = = = = = = = = = = = = = = = = = = = = = = = = = = = = = = = = = 
0 Individual26
= 2 = (4) = = 1 = = = = = 2 = = = 3 = = = = 1 = = = = = = = = = = = = = = = 1 = = = = = = = = = = 3 = = = = 4 = 1 = = = = = 4 = 
= 4 = (2) = = 3 = = = = = 4 = = = 1 = = = = 3 = = = = = = = = = = = = = = = 3 = = = = = = = = = = 1 = = = = 2 = 3 = = = = = 2 = 
0 Individual27
= = = = = = = = = = = = = = = = = = = = = = = = = = = = = = = = = = = = = = = = = = = = = = = = 1 = = = = = = = = = = = = = = 
= = = = = = = = = = = = = = = = = = = = = = = = = = = = = = = = = = = = = = = = = = = = = = = = 3 = = = = = = = = = = = = = = 
0 Individual28
2 4 = = 3 = = = = = 1 3 = = = = = = = = = = = = = = = 4 = = = = = = = = = = = 2 = = = = = = 1 = = = = = = = = = = = = = = = = 
4 2 = = 1 = = = = = 3 1 = = = = = = = = = = = = = = = 2 = = = = = = = = = = = 4 = = = = = = 3 = = = = = = = = = = = = = = = = 
0 Individual29
= = = = = = = = = = = = = = = = = = = = = = = = = = = = = = = = = = = = = = = = = = = = = = = = = = = = = = = = = = = = = = = 
= = = = = = = = = = = = = = = = = = = = = = = = = = = = = = = = = = = = = = = = = = = = = = = = = = = = = = = = = = = = = = = 
0 Individual3
= 2 = = = = 1 = = = = = = = = = 3 = = 1 = 1 = = = = = = = (1) = 1 = = = = = 1 = = = = 1 4 = = = = 3 = = = = 4 = 1 = = = = = 4 = 
= 4 = = = = 3 = = = = = = = = = 1 = = 3 = 3 = = = = = = = (3) = 3 = = = = = 3 = = = = 3 1 = = = = 1 = = = = 2 = 3 = = = = = 2 = 
0 Individual30
2 = = = = = = = = = = = = = = 4 = 2 = = = = 3 = = = = 4 = = (2) 1 = 3 = = = = = 2 = = = = = = = = = (3) = 3 = 4 = = = = = = = = = 
4 = = = = = = = = = = = = = = 2 = 4 = = = = 1 = = = = 2 = = (4) 3 = 1 = = = = = 4 = = = = = = = = = (1) = 1 = 2 = = = = = = = = = 
0 Individual31
= 2 = = = = 1 = = = = = = = = = = = = 1 = 1 = = = = = = = = = 1 = = = = = = = = = = 1 = = = = = 3 = = = = 4 = 1 = = = = = 4 = 
= 4 = = = = 3 = = = = = = = = = = = = 3 = 3 = = = = = = = = = 3 = = = = = = = = = = 3 = = = = = 1 = = = = 2 = 3 = = = = = 2 = 
0 Individual32
2 = = = = = = = = = = = = = = 4 = = = = = = = = = = = 4 = = = = = = = = = = = 2 = 3 = = = 1 = = = = = 3 = 4 = = = 2 = = = = = 
4 = = = = = = = = = = = = = = 2 = = = = = = = = = = = 2 = = = = = = = = = = = 4 = 1 = = = 3 = = = = = 1 = 2 = = = 4 = = = = = 
0 Individual33
= = = = = = = (4) = (1) = = = = = = = = = = = = = = (3) = = = = = = = = = = = = = (1) = = = = = = = = = = = = = = = = = = = = = = = = 
= = = = = = = (2) = (3) = = = = = = = = = = = = = = (1) = = = = = = = = = = = = = (3) = = = = = = = = = = = = = = = = = = = = = = = = 
0 Individual34
= = = = = = = = = = = = = = = = = = = = = = = = = = = = = = = 1 = = = = = = = = = 1 = = = = = = = = = = = = = = = = = = = = = 
= = = = = = = = = = = = = = = = = = = = = = = = = = = = = = = 3 = = = = = = = = = 3 = = = = = = = = = = = = = = = = = = = = = 
0 Individual35
= 2 = = = = 1 = = = = = = = = = = 2 = = = 1 3 = = = = = = = = 1 = 3 = = = = = = = = = = = = = = 3 = = = = 4 = 1 = = = = = 4 = 
= 4 = = = = 3 = = = = = = = = = = 4 = = = 3 1 = = = = = = = = 3 = 1 = = = = = = = = = = = = = = 1 = = = = 2 = 3 = = = = = 2 = 
0 Individual36
= 2 = = = = = 2 = = = = = = = = = = = = = = = = 1 = = = = = = 1 4 = = = = = = = = = = = = = 3 = = = = = = 4 = = = = 1 = = = = 
= 4 = = = = = 4 = = = = = = = = = = = = = = = = 3 = = = = = = 3 2 = = = = = = = = = = = = = 1 = = = = = = 2 = = = = 3 = = = = 
0 Individual37
= 2 = = = = 1 = = = = = = = = = = = = = = 1 = = = = = = = = = = = = 4 = = = = = = 3 = = = = = = = = = = = 4 = = = = = = = 4 = 
= 4 = = = = 3 = = = = = = = = = = = = = = 3 = = = = = = = = = = = = 2 = = = = = = 1 = = = = = = = = = = = 2 = = = = = = = 2 = 
0 Individual38
= 2 = = = = = 2 = = = = = = = = = = = 1 = = = = 1 = = = = = = 1 4 = = = = = 3 = = = 1 = = = 3 = = = = = = 4 = = = = 1 (2) = = = 
= 4 = = = = = 4 = = = = = = = = = = = 3 = = = = 3 = = = = = = 3 2 = = = = = 1 = = = 3 = = = 1 = = = = = = 2 = = = = 3 (4) = = = 
0 Individual39
= 2 = = = = = 2 = = = = = = = = = = = = = = = = 1 = = = = = = = 4 = = = = = = = = 3 = = = = 3 = = = 4 = = 4 = = = = 1 = = = = 
= 4 = = = = = 4 = = = = = = = = = = = = = = = = 3 = = = = = = = 2 = = = = = = = = 1 = = = = 1 = = = 2 = = 2 = = = = 3 = = = = 
0 Individual4
= = = = = = = = = = = = = = = = = 2 = 3 = = 3 = (4) = = = = = = = = 3 = = = = = = = = 3 = = = = = = = = = = = = = = = = = = = = 
= = = = = = = = = = = = = = = = = 4 = 1 = = 1 = (3) = = = = = = = = 1 = = = = = = = = 1 = = = = = = = = = = = = = = = = = = = = 
0 Individual40
= 2 = = = = = 2 = = = = = = = = = = = = = = = = 1 = = = = = (2) 1 4 = = = = = 3 = = = = = = = 3 = = = = = = 4 = = = = 1 = = = = 
= 4 = = = = = 4 = = = = = = = = = = = = = = = = 3 = = = = = (4) 3 2 = = = = = 1 = = = = = = = 1 = = = = = = 2 = = = = 3 = = = = 
0 Individual41
2 4 = = = = = = = = 1 = = = = 4 = = = = = = = = = = = 4 = = = = = = = = = = = 2 = = = = = = 1 (2) = = = 3 (4) = = = = 2 = = = = = 
4 2 = = = = = = = = 3 = = = = 2 = = = = = = = = = = = 2 = = = = = = = = = = = 4 = = = = = = 3 (4) = = = 1 (2) = = = = 4 = = = = = 
0 Individual42
= 2 = = = = = 2 = = = = = = = = = = = = = = = = 1 = = = = = = = 4 = = = = (3) 3 = (1) 3 = = = = 3 = = = = = = 4 = = = = 1 = = = = 
= 4 = = = = = 4 = = = = = = = = = = = = = = = = 3 = = = = = = = 2 = = = = (1) 1 = (3) 1 = = = = 1 = = = = = = 2 = = = = 3 = = = = 
0 Individual43
= = = = = = = = = = = = = = = = = = = = = = = = = = = = = = = 1 = = 2 = = = = = = 1 = = = = = = = = = = = = = = = = = = = = (1) 
= = = = = = = = = = = = = = = = = = = = = = = = = = = = = = = 3 = = 4 = = = = = = 3 = = = = = = = = = = = = = = = = = = = = (3) 
0 Individual44
2 = = = = = = = = = = = = = = 4 = = = = = = = = = = = 4 = = = = = = 4 = = = = 2 = 3 = = = = = = = = = 3 = 4 = = = 2 = = = = = 
4 = = = = = = = = = = = = = = 2 = = = = = = = = = = = 2 = = = = = = 2 = = = = 4 = 1 = = = = = = = = = 1 = 2 = = = 4 = = = = = 
0 Individual45
= = = = = = = = = = = = = = = = (1) = = = = = = = = = = = = = = = = = = = = = = = = = = = = = = = 1 (3) = = = = = 3 = = = = = = = 
= = = = = = = = = = = = = = = = (3) = = = = = = = = = = = = = = = = = = = = = = = = = = = = = = = 3 (1) = = = = = 1 = = = = = = = 
0 Individual46
= = = = = (4) = = = = = = = = = = 1 = = = = = = = = = = = = = = = = = = = (2) 3 = = = = = 1 = = = = = = = = = = = = = = = = = = = 
= = = = = (2) = = = = = = = = = = 3 = = = = = = = = = = = = = = = = = = = (4) 1 = = = = = 4 = = = = = = = = = = = = = = = = = = = 
0 Individual47
= 2 = = = = 1 = = = = = = = = = = 2 = = (2) 1 3 = = = = = = = = 1 = 3 = = = = = = = = = = = = = = = = = = = 4 = = = = = = = 4 = 
= 4 = = = = 3 = = = = = = = = = = 4 = = (4) 3 1 = = = = = = = = 3 = 1 = = = = = = = = = = = = = = = = = = = 2 = = = = = = = 2 = 
0 Individual48
= = = = = = = = (2) = = = = = = = = = = = = = = = = = = = = = = = = = = = = = = = = = = = = = = = = = (4) = = = = = (4) = = = = = = 
= = = = = = = = (4) = = = = = = = = = = = = = = = = = = = = = = = = = = = = = = = = = = = = = = = = = (2) = = = = = (2) = = = = = = 
0 Individual49
= 2 = = = = = 2 = = = = = = = = = = (4) = = = = = 1 = = = = = = = 4 = = = = = 3 = = 3 = = = = 3 = = = = = = 4 = = = = 1 = = = = 
= 4 = = = = = 4 = = = = = = = = = = (2) = = = = = 3 = = = = = = = 2 = = = = = 1 = = 1 = = = = 1 = = = = = = 2 = = = = 3 = = = = 
0 Individual5
= = = = = = = 4 = = 3 = = = = = = = = = = = = = 3 = = = = = = = 2 = = = = = 1 = = = = = = = = = = (1) = = = = = = = = 3 = = = = 
= = = = = = = 2 = = 1 = = = = = = = = = = = = = 1 = = = = = = = 4 = = = = = 3 = = = = = = = = = = (3) = = = = = = = = 1 = = = = 
0 Individual6
= = 2 = = = = = = = 3 = = (2) = = = = = = = = = = = = 2 = = = = 1 = = = = = = = = = = = = = = = = = = = = = = = = = = = = = = = 
= = 4 = = = = = = = 1 = = (4) = = = = = = = = = = = = 4 = = = = 4 = = = = = = = = = = = = = = = = = = = = = = = = = = = = = = = 
0 Individual7
= 2 = = = = = 2 = = = = = = = = = = = = = = = = 1 = = = = = = = 4 = = = = = 3 = = 3 = = = 1 3 = = = = = = 4 = = = = 1 = = = = 
= 4 = = = = = 4 = = = = = = = = = = = = = = = = 3 = = = = = = = 2 = = = = = 1 = = 1 = = = 3 1 = = = = = = 2 = = = = 3 = = = = 
0 Individual8
= = = = = = = 4 = = 3 = = = = = = = = = = = = = 3 = = = = = = = 2 = = = = = = = = = = = = = = = = = = = = = (3) = = = 3 = = = = 
= = = = = = = 2 = = 1 = = = = = = = = = = = = = 1 = = = = = = = 4 = = = = = = = = = = = = = = = = = = = = = (1) = = = 1 = = = = 
0 Individual9
= = = = = = 1 = = = 1 = = = = = 3 = = = = 1 = = = = = = = = = 3 = = = = = 1 = = = = = = = = 1 = 3 = = = = = = 1 = = = = = 4 = 
= = = = = = 3 = = = 3 = = = = = 1 = = = = 3 = = = = = = = = = 1 = = = = = 3 = = = = = = = = 3 = 1 = = = = = = 3 = = = = = 2 = 
END BESTPAIRS2


Phase probabilities at each site
with phase known positions indicated by =
and missing data positions indicated by ?

BEGIN PHASEPROBS
1.00 1.00 = = = = 1.00 = = = = = = = = = = = = = = 1.00 = = = = = = = = = = = = = = = = = = = 1.00 = = = = = = 1.00 = = = = 1.00 = 1.00 = = = = = 1.00 = 
= = = = = = = = = = = = = = = = = = = = = = = = = = = = = = = = = = = = = = = = = = = = = = = = = = = = = = = 1.00 = = = = = = = 
= = = = = = = = = = = = = = = = = = = = = = = = = = = 1.00 = = = = = = = = = = = 1.00 = 1.00 = = = = = = = = = = = 1.00 = = = = = = = = = 
= = = = = = 1.00 1.00 = = = = = = 0.50 = 1.00 = = = = 1.00 = = 1.00 = = = = = = 1.00 1.00 = = = = 1.00 1.00 = = = = = = = 1.00 = 1.00 = = = = = = 1.00 = = 1.00 = = 1.00 = 
1.00 1.00 = = = = 1.00 = = = = = = = = 1.00 = = = = = 1.00 = = = = = 1.00 = = = = = = = = = = = 1.00 = = = = = = = = = = = 1.00 = = = = = = = = = 1.00 = 
1.00 1.00 = = 1.00 = 1.00 = = = = 1.00 = = = = = = = = = 1.00 = 0.50 = = = 1.00 0.50 = = = = = = = = = = 1.00 = = = = 0.50 = = = = = = = = = = = = = = = = 1.00 = 
= = = = = = = = = = = = = = = = = = = = = = = = = = = = = = = = = = = = = = = = = = = = = = = = = = = = = = = = = = = = = = = 
= = = = = = = = = = = = = = = = = 1.00 = = = = 1.00 = = = = = = = = 1.00 = 1.00 = = = = = = = 1.00 = = = = = = = = 1.00 = = = = = = = = = = = = 
= = = = = = = = = = = = = = = = = 1.00 = = = = 1.00 = = = = = = = = = = 1.00 = = = = = = = = = = = = = = = = = = = = = = = = = = = = = 
1.00 = = = = = = = = = = = = = = = = = = = = = = = = = = 1.00 = = = 1.00 = = = = = = = 1.00 = = = = = = = = = = = = = 1.00 = = = = = = = = = 
1.00 1.00 = = 1.00 = = = = = 1.00 1.00 = = = = = = = = = = = = = = = 1.00 = = = = = = = = = = = 1.00 = = = = = = 1.00 = = = = = = = = = = = = = = = = 
= 1.00 = = = = = 1.00 = = = = 0.75 = = = = = = = = = = = 1.00 = = = = = = 1.00 1.00 = = = = = 1.00 = = = = = = = 1.00 = = = = = = 1.00 = = = = 1.00 = = = = 
= = = = = = 1.00 = = = 1.00 = = = = = 0.69 = = = = 1.00 = = = = = = = = = = = = = = = = = = = = = = = = 1.00 = 1.00 = = = = = = 1.00 = = = = = 1.00 = 
= = = = = = = = = = = = = = = = 1.00 = = = = = = = = = = = = = = = = = = = = 1.00 = = = = = 1.00 = = = = = = = = = = = = = = = = = = = 
= 1.00 = = = = 1.00 = = = = = = = = = = = = 1.00 = 1.00 = = = = = = = = = 1.00 = = = = = = = = = = 1.00 = = = = = = = = = = 1.00 = = = = = = = 1.00 = 
= = 1.00 = = = 1.00 = = = = = = = = = 1.00 = = = = 1.00 = = = = 1.00 = = = = 1.00 = = = = = 1.00 = = = = = 1.00 = = 1.00 = 1.00 = = = = = = 1.00 = = = = 0.57 1.00 = 
= = = = = = = = = = = = = = = = = = = = = = = = = = = = = = = = = = = = = = = = = = = = = = = = = = = = = = = = = = = = = = = 
1.00 1.00 = = = = = = = = 1.00 = = 0.78 = = = = = = = = = = = 0.50 = = = = = = = = = 0.50 = = = = = 1.00 = = = = 1.00 = = = = = = 1.00 = = = = = = = = = 
= = = = = = = = = = = = = = = = = = = = = = = = = = = = = = = = = = = = = = = = = = = = = = = = = = = = = = = = = = = = = = = 
= 1.00 = 0.53 = = 1.00 = = = = = 1.00 = = = 1.00 = = = = 1.00 = = = = = = = = = = = = = = = 1.00 = = = = = = = = = = 1.00 = = = = 1.00 = 1.00 = = = = = 1.00 = 
= = = = = = = = = = = = = = = = = = = = = = = = = = = = = = = = = = = = = = = = = = = = = = = = 1.00 = = = = = = = = = = = = = = 
1.00 1.00 = = 1.00 = = = = = 1.00 1.00 = = = = = = = = = = = = = = = 1.00 = = = = = = = = = = = 1.00 = = = = = = 1.00 = = = = = = = = = = = = = = = = 
= = = = = = = = = = = = = = = = = = = = = = = = = = = = = = = = = = = = = = = = = = = = = = = = = = = = = = = = = = = = = = = 
= 1.00 = = = = 1.00 = = = = = = = = = 1.00 = = 1.00 = 1.00 = = = = = = = 0.50 = 1.00 = = = = = 1.00 = = = = 1.00 1.00 = = = = 1.00 = = = = 1.00 = 1.00 = = = = = 1.00 = 
1.00 = = = = = = = = = = = = = = 1.00 = 1.00 = = = = 1.00 = = = = 1.00 = = 0.50 1.00 = 1.00 = = = = = 1.00 = = = = = = = = = 0.50 = 1.00 = 1.00 = = = = = = = = = 
= 1.00 = = = = 1.00 = = = = = = = = = = = = 1.00 = 1.00 = = = = = = = = = 1.00 = = = = = = = = = = 1.00 = = = = = 1.00 = = = = 1.00 = 1.00 = = = = = 1.00 = 
1.00 = = = = = = = = = = = = = = 1.00 = = = = = = = = = = = 1.00 = = = = = = = = = = = 1.00 = 1.00 = = = 1.00 = = = = = 1.00 = 1.00 = = = 1.00 = = = = = 
= = = = = = = 0.89 = 0.85 = = = = = = = = = = = = = = 0.89 = = = = = = = = = = = = = 0.72 = = = = = = = = = = = = = = = = = = = = = = = = 
= = = = = = = = = = = = = = = = = = = = = = = = = = = = = = = 1.00 = = = = = = = = = 1.00 = = = = = = = = = = = = = = = = = = = = = 
= 1.00 = = = = 1.00 = = = = = = = = = = 1.00 = = = 1.00 1.00 = = = = = = = = 1.00 = 1.00 = = = = = = = = = = = = = = 1.00 = = = = 1.00 = 1.00 = = = = = 1.00 = 
= 1.00 = = = = = 1.00 = = = = = = = = = = = = = = = = 1.00 = = = = = = 1.00 1.00 = = = = = = = = = = = = = 1.00 = = = = = = 1.00 = = = = 1.00 = = = = 
= 1.00 = = = = 1.00 = = = = = = = = = = = = = = 1.00 = = = = = = = = = = = = 1.00 = = = = = = 1.00 = = = = = = = = = = = 1.00 = = = = = = = 1.00 = 
= 1.00 = = = = = 1.00 = = = = = = = = = = = 1.00 = = = = 1.00 = = = = = = 1.00 1.00 = = = = = 1.00 = = = 1.00 = = = 1.00 = = = = = = 1.00 = = = = 1.00 0.50 = = = 
= 1.00 = = = = = 1.00 = = = = = = = = = = = = = = = = 1.00 = = = = = = = 1.00 = = = = = = = = 1.00 = = = = 1.00 = = = 1.00 = = 1.00 = = = = 1.00 = = = = 
= = = = = = = = = = = = = = = = = 1.00 = 1.00 = = 1.00 = 0.50 = = = = = = = = 1.00 = = = = = = = = 1.00 = = = = = = = = = = = = = = = = = = = = 
= 1.00 = = = = = 1.00 = = = = = = = = = = = = = = = = 1.00 = = = = = 0.50 1.00 1.00 = = = = = 1.00 = = = = = = = 1.00 = = = = = = 1.00 = = = = 1.00 = = = = 
1.00 1.00 = = = = = = = = 1.00 = = = = 1.00 = = = = = = = = = = = 1.00 = = = = = = = = = = = 1.00 = = = = = = 1.00 0.50 = = = 1.00 0.50 = = = = 1.00 = = = = = 
= 1.00 = = = = = 1.00 = = = = = = = = = = = = = = = = 1.00 = = = = = = = 1.00 = = = = 0.50 1.00 = 0.50 1.00 = = = = 1.00 = = = = = = 1.00 = = = = 1.00 = = = = 
= = = = = = = = = = = = = = = = = = = = = = = = = = = = = = = 1.00 = = 1.00 = = = = = = 1.00 = = = = = = = = = = = = = = = = = = = = 0.50 
1.00 = = = = = = = = = = = = = = 1.00 = = = = = = = = = = = 1.00 = = = = = = 1.00 = = = = 1.00 = 1.00 = = = = = = = = = 1.00 = 1.00 = = = 1.00 = = = = = 
= = = = = = = = = = = = = = = = 0.83 = = = = = = = = = = = = = = = = = = = = = = = = = = = = = = = 1.00 0.50 = = = = = 1.00 = = = = = = = 
= = = = = 0.50 = = = = = = = = = = 1.00 = = = = = = = = = = = = = = = = = = = 0.50 1.00 = = = = = 1.00 = = = = = = = = = = = = = = = = = = = 
= 1.00 = = = = 1.00 = = = = = = = = = = 1.00 = = 0.50 1.00 1.00 = = = = = = = = 1.00 = 1.00 = = = = = = = = = = = = = = = = = = = 1.00 = = = = = = = 1.00 = 
= = = = = = = = 0.84 = = = = = = = = = = = = = = = = = = = = = = = = = = = = = = = = = = = = = = = = = 0.84 = = = = = 0.84 = = = = = = 
= 1.00 = = = = = 1.00 = = = = = = = = = = 0.50 = = = = = 1.00 = = = = = = = 1.00 = = = = = 1.00 = = 1.00 = = = = 1.00 = = = = = = 1.00 = = = = 1.00 = = = = 
= = = = = = = 1.00 = = 1.00 = = = = = = = = = = = = = 1.00 = = = = = = = 1.00 = = = = = 1.00 = = = = = = = = = = 0.50 = = = = = = = = 1.00 = = = = 
= = 1.00 = = = = = = = 1.00 = = 0.59 = = = = = = = = = = = = 1.00 = = = = 1.00 = = = = = = = = = = = = = = = = = = = = = = = = = = = = = = = 
= 1.00 = = = = = 1.00 = = = = = = = = = = = = = = = = 1.00 = = = = = = = 1.00 = = = = = 1.00 = = 1.00 = = = 1.00 1.00 = = = = = = 1.00 = = = = 1.00 = = = = 
= = = = = = = 1.00 = = 1.00 = = = = = = = = = = = = = 1.00 = = = = = = = 1.00 = = = = = = = = = = = = = = = = = = = = = 0.50 = = = 1.00 = = = = 
= = = = = = 1.00 = = = 1.00 = = = = = 1.00 = = = = 1.00 = = = = = = = = = 1.00 = = = = = 1.00 = = = = = = = = 1.00 = 1.00 = = = = = = 1.00 = = = = = 1.00 = 
END PHASEPROBS
