*************************************************************
****                                                     ****
****            Output from PHASE v2.1.1                 ****
****  Code by M Stephens, with contributions from N Li   ****
****                                                     ****
*************************************************************

BEGIN COMMAND_LINE 
/home/yann/proj/phase.2.1.1.linux/PHASE phase.inp phase.out 
END COMMAND_LINE 

BEGIN OUTFILE_LIST
phase.out_freqs : haplotype frequency estimates
phase.out_pairs : most likely haplotype pairs for each individual
phase.out_recom : estimates of recombination parameters
phase.out_monitor : file for monitoring convergence
END OUTFILE_LIST

BEGIN INPUT_SUMMARY
Number of Individuals: 15
Number of Loci: 79
Positions of loci: 1 11 14 16 17 18 20 23 24 31 32 34 37 40 53 57 59 66 67 70 71 73 76 83 85 86 97 99 103 110 112 119 121 128 137 139 153 154 160 164 170 174 176 188 190 194 196 197 198 199 200 208 209 211 212 214 216 218 220 227 233 237 238 245 248 250 253 254 255 257 261 263 270 274 278 286 289 291 292 
END INPUT_SUMMARY

List of haplotypes found in best reconstruction, with counts.
(See file phase.out_freqs for haplotype population frequency estimates)

BEGIN LIST_SUMMARY
         1 143231222121332343224243444 2 2234423442414112321312421124444421212112342243223 3 1    1.000000
         2 143231222121332343224243444 2 2234423442414112321312421124444423212112342243223 3 1    1.000000
         3 143231222121332343224243442 2 2214443442414132321312423124444421212112342243223 3 1    2.000000
         4 143231222121332343224243442 2 2214443442414132321312423124444421212112342243423 3 1    2.000000
         5 143231222121332343224243442 4 2214443442414132321312423124444423212112342243423 3 1    1.000000
         6 143231222121332343224243434 2 2234423442414132321332441344444421232112322243223 3 1    6.000000
         7 143231222121332343244243444 2 2234423442414112321312421124444421212112342243221 3 1    1.000000
         8 143231222121334343224443444 2 1234423442414132321312421124444421212314342243223 3 1    2.000000
         9 143231222121132343224243444 2 2234223442414132321312421124444421212112342243223 2 1    1.000000
        10 143231222141332343224243434 2 2234423442414132321312441344244441232112322243223 3 1    1.000000
        11 143231242121332341224243442 2 2234441442414132321312421124442421212112342242223 3 1    1.000000
        12 143231422121332343224243444 2 2234423442412132321314221124444221212112342443223 3 1    1.000000
        13 143231422121332343224243444 2 2234423442414112321312421124444423212112342243223 3 1    6.000000
        14 143211222121132343224243444 2 2234223442414132321312421124444421412112342243223 1 1    1.000000
        15 123231222121332343224243444 2 2234423442414132321312421124444423212112342443223 3 1    1.000000
        16 441413224323312123422221244 3 2432223224234334143112423142424421214132144223443 3 3    2.000000
END LIST_SUMMARY


Summary of best reconstruction
(numbers refer to the list of haplotypes given above)

BEGIN BESTPAIRS_SUMMARY
Individual0: (12,2)
Individual1: (4,13)
Individual10: (5,16)
Individual11: (6,13)
Individual12: (1,13)
Individual13: (6,13)
Individual14: (6,7)
Individual2: (3,6)
Individual3: (3,10)
Individual4: (15,16)
Individual5: (6,14)
Individual6: (4,13)
Individual7: (6,9)
Individual8: (8,11)
Individual9: (8,13)
END BESTPAIRS_SUMMARY


Haplotype estimates for each individual, with uncertain phases enclosed in ()
and uncertain genotypes enclosed in []:

BEGIN BESTPAIRS1
0 Individual0
1 4 3 2 3 1 (4) 2 2 1 2 1 3 3 2 3 4 3 2 2 4 2 4 3 4 4 4 2 2 2 3 4 4 2 3 4 4 2 4 1 2 1 (3) 2 3 2 1 3 1 4 2 2 1 1 2 4 4 4 4 2 2 (1) 2 1 2 1 1 2 3 4 2 (4) 4 3 2 2 3 3 1 
1 4 3 2 3 1 (2) 2 2 1 2 1 3 3 2 3 4 3 2 2 4 2 4 3 4 4 4 2 2 2 3 4 4 2 3 4 4 2 4 1 4 1 (1) 2 3 2 1 3 1 2 4 2 1 1 2 4 4 4 4 4 2 (3) 2 1 2 1 1 2 3 4 2 (2) 4 3 2 2 3 3 1 
0 Individual1
1 4 3 2 3 1 2 2 2 1 2 1 3 3 2 3 4 3 2 2 4 2 4 3 4 4 2 2 2 2 1 4 4 4 3 4 4 2 4 1 4 1 3 2 3 2 1 3 1 2 4 2 3 1 2 4 4 4 4 4 2 1 2 1 2 1 1 2 3 4 2 2 4 3 (4) 2 3 3 1 
1 4 3 2 3 1 4 2 2 1 2 1 3 3 2 3 4 3 2 2 4 2 4 3 4 4 4 2 2 2 3 4 4 2 3 4 4 2 4 1 4 1 1 2 3 2 1 3 1 2 4 2 1 1 2 4 4 4 4 4 2 3 2 1 2 1 1 2 3 4 2 2 4 3 (2) 2 3 3 1 
0 Individual10
1 4 3 2 3 1 2 2 2 1 2 1 3 3 2 3 4 3 2 2 4 2 4 3 4 4 2 (4) 2 2 1 4 4 4 3 4 4 2 4 1 4 1 3 2 3 2 1 3 1 2 4 2 3 1 2 4 4 4 4 4 2 3 2 1 2 1 1 2 3 4 2 2 4 3 4 2 3 3 1 
4 4 1 4 1 3 2 2 4 3 2 3 3 1 2 1 2 3 4 2 2 2 2 1 2 4 4 (3) 2 4 3 2 2 2 3 2 2 4 2 3 4 3 3 4 1 4 3 1 1 2 4 2 3 1 4 2 4 2 4 4 2 1 2 1 4 1 3 2 1 4 4 2 2 3 4 4 3 3 3 
0 Individual11
1 4 3 2 3 1 2 2 2 1 2 1 3 3 2 3 4 3 2 2 4 2 4 3 4 3 4 2 2 2 3 4 4 2 3 4 4 2 4 1 4 1 3 2 3 2 1 3 3 2 4 4 1 3 4 4 4 4 4 4 2 1 2 3 2 1 1 2 3 2 2 2 4 3 2 2 3 3 1 
1 4 3 2 3 1 4 2 2 1 2 1 3 3 2 3 4 3 2 2 4 2 4 3 4 4 4 2 2 2 3 4 4 2 3 4 4 2 4 1 4 1 1 2 3 2 1 3 1 2 4 2 1 1 2 4 4 4 4 4 2 3 2 1 2 1 1 2 3 4 2 2 4 3 2 2 3 3 1 
0 Individual12
1 4 3 2 3 1 2 2 2 1 2 1 3 3 2 3 4 3 2 2 4 2 4 3 4 4 4 2 2 2 3 4 4 2 3 4 4 2 4 1 4 1 1 2 3 2 1 3 1 2 4 2 1 1 2 4 4 4 4 4 2 1 2 1 2 1 1 2 3 4 2 2 4 3 2 2 3 3 1 
1 4 3 2 3 1 4 2 2 1 2 1 3 3 2 3 4 3 2 2 4 2 4 3 4 4 4 2 2 2 3 4 4 2 3 4 4 2 4 1 4 1 1 2 3 2 1 3 1 2 4 2 1 1 2 4 4 4 4 4 2 3 2 1 2 1 1 2 3 4 2 2 4 3 2 2 3 3 1 
0 Individual13
1 4 3 2 3 1 2 2 2 1 2 1 3 3 2 3 4 3 2 2 4 2 4 3 4 3 4 2 2 2 3 4 4 2 3 4 4 2 4 1 4 1 3 2 3 2 1 3 3 2 4 4 1 3 4 4 4 4 4 4 2 1 2 3 2 1 1 2 3 2 2 2 4 3 2 2 3 3 1 
1 4 3 2 3 1 4 2 2 1 2 1 3 3 2 3 4 3 2 2 4 2 4 3 4 4 4 2 2 2 3 4 4 2 3 4 4 2 4 1 4 1 1 2 3 2 1 3 1 2 4 2 1 1 2 4 4 4 4 4 2 3 2 1 2 1 1 2 3 4 2 2 4 3 2 2 3 3 1 
0 Individual14
1 4 3 2 3 1 2 2 2 1 2 1 3 3 2 3 4 3 2 (2) 4 2 4 3 4 3 4 2 2 2 3 4 4 2 3 4 4 2 4 1 4 1 3 2 3 2 1 3 3 2 4 4 1 3 4 4 4 4 4 4 2 1 2 3 2 1 1 2 3 2 2 2 4 3 2 2 (3) 3 1 
1 4 3 2 3 1 2 2 2 1 2 1 3 3 2 3 4 3 2 (4) 4 2 4 3 4 4 4 2 2 2 3 4 4 2 3 4 4 2 4 1 4 1 1 2 3 2 1 3 1 2 4 2 1 1 2 4 4 4 4 4 2 1 2 1 2 1 1 2 3 4 2 2 4 3 2 2 (1) 3 1 
0 Individual2
1 4 3 2 3 1 2 2 2 1 2 1 3 3 2 3 4 3 2 2 4 2 4 3 4 4 2 2 2 2 1 4 4 4 3 4 4 2 4 1 4 1 3 2 3 2 1 3 1 2 4 2 3 1 2 4 4 4 4 4 2 1 2 1 2 1 1 2 3 4 2 2 4 3 2 2 3 3 1 
1 4 3 2 3 1 2 2 2 1 2 1 3 3 2 3 4 3 2 2 4 2 4 3 4 3 4 2 2 2 3 4 4 2 3 4 4 2 4 1 4 1 3 2 3 2 1 3 3 2 4 4 1 3 4 4 4 4 4 4 2 1 2 3 2 1 1 2 3 2 2 2 4 3 2 2 3 3 1 
0 Individual3
1 4 3 2 3 1 2 2 2 1 (2) 1 3 3 2 3 4 3 2 2 4 2 4 3 4 4 2 2 2 2 1 4 4 4 3 4 4 2 4 1 4 1 3 2 3 2 1 3 1 2 4 2 3 1 2 4 (4) 4 4 4 (2) 1 2 1 2 1 1 2 3 4 2 2 4 3 2 2 3 3 1 
1 4 3 2 3 1 2 2 2 1 (4) 1 3 3 2 3 4 3 2 2 4 2 4 3 4 3 4 2 2 2 3 4 4 2 3 4 4 2 4 1 4 1 3 2 3 2 1 3 1 2 4 4 1 3 4 4 (2) 4 4 4 (4) 1 2 3 2 1 1 2 3 2 2 2 4 3 2 2 3 3 1 
0 Individual4
1 (2) 3 2 3 1 2 2 2 1 2 1 3 3 2 3 4 3 2 2 4 2 4 3 4 4 4 2 2 2 3 4 4 2 3 4 4 2 4 1 4 1 3 2 3 2 1 3 1 2 4 2 1 1 2 4 4 4 4 4 2 3 2 1 2 1 1 2 3 4 2 (4) 4 3 2 2 3 3 1 
4 (4) 1 4 1 3 2 2 4 3 2 3 3 1 2 1 2 3 4 2 2 2 2 1 2 4 4 3 2 4 3 2 2 2 3 2 2 4 2 3 4 3 3 4 1 4 3 1 1 2 4 2 3 1 4 2 4 2 4 4 2 1 2 1 4 1 3 2 1 4 4 (2) 2 3 4 4 3 3 3 
0 Individual5
1 4 3 2 (3) 1 2 2 2 1 2 1 3 3 2 3 4 3 2 2 4 2 4 3 4 3 4 2 2 2 3 4 4 2 3 4 4 2 4 1 4 1 3 2 3 2 1 3 3 2 4 4 1 3 4 4 4 4 4 4 2 1 (2) 3 2 1 1 2 3 2 2 2 4 3 2 2 3 3 1 
1 4 3 2 (1) 1 2 2 2 1 2 1 1 3 2 3 4 3 2 2 4 2 4 3 4 4 4 2 2 2 3 4 2 2 3 4 4 2 4 1 4 1 3 2 3 2 1 3 1 2 4 2 1 1 2 4 4 4 4 4 2 1 (4) 1 2 1 1 2 3 4 2 2 4 3 2 2 3 1 1 
0 Individual6
1 4 3 2 3 1 2 2 2 1 2 1 3 3 2 3 4 3 2 2 4 2 4 3 4 4 2 2 2 2 1 4 4 4 3 4 4 2 4 1 4 1 3 2 3 2 1 3 1 2 4 2 3 1 2 4 4 4 4 4 2 1 2 1 2 1 1 2 3 4 2 2 4 3 (4) 2 3 3 1 
1 4 3 2 3 1 4 2 2 1 2 1 3 3 2 3 4 3 2 2 4 2 4 3 4 4 4 2 2 2 3 4 4 2 3 4 4 2 4 1 4 1 1 2 3 2 1 3 1 2 4 2 1 1 2 4 4 4 4 4 2 3 2 1 2 1 1 2 3 4 2 2 4 3 (2) 2 3 3 1 
0 Individual7
1 4 3 2 3 1 2 2 2 1 2 1 3 3 2 3 4 3 2 2 4 2 4 3 4 3 4 2 2 2 3 4 4 2 3 4 4 2 4 1 4 1 3 2 3 2 1 3 3 2 4 4 1 3 4 4 4 4 4 4 2 1 2 3 2 1 1 2 3 2 2 2 4 3 2 2 3 3 1 
1 4 3 2 3 1 2 2 2 1 2 1 1 3 2 3 4 3 2 2 4 2 4 3 4 4 4 2 2 2 3 4 2 2 3 4 4 2 4 1 4 1 3 2 3 2 1 3 1 2 4 2 1 1 2 4 4 4 4 4 2 1 2 1 2 1 1 2 3 4 2 2 4 3 2 2 3 2 1 
0 Individual8
1 4 3 2 3 1 2 (2) 2 1 2 1 3 3 4 3 4 (3) 2 2 4 4 4 3 4 4 4 2 1 2 3 4 4 2 (3) 4 4 2 4 1 4 1 3 2 3 2 1 3 1 2 4 2 1 1 2 4 4 4 (4) 4 2 1 2 1 2 3 1 4 3 4 2 2 4 (3) 2 2 3 3 1 
1 4 3 2 3 1 2 (4) 2 1 2 1 3 3 2 3 4 (1) 2 2 4 2 4 3 4 4 2 2 2 2 3 4 4 4 (1) 4 4 2 4 1 4 1 3 2 3 2 1 3 1 2 4 2 1 1 2 4 4 4 (2) 4 2 1 2 1 2 1 1 2 3 4 2 2 4 (2) 2 2 3 3 1 
0 Individual9
1 4 3 2 3 1 2 2 2 1 2 1 3 3 4 3 4 3 2 2 4 4 4 3 4 4 4 2 1 2 3 4 4 2 3 4 4 2 4 1 4 1 3 2 3 2 1 3 1 2 4 2 1 1 2 4 4 4 4 4 2 1 2 1 2 3 1 4 3 4 2 2 4 3 2 2 3 3 1 
1 4 3 2 3 1 4 2 2 1 2 1 3 3 2 3 4 3 2 2 4 2 4 3 4 4 4 2 2 2 3 4 4 2 3 4 4 2 4 1 4 1 1 2 3 2 1 3 1 2 4 2 1 1 2 4 4 4 4 4 2 3 2 1 2 1 1 2 3 4 2 2 4 3 2 2 3 3 1 
END BESTPAIRS1


Haplotype estimates for each individual, with uncertain phases enclosed in ()
and uncertain genotypes enclosed in []
with phase known positions indicated by =

BEGIN BESTPAIRS2
0 Individual0
= = = = = = (4) = = = = = = = = = = = = = = = = = = = = = = = = = = = = = = = = = 2 = (3) = = = = = = 4 2 = = = = = = = = 2 = (1) = = = = = = = = = (4) = = = = = = = 
= = = = = = (2) = = = = = = = = = = = = = = = = = = = = = = = = = = = = = = = = = 4 = (1) = = = = = = 2 4 = = = = = = = = 4 = (3) = = = = = = = = = (2) = = = = = = = 
0 Individual1
= = = = = = 2 = = = = = = = = = = = = = = = = = = = 2 = = = 1 = = 4 = = = = = = = = 3 = = = = = = = = = 3 = = = = = = = = 1 = = = = = = = = = = = = (4) = = = = 
= = = = = = 4 = = = = = = = = = = = = = = = = = = = 4 = = = 3 = = 2 = = = = = = = = 1 = = = = = = = = = 1 = = = = = = = = 3 = = = = = = = = = = = = (2) = = = = 
0 Individual10
1 = 3 2 3 1 = = 2 1 = 1 = 3 = 3 4 = 2 = 4 = 4 3 4 = 2 (4) = 2 1 4 4 4 = 4 4 2 4 1 = 1 = 2 3 2 1 3 = = = = = = 2 4 = 4 = = = 3 = = 2 = 1 = 3 = 2 = 4 = = 2 = = 1 
4 = 1 4 1 3 = = 4 3 = 3 = 1 = 1 2 = 4 = 2 = 2 1 2 = 4 (3) = 4 3 2 2 2 = 2 2 4 2 3 = 3 = 4 1 4 3 1 = = = = = = 4 2 = 2 = = = 1 = = 4 = 3 = 1 = 4 = 2 = = 4 = = 3 
0 Individual11
= = = = = = 2 = = = = = = = = = = = = = = = = = = 3 = = = = = = = = = = = = = = = = 3 = = = = = 3 = = 4 = 3 4 = = = = = = 1 = 3 = = = = = 2 = = = = = = = = = 
= = = = = = 4 = = = = = = = = = = = = = = = = = = 4 = = = = = = = = = = = = = = = = 1 = = = = = 1 = = 2 = 1 2 = = = = = = 3 = 1 = = = = = 4 = = = = = = = = = 
0 Individual12
= = = = = = 2 = = = = = = = = = = = = = = = = = = = = = = = = = = = = = = = = = = = = = = = = = = = = = = = = = = = = = = 1 = = = = = = = = = = = = = = = = = 
= = = = = = 4 = = = = = = = = = = = = = = = = = = = = = = = = = = = = = = = = = = = = = = = = = = = = = = = = = = = = = = 3 = = = = = = = = = = = = = = = = = 
0 Individual13
= = = = = = 2 = = = = = = = = = = = = = = = = = = 3 = = = = = = = = = = = = = = = = 3 = = = = = 3 = = 4 = 3 4 = = = = = = 1 = 3 = = = = = 2 = = = = = = = = = 
= = = = = = 4 = = = = = = = = = = = = = = = = = = 4 = = = = = = = = = = = = = = = = 1 = = = = = 1 = = 2 = 1 2 = = = = = = 3 = 1 = = = = = 4 = = = = = = = = = 
0 Individual14
= = = = = = = = = = = = = = = = = = = (2) = = = = = 3 = = = = = = = = = = = = = = = = 3 = = = = = 3 = = 4 = 3 4 = = = = = = = = 3 = = = = = 2 = = = = = = (3) = = 
= = = = = = = = = = = = = = = = = = = (4) = = = = = 4 = = = = = = = = = = = = = = = = 1 = = = = = 1 = = 2 = 1 2 = = = = = = = = 1 = = = = = 4 = = = = = = (1) = = 
0 Individual2
= = = = = = = = = = = = = = = = = = = = = = = = = 4 2 = = = 1 = = 4 = = = = = = = = = = = = = = 1 = = 2 3 1 2 = = = = = = = = 1 = = = = = 4 = = = = = = = = = 
= = = = = = = = = = = = = = = = = = = = = = = = = 3 4 = = = 3 = = 2 = = = = = = = = = = = = = = 3 = = 4 1 3 4 = = = = = = = = 3 = = = = = 2 = = = = = = = = = 
0 Individual3
= = = = = = = = = = (2) = = = = = = = = = = = = = = 4 2 = = = 1 = = 4 = = = = = = = = = = = = = = = = = 2 3 1 2 = (4) = = = (2) = = 1 = = = = = 4 = = = = = = = = = 
= = = = = = = = = = (4) = = = = = = = = = = = = = = 3 4 = = = 3 = = 2 = = = = = = = = = = = = = = = = = 4 1 3 4 = (2) = = = (4) = = 3 = = = = = 2 = = = = = = = = = 
0 Individual4
1 (2) 3 2 3 1 = = 2 1 = 1 = 3 = 3 4 = 2 = 4 = 4 3 4 = = 2 = 2 = 4 4 = = 4 4 2 4 1 = 1 = 2 3 2 1 3 = = = = 1 = 2 4 = 4 = = = 3 = = 2 = 1 = 3 = 2 (4) 4 = 2 2 = = 1 
4 (4) 1 4 1 3 = = 4 3 = 3 = 1 = 1 2 = 4 = 2 = 2 1 2 = = 3 = 4 = 2 2 = = 2 2 4 2 3 = 3 = 4 1 4 3 1 = = = = 3 = 4 2 = 2 = = = 1 = = 4 = 3 = 1 = 4 (2) 2 = 4 4 = = 3 
0 Individual5
= = = = (3) = = = = = = = 3 = = = = = = = = = = = = 3 = = = = = = 4 = = = = = = = = = = = = = = = 3 = = 4 = 3 4 = = = = = = = (2) 3 = = = = = 2 = = = = = = = 3 = 
= = = = (1) = = = = = = = 1 = = = = = = = = = = = = 4 = = = = = = 2 = = = = = = = = = = = = = = = 1 = = 2 = 1 2 = = = = = = = (4) 1 = = = = = 4 = = = = = = = 1 = 
0 Individual6
= = = = = = 2 = = = = = = = = = = = = = = = = = = = 2 = = = 1 = = 4 = = = = = = = = 3 = = = = = = = = = 3 = = = = = = = = 1 = = = = = = = = = = = = (4) = = = = 
= = = = = = 4 = = = = = = = = = = = = = = = = = = = 4 = = = 3 = = 2 = = = = = = = = 1 = = = = = = = = = 1 = = = = = = = = 3 = = = = = = = = = = = = (2) = = = = 
0 Individual7
= = = = = = = = = = = = 3 = = = = = = = = = = = = 3 = = = = = = 4 = = = = = = = = = = = = = = = 3 = = 4 = 3 4 = = = = = = = = 3 = = = = = 2 = = = = = = = 3 = 
= = = = = = = = = = = = 1 = = = = = = = = = = = = 4 = = = = = = 2 = = = = = = = = = = = = = = = 1 = = 2 = 1 2 = = = = = = = = 1 = = = = = 4 = = = = = = = 2 = 
0 Individual8
= = = = = = = (2) = = = = = = 4 = = (3) = = = 4 = = = = 4 = 1 = = = = 2 (3) = = = = = = = = = = = = = = = = = = = = = = = (4) = = = = = = 3 = 4 = = = = = (3) = = = = = 
= = = = = = = (4) = = = = = = 2 = = (1) = = = 2 = = = = 2 = 2 = = = = 4 (1) = = = = = = = = = = = = = = = = = = = = = = = (2) = = = = = = 1 = 2 = = = = = (2) = = = = = 
0 Individual9
= = = = = = 2 = = = = = = = 4 = = = = = = 4 = = = = = = 1 = = = = = = = = = = = = = 3 = = = = = = = = = = = = = = = = = = 1 = = = 3 = 4 = = = = = = = = = = = 
= = = = = = 4 = = = = = = = 2 = = = = = = 2 = = = = = = 2 = = = = = = = = = = = = = 1 = = = = = = = = = = = = = = = = = = 3 = = = 1 = 2 = = = = = = = = = = = 
END BESTPAIRS2


Phase probabilities at each site
with phase known positions indicated by =
and missing data positions indicated by ?

BEGIN PHASEPROBS
= = = = = = 0.52 = = = = = = = = = = = = = = = = = = = = = = = = = = = = = = = = = 0.94 = 0.74 = = = = = = 0.91 0.95 = = = = = = = = 0.96 = 0.56 = = = = = = = = = 0.77 = = = = = = = 
= = = = = = 1.00 = = = = = = = = = = = = = = = = = = = 1.00 = = = 1.00 = = 1.00 = = = = = = = = 1.00 = = = = = = = = = 1.00 = = = = = = = = 1.00 = = = = = = = = = = = = 0.79 = = = = 
1.00 = 1.00 1.00 1.00 1.00 = = 1.00 1.00 = 1.00 = 1.00 = 1.00 1.00 = 1.00 = 1.00 = 1.00 1.00 1.00 = 1.00 0.52 = 1.00 1.00 1.00 1.00 1.00 = 1.00 1.00 1.00 1.00 1.00 = 1.00 = 1.00 1.00 1.00 1.00 1.00 = = = = = = 1.00 1.00 = 1.00 = = = 1.00 = = 1.00 = 1.00 = 1.00 = 1.00 = 1.00 = = 1.00 = = 1.00 
= = = = = = 1.00 = = = = = = = = = = = = = = = = = = 1.00 = = = = = = = = = = = = = = = = 1.00 = = = = = 1.00 = = 1.00 = 1.00 1.00 = = = = = = 1.00 = 1.00 = = = = = 1.00 = = = = = = = = = 
= = = = = = 0.90 = = = = = = = = = = = = = = = = = = = = = = = = = = = = = = = = = = = = = = = = = = = = = = = = = = = = = = 1.00 = = = = = = = = = = = = = = = = = 
= = = = = = 1.00 = = = = = = = = = = = = = = = = = = 1.00 = = = = = = = = = = = = = = = = 1.00 = = = = = 1.00 = = 1.00 = 1.00 1.00 = = = = = = 1.00 = 1.00 = = = = = 1.00 = = = = = = = = = 
= = = = = = = = = = = = = = = = = = = 0.52 = = = = = 1.00 = = = = = = = = = = = = = = = = 1.00 = = = = = 1.00 = = 1.00 = 1.00 1.00 = = = = = = = = 1.00 = = = = = 1.00 = = = = = = 0.52 = = 
= = = = = = = = = = = = = = = = = = = = = = = = = 1.00 1.00 = = = 1.00 = = 1.00 = = = = = = = = = = = = = = 1.00 = = 1.00 1.00 1.00 1.00 = = = = = = = = 1.00 = = = = = 1.00 = = = = = = = = = 
= = = = = = = = = = 0.69 = = = = = = = = = = = = = = 1.00 1.00 = = = 1.00 = = 1.00 = = = = = = = = = = = = = = = = = 1.00 1.00 1.00 1.00 = 0.69 = = = 0.69 = = 1.00 = = = = = 1.00 = = = = = = = = = 
1.00 0.63 1.00 1.00 1.00 1.00 = = 1.00 1.00 = 1.00 = 1.00 = 1.00 1.00 = 1.00 = 1.00 = 1.00 1.00 1.00 = = 1.00 = 1.00 = 1.00 1.00 = = 1.00 1.00 1.00 1.00 1.00 = 1.00 = 1.00 1.00 1.00 1.00 1.00 = = = = 1.00 = 1.00 1.00 = 1.00 = = = 1.00 = = 1.00 = 1.00 = 1.00 = 1.00 0.77 1.00 = 1.00 1.00 = = 1.00 
= = = = 0.64 = = = = = = = 1.00 = = = = = = = = = = = = 1.00 = = = = = = 1.00 = = = = = = = = = = = = = = = 1.00 = = 1.00 = 1.00 1.00 = = = = = = = 0.64 1.00 = = = = = 1.00 = = = = = = = 1.00 = 
= = = = = = 1.00 = = = = = = = = = = = = = = = = = = = 1.00 = = = 1.00 = = 1.00 = = = = = = = = 1.00 = = = = = = = = = 1.00 = = = = = = = = 1.00 = = = = = = = = = = = = 0.80 = = = = 
= = = = = = = = = = = = 1.00 = = = = = = = = = = = = 1.00 = = = = = = 1.00 = = = = = = = = = = = = = = = 1.00 = = 1.00 = 1.00 1.00 = = = = = = = = 1.00 = = = = = 1.00 = = = = = = = 0.98 = 
= = = = = = = 0.82 = = = = = = 1.00 = = 0.80 = = = 1.00 = = = = 1.00 = 1.00 = = = = 1.00 0.85 = = = = = = = = = = = = = = = = = = = = = = = 0.83 = = = = = = 1.00 = 1.00 = = = = = 0.83 = = = = = 
= = = = = = 1.00 = = = = = = = 1.00 = = = = = = 1.00 = = = = = = 1.00 = = = = = = = = = = = = = 1.00 = = = = = = = = = = = = = = = = = = 1.00 = = = 1.00 = 1.00 = = = = = = = = = = = 
END PHASEPROBS
