*************************************************************
****                                                     ****
****            Output from PHASE v2.1.1                 ****
****  Code by M Stephens, with contributions from N Li   ****
****                                                     ****
*************************************************************

BEGIN COMMAND_LINE 
/home/yann/proj/phase.2.1.1.linux/PHASE phase.inp phase.out 
END COMMAND_LINE 

BEGIN OUTFILE_LIST
phase.out_freqs : haplotype frequency estimates
phase.out_pairs : most likely haplotype pairs for each individual
phase.out_recom : estimates of recombination parameters
phase.out_monitor : file for monitoring convergence
END OUTFILE_LIST

BEGIN INPUT_SUMMARY
Number of Individuals: 10
Number of Loci: 84
Positions of loci: 1 2 8 12 15 17 18 20 22 23 26 27 28 35 37 38 40 42 48 49 53 54 65 68 71 76 78 80 90 91 94 96 99 102 103 106 109 110 115 120 121 130 133 138 146 149 150 156 166 168 170 172 173 179 187 189 199 202 204 208 214 221 222 227 230 231 233 240 241 245 249 256 259 265 269 270 273 277 280 283 292 294 296 297 
END INPUT_SUMMARY

List of haplotypes found in best reconstruction, with counts.
(See file phase.out_freqs for haplotype population frequency estimates)

BEGIN LIST_SUMMARY
         1 14212411421411331412443233432413121322 3 432444 3 42411133322323212242134341323431431314    3.000000
         2 14212411421411331412443233432413321322 4 432444 4 44411131322323214242334341323431431314    1.000000
         3 14212411421411331412443233432413321342 4 432444 4 44411131322323214242334341323431431314    1.000000
         4 14212413423411331412443233432413121342 3 412444 3 42411133322323232242134341323431431334    1.000000
         5 14212413423411331412443233432413121342 3 432444 3 42411133322323232242134341323431431334    2.000000
         6 14212413423411331412443233432413121342 3 432444 3 42411133322323232242114341323431431334    3.000000
         7 14212413423411331412443233432413121342 3 432444 3 42411333322323232242134341323431431334    2.000000
         8 14212431421411331412443233432413121322 3 432444 3 42411133322323212242134341323431441314    1.000000
         9 14214213223211112232421231412231113124 2 234222 1 22233133142143314444132123341213231312    2.000000
        10 14214213223233112232221231412231113124 2 234222 1 22233133142143314444132123341213231314    1.000000
        11 14312413423411331412443233432413121344 3 432444 3 42411133322323232222134341323431431334    1.000000
        12 12234211443211111234441411234433113122 2 234422 1 22233113144341314244132121141233433114    1.000000
        13 34212411421411331412443233432413321342 4 432444 3 44411131322323214242334341323431431314    1.000000
END LIST_SUMMARY


Summary of best reconstruction
(numbers refer to the list of haplotypes given above)

BEGIN BESTPAIRS_SUMMARY
Individual0: (1,4)
Individual1: (7,10)
Individual2: (2,12)
Individual3: (6,9)
Individual4: (8,9)
Individual5: (1,5)
Individual6: (6,13)
Individual7: (5,11)
Individual8: (1,6)
Individual9: (3,7)
END BESTPAIRS_SUMMARY


Haplotype estimates for each individual, with uncertain phases enclosed in ()
and uncertain genotypes enclosed in []:

BEGIN BESTPAIRS1
0 Individual0
1 4 2 1 2 4 1 1 4 2 1 4 1 1 3 3 1 4 1 2 4 4 3 2 3 3 4 3 2 4 1 3 1 2 1 3 2 2 3 4 (3) 2 4 4 4 3 4 2 4 1 1 1 3 3 3 2 2 3 2 3 2 1 2 2 4 2 1 3 4 3 4 1 3 2 3 4 3 1 4 3 1 3 1 4 
1 4 2 1 2 4 1 3 4 2 3 4 1 1 3 3 1 4 1 2 4 4 3 2 3 3 4 3 2 4 1 3 1 2 1 3 4 2 3 4 (1) 2 4 4 4 3 4 2 4 1 1 1 3 3 3 2 2 3 2 3 2 3 2 2 4 2 1 3 4 3 4 1 3 2 3 4 3 1 4 3 1 3 3 4 
0 Individual1
1 4 2 1 2 4 1 3 4 2 3 4 (1) (1) 3 3 1 4 1 2 (4) 4 3 2 3 3 4 3 2 4 1 3 1 2 1 3 4 2 3 4 3 2 4 4 4 3 4 2 4 1 1 (3) 3 3 3 2 2 3 2 3 2 3 2 2 4 2 1 3 4 3 4 1 3 2 3 4 3 1 4 3 1 3 3 4 
1 4 2 1 4 2 1 3 2 2 3 2 (3) (3) 1 1 2 2 3 2 (2) 2 1 2 3 1 4 1 2 2 3 1 1 1 3 1 2 4 2 2 3 4 2 2 2 1 2 2 2 3 3 (1) 3 3 1 4 2 1 4 3 3 1 4 4 4 4 1 3 2 1 2 3 3 4 1 2 1 3 2 3 1 3 1 4 
0 Individual2
1 4 2 1 2 4 1 1 4 2 1 4 1 1 3 3 1 4 1 2 4 4 3 2 3 3 4 3 2 4 1 3 3 2 1 3 2 2 4 4 3 2 4 4 4 4 4 4 4 1 1 1 3 1 3 2 2 3 2 3 2 1 4 2 4 2 3 3 4 3 4 1 3 2 3 4 3 1 4 3 1 3 1 4 
1 2 2 3 4 2 1 1 4 4 3 2 1 1 1 1 1 2 3 4 4 4 1 4 1 1 2 3 4 4 3 3 1 1 3 1 2 2 2 2 3 4 4 2 2 1 2 2 2 3 3 1 1 3 1 4 4 3 4 1 3 1 4 2 4 4 1 3 2 1 2 1 1 4 1 2 3 3 4 3 3 1 1 4 
0 Individual3
1 4 2 1 2 4 1 3 4 2 3 4 1 1 3 3 1 4 1 2 4 4 3 2 3 3 4 3 2 4 1 3 1 2 1 3 4 2 3 4 3 2 4 4 4 3 4 2 4 1 1 1 3 3 3 2 2 3 2 3 2 3 2 2 4 2 1 1 4 3 4 1 3 2 3 4 3 1 4 3 1 3 3 4 
1 4 2 1 4 2 1 3 2 2 3 2 1 1 1 1 2 2 3 2 4 2 1 2 3 1 4 1 2 2 3 1 1 1 3 1 2 4 2 2 3 4 2 2 2 1 2 2 2 3 3 1 3 3 1 4 2 1 4 3 3 1 4 4 4 4 1 3 2 1 2 3 3 4 1 2 1 3 2 3 1 3 1 2 
0 Individual4
1 4 2 1 2 4 (3) 1 4 2 1 4 1 1 3 3 1 4 1 2 4 4 3 2 3 3 4 3 2 4 1 3 1 2 1 3 2 2 3 4 3 2 4 4 4 3 4 2 4 1 1 1 3 3 3 2 2 3 2 3 2 1 2 2 4 2 1 3 4 3 4 1 3 2 3 4 3 1 4 (4) 1 3 1 4 
1 4 2 1 4 2 (1) 3 2 2 3 2 1 1 1 1 2 2 3 2 4 2 1 2 3 1 4 1 2 2 3 1 1 1 3 1 2 4 2 2 3 4 2 2 2 1 2 2 2 3 3 1 3 3 1 4 2 1 4 3 3 1 4 4 4 4 1 3 2 1 2 3 3 4 1 2 1 3 2 (3) 1 3 1 2 
0 Individual5
1 4 2 1 2 4 1 1 4 2 1 4 1 1 3 3 1 4 1 2 4 4 3 2 3 3 4 3 2 4 1 3 1 2 1 3 2 2 3 4 3 2 4 4 4 3 4 2 4 1 1 1 3 3 3 2 2 3 2 3 2 1 2 2 4 2 1 3 4 3 4 1 3 2 3 4 3 1 4 3 1 3 1 4 
1 4 2 1 2 4 1 3 4 2 3 4 1 1 3 3 1 4 1 2 4 4 3 2 3 3 4 3 2 4 1 3 1 2 1 3 4 2 3 4 3 2 4 4 4 3 4 2 4 1 1 1 3 3 3 2 2 3 2 3 2 3 2 2 4 2 1 3 4 3 4 1 3 2 3 4 3 1 4 3 1 3 3 4 
0 Individual6
(1) 4 2 1 2 4 1 3 4 2 3 4 1 1 3 3 1 4 1 2 4 4 3 2 3 3 4 3 2 4 1 3 1 2 1 3 4 2 3 4 3 2 4 4 4 3 4 2 4 1 1 1 3 3 3 2 2 3 2 3 2 3 2 2 4 2 1 1 4 3 4 1 3 2 3 4 3 1 4 3 1 3 3 4 
(3) 4 2 1 2 4 1 1 4 2 1 4 1 1 3 3 1 4 1 2 4 4 3 2 3 3 4 3 2 4 1 3 3 2 1 3 4 2 4 4 3 2 4 4 4 3 4 4 4 1 1 1 3 1 3 2 2 3 2 3 2 1 4 2 4 2 3 3 4 3 4 1 3 2 3 4 3 1 4 3 1 3 1 4 
0 Individual7
1 4 (2) 1 2 4 1 3 4 2 3 4 1 1 3 3 1 4 1 2 4 4 3 2 3 3 4 3 2 4 1 3 1 2 1 3 4 (2) 3 4 3 2 4 4 4 3 4 2 4 1 1 1 3 3 3 2 2 3 2 3 2 3 2 2 (4) 2 1 3 4 3 4 1 3 2 3 4 3 1 4 3 1 3 3 4 
1 4 (3) 1 2 4 1 3 4 2 3 4 1 1 3 3 1 4 1 2 4 4 3 2 3 3 4 3 2 4 1 3 1 2 1 3 4 (4) 3 4 3 2 4 4 4 3 4 2 4 1 1 1 3 3 3 2 2 3 2 3 2 3 2 2 (2) 2 1 3 4 3 4 1 3 2 3 4 3 1 4 3 1 3 3 4 
0 Individual8
1 4 2 1 2 4 1 1 4 2 1 4 1 1 3 3 1 4 1 2 4 4 3 2 3 3 4 3 2 4 1 3 1 2 1 3 2 2 3 4 3 2 4 4 4 3 4 2 4 1 1 1 3 3 3 2 2 3 2 3 2 1 2 2 4 2 1 3 4 3 4 1 3 2 3 4 3 1 4 3 1 3 1 4 
1 4 2 1 2 4 1 3 4 2 3 4 1 1 3 3 1 4 1 2 4 4 3 2 3 3 4 3 2 4 1 3 1 2 1 3 4 2 3 4 3 2 4 4 4 3 4 2 4 1 1 1 3 3 3 2 2 3 2 3 2 3 2 2 4 2 1 1 4 3 4 1 3 2 3 4 3 1 4 3 1 3 3 4 
0 Individual9
1 4 2 1 2 4 1 1 4 2 1 4 1 1 3 3 1 4 1 2 4 4 3 2 3 3 4 3 2 4 1 3 3 2 1 3 4 2 4 4 3 2 4 4 4 (4) 4 4 4 1 1 (1) 3 1 3 2 2 3 2 3 2 1 4 2 4 2 3 3 4 3 4 1 3 2 3 4 3 1 4 3 1 3 1 4 
1 4 2 1 2 4 1 3 4 2 3 4 1 1 3 3 1 4 1 2 4 4 3 2 3 3 4 3 2 4 1 3 1 2 1 3 4 2 3 4 3 2 4 4 4 (3) 4 2 4 1 1 (3) 3 3 3 2 2 3 2 3 2 3 2 2 4 2 1 3 4 3 4 1 3 2 3 4 3 1 4 3 1 3 3 4 
END BESTPAIRS1


Haplotype estimates for each individual, with uncertain phases enclosed in ()
and uncertain genotypes enclosed in []
with phase known positions indicated by =

BEGIN BESTPAIRS2
0 Individual0
= = = = = = = 1 = = 1 = = = = = = = = = = = = = = = = = = = = = = = = = 2 = = = (3) = = = = = = = = = = = = = = = = = = = = 1 = = = = = = = = = = = = = = = = = = = = 1 = 
= = = = = = = 3 = = 3 = = = = = = = = = = = = = = = = = = = = = = = = = 4 = = = (1) = = = = = = = = = = = = = = = = = = = = 3 = = = = = = = = = = = = = = = = = = = = 3 = 
0 Individual1
= = = = 2 4 = = 4 = = 4 (1) (1) 3 3 1 4 1 = (4) 4 3 = = 3 = 3 = 4 1 3 = 2 1 3 4 2 3 4 = 2 4 4 4 3 4 = 4 1 1 (3) = = 3 2 = 3 2 = 2 3 2 2 = 2 = = 4 3 4 1 = 2 3 4 3 1 4 = = = 3 = 
= = = = 4 2 = = 2 = = 2 (3) (3) 1 1 2 2 3 = (2) 2 1 = = 1 = 1 = 2 3 1 = 1 3 1 2 4 2 2 = 4 2 2 2 1 2 = 2 3 3 (1) = = 1 4 = 1 4 = 3 1 4 4 = 4 = = 2 1 2 3 = 4 1 2 1 3 2 = = = 1 = 
0 Individual2
= 4 = 1 2 4 = = = 2 1 4 = = 3 3 = 4 1 2 = = 3 2 3 3 4 = 2 = 1 = 3 2 1 3 = = 4 4 = 2 = 4 4 4 4 4 4 1 1 = 3 1 3 2 2 = 2 3 2 = = = = 2 3 = 4 3 4 = 3 2 3 4 = 1 = = 1 3 = = 
= 2 = 3 4 2 = = = 4 3 2 = = 1 1 = 2 3 4 = = 1 4 1 1 2 = 4 = 3 = 1 1 3 1 = = 2 2 = 4 = 2 2 1 2 2 2 3 3 = 1 3 1 4 4 = 4 1 3 = = = = 4 1 = 2 1 2 = 1 4 1 2 = 3 = = 3 1 = = 
0 Individual3
= = = = 2 4 = = 4 = = 4 = = 3 3 1 4 1 = = 4 3 = = 3 = 3 = 4 1 3 = 2 1 3 4 2 3 4 = 2 4 4 4 3 4 = 4 1 1 = = = 3 2 = 3 2 = 2 3 2 2 = 2 = 1 4 3 4 1 = 2 3 4 3 1 4 = = = 3 4 
= = = = 4 2 = = 2 = = 2 = = 1 1 2 2 3 = = 2 1 = = 1 = 1 = 2 3 1 = 1 3 1 2 4 2 2 = 4 2 2 2 1 2 = 2 3 3 = = = 1 4 = 1 4 = 3 1 4 4 = 4 = 3 2 1 2 3 = 4 1 2 1 3 2 = = = 1 2 
0 Individual4
= = = = 2 4 (3) 1 4 = 1 4 = = 3 3 1 4 1 = = 4 3 = = 3 = 3 = 4 1 3 = 2 1 3 = 2 3 4 = 2 4 4 4 3 4 = 4 1 1 = = = 3 2 = 3 2 = 2 = 2 2 = 2 = = 4 3 4 1 = 2 3 4 3 1 4 (4) = = = 4 
= = = = 4 2 (1) 3 2 = 3 2 = = 1 1 2 2 3 = = 2 1 = = 1 = 1 = 2 3 1 = 1 3 1 = 4 2 2 = 4 2 2 2 1 2 = 2 3 3 = = = 1 4 = 1 4 = 3 = 4 4 = 4 = = 2 1 2 3 = 4 1 2 1 3 2 (3) = = = 2 
0 Individual5
= = = = = = = 1 = = 1 = = = = = = = = = = = = = = = = = = = = = = = = = 2 = = = = = = = = = = = = = = = = = = = = = = = = 1 = = = = = = = = = = = = = = = = = = = = 1 = 
= = = = = = = 3 = = 3 = = = = = = = = = = = = = = = = = = = = = = = = = 4 = = = = = = = = = = = = = = = = = = = = = = = = 3 = = = = = = = = = = = = = = = = = = = = 3 = 
0 Individual6
(1) = = = = = = 3 = = 3 = = = = = = = = = = = = = = = = = = = = = 1 = = = = = 3 = = = = = = = = 2 = = = = = 3 = = = = = = = 3 2 = = = 1 1 = = = = = = = = = = = = = = 3 = 
(3) = = = = = = 1 = = 1 = = = = = = = = = = = = = = = = = = = = = 3 = = = = = 4 = = = = = = = = 4 = = = = = 1 = = = = = = = 1 4 = = = 3 3 = = = = = = = = = = = = = = 1 = 
0 Individual7
= = (2) = = = = = = = = = = = = = = = = = = = = = = = = = = = = = = = = = = (2) = = = = = = = = = = = = = = = = = = = = = = = = = = (4) = = = = = = = = = = = = = = = = = = = 
= = (3) = = = = = = = = = = = = = = = = = = = = = = = = = = = = = = = = = = (4) = = = = = = = = = = = = = = = = = = = = = = = = = = (2) = = = = = = = = = = = = = = = = = = = 
0 Individual8
= = = = = = = 1 = = 1 = = = = = = = = = = = = = = = = = = = = = = = = = 2 = = = = = = = = = = = = = = = = = = = = = = = = 1 = = = = = 3 = = = = = = = = = = = = = = 1 = 
= = = = = = = 3 = = 3 = = = = = = = = = = = = = = = = = = = = = = = = = 4 = = = = = = = = = = = = = = = = = = = = = = = = 3 = = = = = 1 = = = = = = = = = = = = = = 3 = 
0 Individual9
= = = = = = = 1 = = 1 = = = = = = = = = = = = = = = = = = = = = 3 = = = = = 4 = = = = = = (4) = 4 = = = (1) = 1 = = = = = = = 1 4 = = = 3 = = = = = = = = = = = = = = = 1 = 
= = = = = = = 3 = = 3 = = = = = = = = = = = = = = = = = = = = = 1 = = = = = 3 = = = = = = (3) = 2 = = = (3) = 3 = = = = = = = 3 2 = = = 1 = = = = = = = = = = = = = = = 3 = 
END BESTPAIRS2


Phase probabilities at each site
with phase known positions indicated by =
and missing data positions indicated by ?

BEGIN PHASEPROBS
= = = = = = = 1.00 = = 1.00 = = = = = = = = = = = = = = = = = = = = = = = = = 1.00 = = = 0.50 = = = = = = = = = = = = = = = = = = = = 1.00 = = = = = = = = = = = = = = = = = = = = 1.00 = 
= = = = 1.00 1.00 = = 1.00 = = 1.00 0.61 0.61 1.00 1.00 1.00 1.00 1.00 = 0.61 1.00 1.00 = = 1.00 = 1.00 = 1.00 1.00 1.00 = 1.00 1.00 1.00 1.00 1.00 1.00 1.00 = 1.00 1.00 1.00 1.00 1.00 1.00 = 1.00 1.00 1.00 0.64 = = 1.00 1.00 = 1.00 1.00 = 1.00 1.00 1.00 1.00 = 1.00 = = 1.00 1.00 1.00 1.00 = 1.00 1.00 1.00 1.00 1.00 1.00 = = = 1.00 = 
= 0.95 = 0.95 1.00 1.00 = = = 0.95 1.00 1.00 = = 1.00 1.00 = 1.00 1.00 0.95 = = 1.00 0.95 0.95 1.00 0.95 = 0.95 = 1.00 = 1.00 1.00 1.00 1.00 = = 1.00 1.00 = 1.00 = 1.00 1.00 1.00 1.00 1.00 1.00 1.00 1.00 = 0.95 1.00 1.00 1.00 0.95 = 1.00 0.95 1.00 = = = = 1.00 1.00 = 1.00 1.00 1.00 = 0.95 1.00 1.00 1.00 = 1.00 = = 0.95 0.95 = = 
= = = = 1.00 1.00 = = 1.00 = = 1.00 = = 1.00 1.00 1.00 1.00 1.00 = = 1.00 1.00 = = 1.00 = 1.00 = 1.00 1.00 1.00 = 1.00 1.00 1.00 1.00 1.00 1.00 1.00 = 1.00 1.00 1.00 1.00 1.00 1.00 = 1.00 1.00 1.00 = = = 1.00 1.00 = 1.00 1.00 = 1.00 1.00 1.00 1.00 = 1.00 = 1.00 1.00 1.00 1.00 1.00 = 1.00 1.00 1.00 1.00 1.00 1.00 = = = 1.00 0.96 
= = = = 1.00 1.00 0.50 1.00 1.00 = 1.00 1.00 = = 1.00 1.00 1.00 1.00 1.00 = = 1.00 1.00 = = 1.00 = 1.00 = 1.00 1.00 1.00 = 1.00 1.00 1.00 = 1.00 1.00 1.00 = 1.00 1.00 1.00 1.00 1.00 1.00 = 1.00 1.00 1.00 = = = 1.00 1.00 = 1.00 1.00 = 1.00 = 1.00 1.00 = 1.00 = = 1.00 1.00 1.00 1.00 = 1.00 1.00 1.00 1.00 1.00 1.00 0.50 = = = 0.99 
= = = = = = = 1.00 = = 1.00 = = = = = = = = = = = = = = = = = = = = = = = = = 1.00 = = = = = = = = = = = = = = = = = = = = = = = = 1.00 = = = = = = = = = = = = = = = = = = = = 1.00 = 
0.52 = = = = = = 1.00 = = 1.00 = = = = = = = = = = = = = = = = = = = = = 1.00 = = = = = 1.00 = = = = = = = = 1.00 = = = = = 1.00 = = = = = = = 1.00 1.00 = = = 1.00 1.00 = = = = = = = = = = = = = = 1.00 = 
= = 0.77 = = = = = = = = = = = = = = = = = = = = = = = = = = = = = = = = = = 0.77 = = = = = = = = = = = = = = = = = = = = = = = = = = 0.77 = = = = = = = = = = = = = = = = = = = 
= = = = = = = 1.00 = = 1.00 = = = = = = = = = = = = = = = = = = = = = = = = = 1.00 = = = = = = = = = = = = = = = = = = = = = = = = 1.00 = = = = = 0.98 = = = = = = = = = = = = = = 1.00 = 
= = = = = = = 1.00 = = 1.00 = = = = = = = = = = = = = = = = = = = = = 1.00 = = = = = 1.00 = = = = = = 0.63 = 1.00 = = = 0.59 = 1.00 = = = = = = = 1.00 1.00 = = = 1.00 = = = = = = = = = = = = = = = 1.00 = 
END PHASEPROBS
