*************************************************************
****                                                     ****
****            Output from PHASE v2.1.1                 ****
****  Code by M Stephens, with contributions from N Li   ****
****                                                     ****
*************************************************************

BEGIN COMMAND_LINE 
/home/yann/proj/phase.2.1.1.linux/PHASE phase.inp phase.out 
END COMMAND_LINE 

BEGIN OUTFILE_LIST
phase.out_freqs : haplotype frequency estimates
phase.out_pairs : most likely haplotype pairs for each individual
phase.out_recom : estimates of recombination parameters
phase.out_monitor : file for monitoring convergence
END OUTFILE_LIST

BEGIN INPUT_SUMMARY
Number of Individuals: 45
Number of Loci: 94
Positions of loci: 5 7 9 11 14 16 18 24 26 31 32 33 37 38 42 43 52 55 56 58 63 64 66 67 72 79 82 83 89 93 100 101 105 107 109 110 113 115 116 119 121 122 124 129 132 134 141 143 144 145 146 148 151 158 160 162 164 175 177 188 195 197 200 208 209 211 213 214 221 223 226 228 232 233 235 236 243 246 252 255 260 267 268 272 273 276 278 279 283 291 293 294 295 298 
END INPUT_SUMMARY

List of haplotypes found in best reconstruction, with counts.
(See file phase.out_freqs for haplotype population frequency estimates)

BEGIN LIST_SUMMARY
         1 241331422112132441112124312112441233 1 34234222134432241242133232243 1 423112131411124123333233421    1.000000
         2 241331422112132441112124312112441233 1 34234222134432231442133232243 1 423112131411124123333233421    2.000000
         3 241331422112132441112124312112441233 1 34234222134232231442133232243 1 423112131411124123333233421    2.000000
         4 241331422112132441112124312112441233 1 34234222134232231442133232343 1 423112131411124123333233421   10.000000
         5 241331422112132441112124312112441233 1 34234222134232231442133232343 1 423112111411124123333233421    1.000000
         6 241331422112132441112124312112441233 1 34234222334432231442133232243 1 423112131411124123333233421    1.000000
         7 241331422112132441112124312112443233 1 34234222134232231442133232243 1 423112131411124123333213421    2.000000
         8 241331422112132441112124312112443233 1 34234222134232231442133232243 1 423112131411124123333233421    5.000000
         9 241331422112132441112124312112443233 1 34234222334432231442133232243 1 423112131411124123333233421    2.000000
        10 241331424112132441112124312112441233 1 12334222134232231444133232243 1 423132331211124123333233441   12.000000
        11 241331424112132441112124314112441233 1 34234222134232231442133212241 1 423112131411124123313233441    1.000000
        12 241331424112132441112124314112441233 1 34234222144232231422133212241 1 423112131411124123313431441    1.000000
        13 241331424112132441112124314112421233 1 34234224134232231442133212243 1 423112131411124123313233441    1.000000
        14 241331424112132441112124314114441233 1 34234222144232231442133212241 1 423112131411124323313231441    1.000000
        15 241331424112132441112124112312421233 3 32234222134234231444133232243 1 423112131411124123333233441    1.000000
        16 241331424112132441112124112312421233 3 32234222134234234444133232243 1 423112131411124123333233441    1.000000
        17 241331424112132441112124112312421213 3 32234222134234231444133232243 1 423112131411124123333233441    3.000000
        18 241331424112132441112124112312421213 3 32234222134234231444133232243 1 423112131411124123333233241    1.000000
        19 241331424112132441132124314112421233 1 34234222134232231442133212243 1 423112131411124123313233441    1.000000
        20 241331424112132441132124314112421233 1 34234222134232231442133212243 1 423112131411124123311233441    1.000000
        21 241331424112132441132124314112421233 1 34234222134232231442133212243 1 423112131411144123313233441    1.000000
        22 241331424112112441112124112312421233 3 32234222134234231444133232243 1 423112131411124123333233441    1.000000
        23 241331442112132441112124312112441233 1 34234222134232231442133232343 1 423112131411124123333231421    1.000000
        24 241331224112132441112124112312421213 3 32232222134234231444133232243 1 423112131411124123333233241    3.000000
        25 241331224112132441112124112312421413 3 32232222134234231444133232243 1 423112131411124123333233241    1.000000
        26 241331224112132441112144112312421213 3 32232222134234231444133232243 1 423112131411124123333233241    1.000000
        27 241431422114132441112124312112441233 1 34234222134232231442133232243 1 423112131411121123333233421    1.000000
        28 423333422132134243412122332112241231 1 34224422132432231442133133243 4 241314133433324141113213441   17.000000
        29 423333422132134243412122332112241231 1 34224442132432231442133133243 4 241314133433324141113213441    1.000000
        30 423333422132134243412322332112241231 1 34224422132432231442133133243 2 241314133433324141113213441    2.000000
        31 423333422132134243414122332112241231 1 34224422132432231442333133243 4 241314133433324141113213443    1.000000
        32 423333422132134243414122332132241231 1 34224422132432231442313133243 4 241314133433324141113213443    1.000000
        33 423333422132334243414122332112241231 2 34224422132432231442333133223 4 241314133433324141113213443    1.000000
        34 423313422132134223412122332112241231 1 34234422132432231442131133243 4 241314131433324141113213441    2.000000
        35 423313422132134223412122332112241231 1 34234422132432431442133133243 4 241314131433324141113213441    1.000000
        36 423313422132134223412122332112241231 1 34234422132412231442133133243 4 241314131433324141113213441    4.000000
        37 423313422332134223412122332112241231 1 34234422132432231442133133243 4 241314131433324141113213441    1.000000
END LIST_SUMMARY


Summary of best reconstruction
(numbers refer to the list of haplotypes given above)

BEGIN BESTPAIRS_SUMMARY
Individual0: (1,28)
Individual1: (28,28)
Individual10: (28,34)
Individual11: (4,10)
Individual12: (8,23)
Individual13: (2,10)
Individual14: (2,8)
Individual15: (3,7)
Individual16: (4,16)
Individual17: (8,10)
Individual18: (4,30)
Individual19: (5,28)
Individual2: (10,11)
Individual20: (8,10)
Individual21: (24,26)
Individual22: (6,17)
Individual23: (25,30)
Individual24: (4,28)
Individual25: (4,14)
Individual26: (28,32)
Individual27: (7,28)
Individual28: (12,28)
Individual29: (10,28)
Individual3: (27,36)
Individual30: (8,28)
Individual31: (4,24)
Individual32: (28,34)
Individual33: (10,17)
Individual34: (9,10)
Individual35: (19,35)
Individual36: (28,29)
Individual37: (10,33)
Individual38: (28,28)
Individual39: (4,28)
Individual4: (4,18)
Individual40: (22,36)
Individual41: (3,15)
Individual42: (24,37)
Individual43: (21,28)
Individual44: (10,36)
Individual5: (4,4)
Individual6: (17,20)
Individual7: (10,13)
Individual8: (31,36)
Individual9: (9,10)
END BESTPAIRS_SUMMARY


Haplotype estimates for each individual, with uncertain phases enclosed in ()
and uncertain genotypes enclosed in []:

BEGIN BESTPAIRS1
0 Individual0
2 4 1 3 3 1 4 2 2 1 1 2 1 3 2 4 4 1 1 1 2 1 2 4 3 1 2 1 1 2 4 4 1 2 3 3 1 3 4 2 3 4 2 2 2 1 3 4 4 3 2 2 (4) 1 (2) 4 2 1 3 3 2 3 2 2 4 3 1 4 2 3 1 1 2 1 3 1 4 1 1 1 2 4 1 2 3 3 3 3 2 3 3 4 2 1 
4 2 3 3 3 3 4 2 2 1 3 2 1 3 4 2 4 3 4 1 2 1 2 2 3 3 2 1 1 2 2 4 1 2 3 1 1 3 4 2 2 4 4 2 2 1 3 2 4 3 2 2 (3) 1 (4) 4 2 1 3 3 1 3 3 2 4 3 4 2 4 1 3 1 4 1 3 3 4 3 3 3 2 4 1 4 1 1 1 3 2 1 3 4 4 1 
0 Individual1
4 2 3 3 3 3 4 2 2 1 3 2 1 3 4 2 4 3 4 1 2 1 2 2 3 3 2 1 1 2 2 4 1 2 3 1 1 3 4 2 2 4 4 2 2 1 3 2 4 3 2 2 3 1 4 4 2 1 3 3 1 3 3 2 4 3 4 2 4 1 3 1 4 1 3 3 4 3 3 3 2 4 1 4 1 1 1 3 2 1 3 4 4 1 
4 2 3 3 3 3 4 2 2 1 3 2 1 3 4 2 4 3 4 1 2 1 2 2 3 3 2 1 1 2 2 4 1 2 3 1 1 3 4 2 2 4 4 2 2 1 3 2 4 3 2 2 3 1 4 4 2 1 3 3 1 3 3 2 4 3 4 2 4 1 3 1 4 1 3 3 4 3 3 3 2 4 1 4 1 1 1 3 2 1 3 4 4 1 
0 Individual10
4 2 3 3 3 3 4 2 2 1 3 2 1 3 4 2 4 3 4 1 2 1 2 2 3 3 2 1 1 2 2 4 1 2 3 1 1 3 4 2 2 4 4 2 2 1 3 2 4 3 2 2 3 1 4 4 2 1 3 3 1 3 3 2 4 3 4 2 4 1 3 1 4 1 3 3 4 3 3 3 2 4 1 4 1 1 1 3 2 1 3 4 4 1 
4 2 3 3 1 3 4 2 2 1 3 2 1 3 4 2 2 3 4 1 2 1 2 2 3 3 2 1 1 2 2 4 1 2 3 1 1 3 4 2 3 4 4 2 2 1 3 2 4 3 2 2 3 1 4 4 2 1 3 1 1 3 3 2 4 3 4 2 4 1 3 1 4 1 3 1 4 3 3 3 2 4 1 4 1 1 1 3 2 1 3 4 4 1 
0 Individual11
2 4 1 3 3 1 4 2 2 1 1 2 1 3 2 4 4 1 1 1 2 1 2 4 3 1 2 1 1 2 4 4 1 2 3 3 1 3 4 2 3 4 2 2 2 1 3 4 2 3 2 2 3 1 4 4 2 1 3 3 2 3 2 3 4 3 1 4 2 3 1 1 2 1 3 1 4 1 1 1 2 4 1 2 3 3 3 3 2 3 3 4 2 1 
2 4 1 3 3 1 4 2 4 1 1 2 1 3 2 4 4 1 1 1 2 1 2 4 3 1 2 1 1 2 4 4 1 2 3 3 1 1 2 3 3 4 2 2 2 1 3 4 2 3 2 2 3 1 4 4 4 1 3 3 2 3 2 2 4 3 1 4 2 3 1 3 2 3 3 1 2 1 1 1 2 4 1 2 3 3 3 3 2 3 3 4 4 1 
0 Individual12
2 4 1 3 3 1 4 (2) 2 1 1 2 1 3 2 4 4 1 1 1 2 1 2 4 3 1 2 1 1 2 4 4 3 2 3 3 1 3 4 2 3 4 2 2 2 1 3 4 2 3 2 2 3 1 4 4 2 1 3 3 2 3 2 2 4 3 1 4 2 3 1 1 2 1 3 1 4 1 1 1 2 4 1 2 3 3 3 3 2 3 (3) 4 2 1 
2 4 1 3 3 1 4 (4) 2 1 1 2 1 3 2 4 4 1 1 1 2 1 2 4 3 1 2 1 1 2 4 4 1 2 3 3 1 3 4 2 3 4 2 2 2 1 3 4 2 3 2 2 3 1 4 4 2 1 3 3 2 3 2 3 4 3 1 4 2 3 1 1 2 1 3 1 4 1 1 1 2 4 1 2 3 3 3 3 2 3 (1) 4 2 1 
0 Individual13
2 4 1 3 3 1 4 2 2 1 1 2 1 3 2 4 4 1 1 1 2 1 2 4 3 1 2 1 1 2 4 4 1 2 3 3 1 3 4 2 3 4 2 2 2 1 3 4 4 3 2 2 3 1 4 4 2 1 3 3 2 3 2 2 4 3 1 4 2 3 1 1 2 1 3 1 4 1 1 1 2 4 1 2 3 3 3 3 2 3 3 4 2 1 
2 4 1 3 3 1 4 2 4 1 1 2 1 3 2 4 4 1 1 1 2 1 2 4 3 1 2 1 1 2 4 4 1 2 3 3 1 1 2 3 3 4 2 2 2 1 3 4 2 3 2 2 3 1 4 4 4 1 3 3 2 3 2 2 4 3 1 4 2 3 1 3 2 3 3 1 2 1 1 1 2 4 1 2 3 3 3 3 2 3 3 4 4 1 
0 Individual14
2 4 1 3 3 1 4 2 2 1 1 2 1 3 2 4 4 1 1 1 2 1 2 4 3 1 2 1 1 2 4 4 1 2 3 3 1 3 4 2 3 4 2 2 2 1 3 4 4 3 2 2 3 1 4 4 2 1 3 3 2 3 2 2 4 3 1 4 2 3 1 1 2 1 3 1 4 1 1 1 2 4 1 2 3 3 3 3 2 3 3 4 2 1 
2 4 1 3 3 1 4 2 2 1 1 2 1 3 2 4 4 1 1 1 2 1 2 4 3 1 2 1 1 2 4 4 3 2 3 3 1 3 4 2 3 4 2 2 2 1 3 4 2 3 2 2 3 1 4 4 2 1 3 3 2 3 2 2 4 3 1 4 2 3 1 1 2 1 3 1 4 1 1 1 2 4 1 2 3 3 3 3 2 3 3 4 2 1 
0 Individual15
2 4 1 3 3 1 4 2 2 1 1 2 1 3 2 4 4 1 1 1 2 1 2 4 3 1 2 1 1 2 4 4 1 2 3 3 1 3 4 2 3 4 2 2 2 1 3 4 2 3 2 2 3 1 4 4 2 1 3 3 2 3 2 2 4 3 1 4 2 3 1 1 2 1 3 1 4 1 1 1 2 4 1 2 3 3 3 3 2 3 3 4 2 1 
2 4 1 3 3 1 4 2 2 1 1 2 1 3 2 4 4 1 1 1 2 1 2 4 3 1 2 1 1 2 4 4 3 2 3 3 1 3 4 2 3 4 2 2 2 1 3 4 2 3 2 2 3 1 4 4 2 1 3 3 2 3 2 2 4 3 1 4 2 3 1 1 2 1 3 1 4 1 1 1 2 4 1 2 3 3 3 3 2 1 3 4 2 1 
0 Individual16
2 4 1 3 3 1 4 2 2 1 1 2 1 3 2 4 4 1 1 1 2 1 2 4 3 1 2 1 1 2 4 4 1 2 3 3 1 3 4 2 3 4 2 2 2 1 3 4 2 3 2 2 3 (1) 4 4 2 1 3 3 2 3 2 3 4 3 1 4 2 3 1 1 2 1 3 1 4 1 1 1 2 4 1 2 3 3 3 3 2 3 3 4 2 1 
2 4 1 3 3 1 4 2 4 1 1 2 1 3 2 4 4 1 1 1 2 1 2 4 1 1 2 3 1 2 4 2 1 2 3 3 3 3 2 2 3 4 2 2 2 1 3 4 2 3 4 2 3 (4) 4 4 4 1 3 3 2 3 2 2 4 3 1 4 2 3 1 1 2 1 3 1 4 1 1 1 2 4 1 2 3 3 3 3 2 3 3 4 4 1 
0 Individual17
2 4 1 3 3 1 4 2 2 1 1 2 1 3 2 4 4 1 1 1 2 1 2 4 3 1 2 1 1 2 4 4 3 2 3 3 1 3 4 2 3 4 2 2 2 1 3 4 2 3 2 2 3 1 4 4 2 1 3 3 2 3 2 2 4 3 1 4 2 3 1 1 2 1 3 1 4 1 1 1 2 4 1 2 3 3 3 3 2 3 3 4 2 1 
2 4 1 3 3 1 4 2 4 1 1 2 1 3 2 4 4 1 1 1 2 1 2 4 3 1 2 1 1 2 4 4 1 2 3 3 1 1 2 3 3 4 2 2 2 1 3 4 2 3 2 2 3 1 4 4 4 1 3 3 2 3 2 2 4 3 1 4 2 3 1 3 2 3 3 1 2 1 1 1 2 4 1 2 3 3 3 3 2 3 3 4 4 1 
0 Individual18
2 4 1 3 3 1 4 2 2 1 1 2 1 3 2 4 4 1 1 1 2 1 2 4 3 1 2 1 1 2 4 4 1 2 3 3 1 3 4 2 3 4 2 2 2 1 3 4 2 3 2 2 3 1 4 4 2 1 3 3 2 3 2 3 4 3 1 4 2 3 1 1 2 1 3 1 4 1 1 1 2 4 1 2 3 3 3 3 2 3 3 4 2 1 
4 2 3 3 3 3 4 2 2 1 3 2 1 3 4 2 4 3 4 1 2 3 2 2 3 3 2 1 1 2 2 4 1 2 3 1 1 3 4 2 2 4 4 2 2 1 3 2 4 3 2 2 3 1 4 4 2 1 3 3 1 3 3 2 4 3 2 2 4 1 3 1 4 1 3 3 4 3 3 3 2 4 1 4 1 1 1 3 2 1 3 4 4 1 
0 Individual19
2 4 1 3 3 1 4 2 2 1 1 2 1 3 2 4 4 1 1 1 2 1 2 4 3 1 2 1 1 2 4 4 1 2 3 3 1 3 4 2 3 4 2 2 2 1 3 4 2 3 2 2 3 1 4 4 2 1 3 3 2 3 2 3 4 3 1 4 2 3 1 1 2 1 (1) 1 4 1 1 1 2 4 1 2 3 3 3 3 2 3 3 4 2 1 
4 2 3 3 3 3 4 2 2 1 3 2 1 3 4 2 4 3 4 1 2 1 2 2 3 3 2 1 1 2 2 4 1 2 3 1 1 3 4 2 2 4 4 2 2 1 3 2 4 3 2 2 3 1 4 4 2 1 3 3 1 3 3 2 4 3 4 2 4 1 3 1 4 1 (3) 3 4 3 3 3 2 4 1 4 1 1 1 3 2 1 3 4 4 1 
0 Individual2
2 4 1 3 3 1 4 2 4 1 1 2 1 3 2 4 4 1 1 1 2 1 2 4 3 1 2 1 1 2 4 4 1 2 3 3 1 1 2 3 3 4 2 2 2 1 3 4 2 3 2 2 3 1 4 4 4 1 3 3 2 3 2 2 4 3 1 4 2 3 1 3 2 3 3 1 2 1 1 1 2 4 1 2 3 3 3 3 2 3 3 4 4 1 
2 4 1 3 3 1 4 2 4 1 1 2 1 3 2 4 4 1 1 1 2 1 2 4 3 1 4 1 1 2 4 4 1 2 3 3 1 3 4 2 3 4 2 2 2 1 3 4 2 3 2 2 3 1 4 4 2 1 3 3 2 1 2 2 4 1 1 4 2 3 1 1 2 1 3 1 4 1 1 1 2 4 1 2 3 3 1 3 2 3 3 4 4 1 
0 Individual20
2 4 1 3 3 1 4 2 2 1 1 2 1 3 2 4 4 1 1 1 2 1 2 4 3 1 2 1 1 2 4 4 3 2 3 3 1 3 4 2 3 4 2 2 2 1 3 4 2 3 2 2 3 1 4 4 2 1 3 3 2 3 2 2 4 3 1 4 2 3 1 1 2 1 3 1 4 1 1 1 2 4 1 2 3 3 3 3 2 3 3 4 2 1 
2 4 1 3 3 1 4 2 4 1 1 2 1 3 2 4 4 1 1 1 2 1 2 4 3 1 2 1 1 2 4 4 1 2 3 3 1 1 2 3 3 4 2 2 2 1 3 4 2 3 2 2 3 1 4 4 4 1 3 3 2 3 2 2 4 3 1 4 2 3 1 3 2 3 3 1 2 1 1 1 2 4 1 2 3 3 3 3 2 3 3 4 4 1 
0 Individual21
2 4 1 3 3 1 2 2 4 1 1 2 1 3 2 4 4 1 1 1 2 1 2 4 1 1 2 3 1 2 4 2 1 2 1 3 3 3 2 2 3 2 2 2 2 1 3 4 2 3 4 2 3 1 4 4 4 1 3 3 2 3 2 2 4 3 1 4 2 3 1 1 2 1 3 1 4 1 1 1 2 4 1 2 3 3 3 3 2 3 3 2 4 1 
2 4 1 3 3 1 2 2 4 1 1 2 1 3 2 4 4 1 1 1 2 1 4 4 1 1 2 3 1 2 4 2 1 2 1 3 3 3 2 2 3 2 2 2 2 1 3 4 2 3 4 2 3 1 4 4 4 1 3 3 2 3 2 2 4 3 1 4 2 3 1 1 2 1 3 1 4 1 1 1 2 4 1 2 3 3 3 3 2 3 3 2 4 1 
0 Individual22
2 4 1 3 3 1 4 2 2 1 1 2 1 3 2 4 4 1 1 1 2 1 2 4 3 1 2 1 1 2 4 4 1 2 3 3 1 3 4 2 3 4 2 2 2 3 3 4 4 3 2 2 3 1 4 4 2 1 3 3 2 3 2 2 4 3 1 4 2 3 1 1 2 1 3 1 4 1 1 1 2 4 1 2 3 3 3 3 2 3 3 4 2 1 
2 4 1 3 3 1 4 2 4 1 1 2 1 3 2 4 4 1 1 1 2 1 2 4 1 1 2 3 1 2 4 2 1 2 1 3 3 3 2 2 3 4 2 2 2 1 3 4 2 3 4 2 3 1 4 4 4 1 3 3 2 3 2 2 4 3 1 4 2 3 1 1 2 1 3 1 4 1 1 1 2 4 1 2 3 3 3 3 2 3 3 4 4 1 
0 Individual23
2 4 1 3 3 1 2 2 4 1 1 2 1 3 2 4 4 1 1 1 2 1 2 4 1 1 2 3 1 2 4 2 1 (4) 1 3 3 3 2 2 3 2 2 2 2 1 3 4 2 3 4 2 3 1 4 4 4 1 3 3 2 3 2 2 4 3 1 4 2 3 1 1 2 1 3 1 4 1 1 1 2 4 1 2 3 3 3 3 2 3 3 2 4 1 
4 2 3 3 3 3 4 2 2 1 3 2 1 3 4 2 4 3 4 1 2 3 2 2 3 3 2 1 1 2 2 4 1 (2) 3 1 1 3 4 2 2 4 4 2 2 1 3 2 4 3 2 2 3 1 4 4 2 1 3 3 1 3 3 2 4 3 2 2 4 1 3 1 4 1 3 3 4 3 3 3 2 4 1 4 1 1 1 3 2 1 3 4 4 1 
0 Individual24
2 4 1 3 3 1 4 2 2 1 1 2 1 3 2 4 4 1 1 1 2 1 2 4 3 1 2 1 1 2 4 4 1 2 3 3 1 3 4 2 3 4 2 2 2 1 3 4 2 3 2 2 3 1 4 4 2 1 3 3 2 3 2 3 4 3 1 4 2 3 1 1 2 1 3 1 4 1 1 1 2 4 1 2 3 3 3 3 2 3 3 4 2 1 
4 2 3 3 3 3 4 2 2 1 3 2 1 3 4 2 4 3 4 1 2 1 2 2 3 3 2 1 1 2 2 4 1 2 3 1 1 3 4 2 2 4 4 2 2 1 3 2 4 3 2 2 3 1 4 4 2 1 3 3 1 3 3 2 4 3 4 2 4 1 3 1 4 1 3 3 4 3 3 3 2 4 1 4 1 1 1 3 2 1 3 4 4 1 
0 Individual25
2 4 1 3 3 1 4 2 2 1 1 2 1 3 2 4 4 1 1 1 2 1 2 4 3 1 2 1 1 (2) 4 4 1 2 3 3 1 3 4 2 3 4 2 2 2 1 (3) 4 2 3 2 2 3 1 4 4 2 1 3 3 2 3 2 3 4 3 1 4 2 3 1 1 2 1 3 1 4 1 1 1 2 4 (1) 2 3 3 3 3 2 3 (3) 4 2 1 
2 4 1 3 3 1 4 2 4 1 1 2 1 3 2 4 4 1 1 1 2 1 2 4 3 1 4 1 1 (4) 4 4 1 2 3 3 1 3 4 2 3 4 2 2 2 1 (4) 4 2 3 2 2 3 1 4 4 2 1 3 3 2 1 2 2 4 1 1 4 2 3 1 1 2 1 3 1 4 1 1 1 2 4 (3) 2 3 3 1 3 2 3 (1) 4 4 1 
0 Individual26
4 2 3 3 3 3 4 2 2 1 3 2 1 3 4 2 4 3 4 1 2 1 2 2 3 3 2 1 (1) 2 2 4 1 2 3 1 1 3 4 2 2 4 4 2 2 1 3 2 4 3 2 2 3 1 4 4 2 1 (3) 3 1 3 3 2 4 3 4 2 4 1 3 1 4 1 3 3 4 3 3 3 2 4 1 4 1 1 1 3 2 1 3 4 4 1 
4 2 3 3 3 3 4 2 2 1 3 2 1 3 4 2 4 3 4 1 4 1 2 2 3 3 2 1 (3) 2 2 4 1 2 3 1 1 3 4 2 2 4 4 2 2 1 3 2 4 3 2 2 3 1 4 4 2 3 (1) 3 1 3 3 2 4 3 4 2 4 1 3 1 4 1 3 3 4 3 3 3 2 4 1 4 1 1 1 3 2 1 3 4 4 3 
0 Individual27
2 4 1 3 3 1 4 2 2 1 1 2 1 3 2 4 4 1 1 1 2 1 2 4 3 1 2 1 1 2 4 4 3 2 3 3 1 3 4 2 3 4 2 2 2 1 3 4 2 3 2 2 3 1 4 4 2 1 3 3 2 3 2 2 4 3 1 4 2 3 1 1 2 1 3 1 4 1 1 1 2 4 1 2 3 3 3 3 2 1 3 4 2 1 
4 2 3 3 3 3 4 2 2 1 3 2 1 3 4 2 4 3 4 1 2 1 2 2 3 3 2 1 1 2 2 4 1 2 3 1 1 3 4 2 2 4 4 2 2 1 3 2 4 3 2 2 3 1 4 4 2 1 3 3 1 3 3 2 4 3 4 2 4 1 3 1 4 1 3 3 4 3 3 3 2 4 1 4 1 1 1 3 2 1 3 4 4 1 
0 Individual28
2 4 1 3 3 1 4 2 4 1 1 2 1 3 2 4 4 1 1 1 2 1 2 4 3 1 4 1 1 2 4 4 1 2 3 3 1 3 4 2 3 4 2 2 2 1 (4) 4 2 3 2 2 3 1 4 (2) 2 1 3 3 2 1 2 2 4 1 1 4 2 3 1 1 2 1 3 1 4 1 1 1 2 4 1 2 3 3 1 3 (4) 3 (1) 4 4 1 
4 2 3 3 3 3 4 2 2 1 3 2 1 3 4 2 4 3 4 1 2 1 2 2 3 3 2 1 1 2 2 4 1 2 3 1 1 3 4 2 2 4 4 2 2 1 (3) 2 4 3 2 2 3 1 4 (4) 2 1 3 3 1 3 3 2 4 3 4 2 4 1 3 1 4 1 3 3 4 3 3 3 2 4 1 4 1 1 1 3 (2) 1 (3) 4 4 1 
0 Individual29
2 4 1 3 3 1 4 2 4 1 1 2 1 3 2 4 4 1 1 1 2 1 2 4 3 1 2 1 1 2 4 4 1 2 3 3 1 1 2 3 3 4 2 2 2 1 3 4 2 3 2 2 3 1 4 4 4 1 3 3 2 3 2 2 4 3 1 4 2 3 1 3 2 3 3 1 2 1 1 1 2 4 1 2 3 3 3 3 2 3 3 4 4 1 
4 2 3 3 3 3 4 2 2 1 3 2 1 3 4 2 4 3 4 1 2 1 2 2 3 3 2 1 1 2 2 4 1 2 3 1 1 3 4 2 2 4 4 2 2 1 3 2 4 3 2 2 3 1 4 4 2 1 3 3 1 3 3 2 4 3 4 2 4 1 3 1 4 1 3 3 4 3 3 3 2 4 1 4 1 1 1 3 2 1 3 4 4 1 
0 Individual3
2 4 1 (4) 3 1 4 2 2 1 1 (4) 1 3 2 4 4 1 1 1 2 1 2 4 3 1 2 1 1 2 4 4 1 2 3 3 1 3 4 2 3 4 2 2 2 1 3 4 2 3 2 2 3 1 4 4 2 1 3 3 2 3 2 2 4 3 1 4 2 3 1 1 2 1 3 1 4 1 1 1 2 (1) 1 2 3 3 3 3 2 3 3 4 2 1 
4 2 3 (3) 1 3 4 2 2 1 3 (2) 1 3 4 2 2 3 4 1 2 1 2 2 3 3 2 1 1 2 2 4 1 2 3 1 1 3 4 2 3 4 4 2 2 1 3 2 4 1 2 2 3 1 4 4 2 1 3 3 1 3 3 2 4 3 4 2 4 1 3 1 4 1 3 1 4 3 3 3 2 (4) 1 4 1 1 1 3 2 1 3 4 4 1 
0 Individual30
2 4 1 3 3 1 4 2 2 1 1 2 1 3 2 4 4 1 1 1 2 1 2 4 3 1 2 1 1 2 4 4 3 2 3 3 1 3 4 2 3 4 2 2 2 1 3 4 2 3 2 2 3 1 4 4 2 1 3 3 2 3 2 2 4 3 1 4 2 3 1 1 2 1 3 1 4 1 1 1 2 4 1 2 3 3 3 3 2 3 3 4 2 1 
4 2 3 3 3 3 4 2 2 1 3 2 1 3 4 2 4 3 4 1 2 1 2 2 3 3 2 1 1 2 2 4 1 2 3 1 1 3 4 2 2 4 4 2 2 1 3 2 4 3 2 2 3 1 4 4 2 1 3 3 1 3 3 2 4 3 4 2 4 1 3 1 4 1 3 3 4 3 3 3 2 4 1 4 1 1 1 3 2 1 3 4 4 1 
0 Individual31
2 4 1 3 3 1 4 2 2 1 1 2 1 3 2 4 4 1 1 1 2 1 2 4 3 1 2 1 1 2 4 4 1 2 3 3 1 3 4 2 3 4 2 2 2 1 3 4 2 3 2 2 3 1 4 4 2 1 3 3 2 3 2 3 4 3 1 4 2 3 1 1 2 1 3 1 4 1 1 1 2 4 1 2 3 3 3 3 2 3 3 4 2 1 
2 4 1 3 3 1 2 2 4 1 1 2 1 3 2 4 4 1 1 1 2 1 2 4 1 1 2 3 1 2 4 2 1 2 1 3 3 3 2 2 3 2 2 2 2 1 3 4 2 3 4 2 3 1 4 4 4 1 3 3 2 3 2 2 4 3 1 4 2 3 1 1 2 1 3 1 4 1 1 1 2 4 1 2 3 3 3 3 2 3 3 2 4 1 
0 Individual32
4 2 3 3 3 3 4 2 2 1 3 2 1 3 4 2 4 3 4 1 2 1 2 2 3 3 2 1 1 2 2 4 1 2 3 1 1 3 4 2 2 4 4 2 2 1 3 2 4 3 2 2 3 1 4 4 2 1 3 3 1 3 3 2 4 3 4 2 4 1 3 1 4 1 3 3 4 3 3 3 2 4 1 4 1 1 1 3 2 1 3 4 4 1 
4 2 3 3 1 3 4 2 2 1 3 2 1 3 4 2 2 3 4 1 2 1 2 2 3 3 2 1 1 2 2 4 1 2 3 1 1 3 4 2 3 4 4 2 2 1 3 2 4 3 2 2 3 1 4 4 2 1 3 1 1 3 3 2 4 3 4 2 4 1 3 1 4 1 3 1 4 3 3 3 2 4 1 4 1 1 1 3 2 1 3 4 4 1 
0 Individual33
2 4 1 3 3 1 4 2 4 1 1 2 1 3 2 4 4 1 1 1 2 1 2 4 3 1 2 1 1 2 4 4 1 2 3 3 1 1 2 3 3 4 2 2 2 1 3 4 2 3 2 2 3 1 4 4 4 1 3 3 2 3 2 2 4 3 1 4 2 3 1 3 2 3 3 1 2 1 1 1 2 4 1 2 3 3 3 3 2 3 3 4 4 1 
2 4 1 3 3 1 4 2 4 1 1 2 1 3 2 4 4 1 1 1 2 1 2 4 1 1 2 3 1 2 4 2 1 2 1 3 3 3 2 2 3 4 2 2 2 1 3 4 2 3 4 2 3 1 4 4 4 1 3 3 2 3 2 2 4 3 1 4 2 3 1 1 2 1 3 1 4 1 1 1 2 4 1 2 3 3 3 3 2 3 3 4 4 1 
0 Individual34
2 4 1 3 3 1 4 2 2 1 1 2 1 3 2 4 4 1 1 1 2 1 2 4 3 1 2 1 1 2 4 4 3 2 3 3 1 3 4 2 3 4 2 2 2 3 3 4 4 3 2 2 3 1 4 4 2 1 3 3 2 3 2 2 4 3 1 4 2 3 1 1 2 1 3 1 4 1 1 1 2 4 1 2 3 3 3 3 2 3 3 4 2 1 
2 4 1 3 3 1 4 2 4 1 1 2 1 3 2 4 4 1 1 1 2 1 2 4 3 1 2 1 1 2 4 4 1 2 3 3 1 1 2 3 3 4 2 2 2 1 3 4 2 3 2 2 3 1 4 4 4 1 3 3 2 3 2 2 4 3 1 4 2 3 1 3 2 3 3 1 2 1 1 1 2 4 1 2 3 3 3 3 2 3 3 4 4 1 
0 Individual35
2 4 1 3 3 1 4 2 4 1 1 2 1 3 2 4 4 1 1 3 2 1 2 4 3 1 4 1 1 2 4 2 1 2 3 3 1 3 4 2 3 4 2 2 2 1 3 4 2 3 2 (2) 3 1 4 4 2 1 3 3 2 1 2 2 4 3 1 4 2 3 1 1 2 1 3 1 4 1 1 1 2 4 1 2 3 3 1 3 2 3 3 4 4 1 
4 2 3 3 1 3 4 2 2 1 3 2 1 3 4 2 2 3 4 1 2 1 2 2 3 3 2 1 1 2 2 4 1 2 3 1 1 3 4 2 3 4 4 2 2 1 3 2 4 3 2 (4) 3 1 4 4 2 1 3 3 1 3 3 2 4 3 4 2 4 1 3 1 4 1 3 1 4 3 3 3 2 4 1 4 1 1 1 3 2 1 3 4 4 1 
0 Individual36
4 2 3 3 3 3 4 2 2 1 3 2 1 3 4 2 4 3 4 1 2 1 2 2 3 3 2 1 1 2 2 4 1 2 3 1 1 3 4 2 2 4 4 2 2 1 3 2 4 3 2 2 3 1 4 4 2 1 3 3 1 3 3 2 4 3 4 2 4 1 3 1 4 1 3 3 4 3 3 3 2 4 1 4 1 1 1 3 2 1 3 4 4 1 
4 2 3 3 3 3 4 2 2 1 3 2 1 3 4 2 4 3 4 1 2 1 2 2 3 3 2 1 1 2 2 4 1 2 3 1 1 3 4 2 2 4 4 4 2 1 3 2 4 3 2 2 3 1 4 4 2 1 3 3 1 3 3 2 4 3 4 2 4 1 3 1 4 1 3 3 4 3 3 3 2 4 1 4 1 1 1 3 2 1 3 4 4 1 
0 Individual37
2 4 1 3 3 1 4 2 4 1 1 2 (1) 3 2 4 4 1 1 1 2 1 2 4 3 1 2 1 1 2 4 4 1 2 3 3 (1) 1 2 3 3 4 2 2 2 1 3 4 2 3 2 2 3 1 4 4 4 1 3 3 2 3 2 2 (4) 3 1 4 2 3 1 3 2 3 3 1 2 1 1 1 2 4 1 2 3 3 3 3 2 3 3 4 4 1 
4 2 3 3 3 3 4 2 2 1 3 2 (3) 3 4 2 4 3 4 1 4 1 2 2 3 3 2 1 1 2 2 4 1 2 3 1 (2) 3 4 2 2 4 4 2 2 1 3 2 4 3 2 2 3 1 4 4 2 3 3 3 1 3 3 2 (2) 3 4 2 4 1 3 1 4 1 3 3 4 3 3 3 2 4 1 4 1 1 1 3 2 1 3 4 4 3 
0 Individual38
4 2 3 3 3 3 4 2 2 1 3 2 1 3 4 2 4 3 4 1 2 1 2 2 3 3 2 1 1 2 2 4 1 2 3 1 1 3 4 2 2 4 4 2 2 1 3 2 4 3 2 2 3 1 4 4 2 1 3 3 1 3 3 2 4 3 4 2 4 1 3 1 4 1 3 3 4 3 3 3 2 4 1 4 1 1 1 3 2 1 3 4 4 1 
4 2 3 3 3 3 4 2 2 1 3 2 1 3 4 2 4 3 4 1 2 1 2 2 3 3 2 1 1 2 2 4 1 2 3 1 1 3 4 2 2 4 4 2 2 1 3 2 4 3 2 2 3 1 4 4 2 1 3 3 1 3 3 2 4 3 4 2 4 1 3 1 4 1 3 3 4 3 3 3 2 4 1 4 1 1 1 3 2 1 3 4 4 1 
0 Individual39
2 4 1 3 3 1 4 2 2 1 1 2 1 3 2 4 4 1 1 1 2 1 2 4 3 1 2 1 1 2 4 4 1 2 3 3 1 3 4 2 3 4 2 2 2 1 3 4 2 3 2 2 3 1 4 4 2 1 3 3 2 3 2 3 4 3 1 4 2 3 1 1 2 1 3 1 4 1 1 1 2 4 1 2 3 3 3 3 2 3 3 4 2 1 
4 2 3 3 3 3 4 2 2 1 3 2 1 3 4 2 4 3 4 1 2 1 2 2 3 3 2 1 1 2 2 4 1 2 3 1 1 3 4 2 2 4 4 2 2 1 3 2 4 3 2 2 3 1 4 4 2 1 3 3 1 3 3 2 4 3 4 2 4 1 3 1 4 1 3 3 4 3 3 3 2 4 1 4 1 1 1 3 2 1 3 4 4 1 
0 Individual4
2 4 1 3 3 1 4 2 2 1 1 2 1 3 2 4 4 1 1 1 2 1 2 4 3 1 2 1 1 2 4 4 1 2 3 3 1 3 4 2 3 4 2 2 2 1 3 4 2 3 2 2 3 1 4 4 2 1 3 3 2 3 2 3 4 3 1 4 2 3 1 1 2 1 3 1 4 1 1 1 2 4 1 2 3 3 3 3 2 3 3 4 2 1 
2 4 1 3 3 1 4 2 4 1 1 2 1 3 2 4 4 1 1 1 2 1 2 4 1 1 2 3 1 2 4 2 1 2 1 3 3 3 2 2 3 4 2 2 2 1 3 4 2 3 4 2 3 1 4 4 4 1 3 3 2 3 2 2 4 3 1 4 2 3 1 1 2 1 3 1 4 1 1 1 2 4 1 2 3 3 3 3 2 3 3 2 4 1 
0 Individual40
2 4 1 3 3 1 4 2 4 1 1 2 1 (1) 2 4 4 1 1 1 2 1 2 4 1 1 2 3 1 2 4 2 1 2 3 3 3 3 2 2 3 4 2 2 2 1 3 4 2 3 4 2 3 1 4 4 4 1 3 3 2 3 2 2 4 3 1 4 2 3 1 1 2 1 3 1 4 1 1 1 2 4 1 2 3 3 3 3 2 3 3 4 4 1 
4 2 3 3 1 3 4 2 2 1 3 2 1 (3) 4 2 2 3 4 1 2 1 2 2 3 3 2 1 1 2 2 4 1 2 3 1 1 3 4 2 3 4 4 2 2 1 3 2 4 1 2 2 3 1 4 4 2 1 3 3 1 3 3 2 4 3 4 2 4 1 3 1 4 1 3 1 4 3 3 3 2 4 1 4 1 1 1 3 2 1 3 4 4 1 
0 Individual41
2 4 1 3 3 1 4 2 2 1 1 2 1 3 2 4 4 1 1 1 2 1 2 4 3 1 2 1 1 2 4 4 1 2 3 3 1 3 4 2 3 4 2 2 2 1 3 4 2 3 2 2 3 1 4 4 2 1 3 3 2 3 2 2 4 3 1 4 2 3 1 1 2 1 3 1 4 1 1 1 2 4 1 2 3 3 3 3 2 3 3 4 2 1 
2 4 1 3 3 1 4 2 4 1 1 2 1 3 2 4 4 1 1 1 2 1 2 4 1 1 2 3 1 2 4 2 1 2 3 3 3 3 2 2 3 4 2 2 2 1 3 4 2 3 4 2 3 1 4 4 4 1 3 3 2 3 2 2 4 3 1 4 2 3 1 1 2 1 3 1 4 1 1 1 2 4 1 2 3 3 3 3 2 3 3 4 4 1 
0 Individual42
2 4 1 3 3 1 2 2 4 (1) 1 2 1 3 2 4 4 1 1 1 2 1 2 4 1 1 2 3 1 2 4 2 1 2 1 3 3 3 2 2 3 2 2 2 2 1 3 4 2 3 4 2 3 1 4 4 4 1 3 3 2 3 2 2 4 3 1 4 2 3 1 1 2 1 3 1 4 1 1 1 2 4 1 2 3 3 3 3 2 3 3 2 4 1 
4 2 3 3 1 3 4 2 2 (3) 3 2 1 3 4 2 2 3 4 1 2 1 2 2 3 3 2 1 1 2 2 4 1 2 3 1 1 3 4 2 3 4 4 2 2 1 3 2 4 3 2 2 3 1 4 4 2 1 3 3 1 3 3 2 4 3 4 2 4 1 3 1 4 1 3 1 4 3 3 3 2 4 1 4 1 1 1 3 2 1 3 4 4 1 
0 Individual43
2 4 1 3 3 1 4 2 4 1 1 2 1 3 2 4 4 1 1 3 2 1 2 4 3 1 4 1 1 2 4 2 1 2 3 3 1 3 4 2 3 4 2 2 2 1 3 4 2 3 2 2 3 1 4 4 2 1 3 3 2 1 2 2 4 3 1 4 2 3 1 1 2 1 3 1 4 1 1 1 (4) 4 1 2 3 3 1 3 2 3 3 4 4 1 
4 2 3 3 3 3 4 2 2 1 3 2 1 3 4 2 4 3 4 1 2 1 2 2 3 3 2 1 1 2 2 4 1 2 3 1 1 3 4 2 2 4 4 2 2 1 3 2 4 3 2 2 3 1 4 4 2 1 3 3 1 3 3 2 4 3 4 2 4 1 3 1 4 1 3 3 4 3 3 3 (2) 4 1 4 1 1 1 3 2 1 3 4 4 1 
0 Individual44
2 4 1 3 3 1 4 2 4 1 1 2 1 3 2 4 4 1 1 1 2 1 2 4 3 1 2 1 1 2 4 4 1 2 3 3 1 1 2 3 3 4 2 2 2 1 3 4 2 3 2 2 3 1 4 4 4 1 3 3 2 3 2 2 4 3 1 4 2 3 1 3 2 3 3 1 2 1 1 1 2 4 1 2 3 3 3 3 2 3 3 4 4 1 
4 2 3 3 1 3 4 2 2 1 3 2 1 3 4 2 2 3 4 1 2 1 2 2 3 3 2 1 1 2 2 4 1 2 3 1 1 3 4 2 3 4 4 2 2 1 3 2 4 1 2 2 3 1 4 4 2 1 3 3 1 3 3 2 4 3 4 2 4 1 3 1 4 1 3 1 4 3 3 3 2 4 1 4 1 1 1 3 2 1 3 4 4 1 
0 Individual5
2 4 1 3 3 1 4 2 2 1 1 2 1 3 2 4 4 1 1 1 2 1 2 4 3 1 2 1 1 2 4 4 1 2 3 3 1 3 4 2 3 4 2 2 2 1 3 4 2 3 2 2 3 1 4 4 2 1 3 3 2 3 2 3 4 3 1 4 2 3 1 1 2 1 3 1 4 1 1 1 2 4 1 2 3 3 3 3 2 3 3 4 2 1 
2 4 1 3 3 1 4 2 2 1 1 2 1 3 2 4 4 1 1 1 2 1 2 4 3 1 2 1 1 2 4 4 1 2 3 3 1 3 4 2 3 4 2 2 2 1 3 4 2 3 2 2 3 1 4 4 2 1 3 3 2 3 2 3 4 3 1 4 2 3 1 1 2 1 3 1 4 1 1 1 2 4 1 2 3 3 3 3 2 3 3 4 2 1 
0 Individual6
2 4 1 3 3 1 4 2 4 1 1 2 1 3 2 4 4 1 1 1 2 1 2 4 1 1 2 3 1 2 4 2 1 2 1 3 3 3 2 2 3 4 2 2 2 1 3 4 2 3 4 2 3 1 4 4 4 1 3 3 2 3 2 2 4 3 1 4 2 3 1 1 2 1 3 1 4 1 1 1 2 4 1 2 3 3 3 (3) 2 3 3 4 4 1 
2 4 1 3 3 1 4 2 4 1 1 2 1 3 2 4 4 1 1 3 2 1 2 4 3 1 4 1 1 2 4 2 1 2 3 3 1 3 4 2 3 4 2 2 2 1 3 4 2 3 2 2 3 1 4 4 2 1 3 3 2 1 2 2 4 3 1 4 2 3 1 1 2 1 3 1 4 1 1 1 2 4 1 2 3 3 1 (1) 2 3 3 4 4 1 
0 Individual7
2 4 1 3 3 1 4 2 4 1 1 2 1 3 2 4 4 1 1 1 2 1 2 4 3 1 2 1 1 2 4 4 1 2 3 3 1 1 2 3 3 4 2 2 (2) 1 3 4 2 3 2 2 3 1 4 4 4 1 3 3 2 3 2 2 4 3 1 4 2 3 1 3 2 3 3 1 2 1 1 1 2 4 1 2 3 3 3 3 2 3 3 4 4 1 
2 4 1 3 3 1 4 2 4 1 1 2 1 3 2 4 4 1 1 1 2 1 2 4 3 1 4 1 1 2 4 2 1 2 3 3 1 3 4 2 3 4 2 2 (4) 1 3 4 2 3 2 2 3 1 4 4 2 1 3 3 2 1 2 2 4 3 1 4 2 3 1 1 2 1 3 1 4 1 1 1 2 4 1 2 3 3 1 3 2 3 3 4 4 1 
0 Individual8
4 2 3 3 3 3 4 2 2 1 3 2 1 3 4 2 4 3 4 1 4 1 2 2 3 3 2 1 1 2 2 4 1 2 3 1 1 3 4 2 2 4 4 2 2 1 3 2 4 3 2 2 3 1 4 4 2 3 3 3 1 3 3 2 4 3 4 2 4 1 3 1 4 1 3 3 4 3 3 3 2 4 1 4 1 1 1 3 2 1 3 4 4 3 
4 2 3 3 1 3 4 2 2 1 3 2 1 3 4 2 2 3 4 1 2 1 2 2 3 3 2 1 1 2 2 4 1 2 3 1 1 3 4 2 3 4 4 2 2 1 3 2 4 1 2 2 3 1 4 4 2 1 3 3 1 3 3 2 4 3 4 2 4 1 3 1 4 1 3 1 4 3 3 3 2 4 1 4 1 1 1 3 2 1 3 4 4 1 
0 Individual9
2 4 1 3 3 1 4 2 2 1 1 2 1 3 2 4 4 1 1 1 2 1 2 4 3 1 2 1 1 2 4 4 3 2 3 3 1 3 4 2 3 4 2 2 2 3 3 4 4 3 2 2 3 1 4 4 2 1 3 3 2 3 2 2 4 3 1 4 2 3 1 1 2 1 3 1 4 1 1 1 2 4 1 2 3 3 3 3 2 3 3 4 2 1 
2 4 1 3 3 1 4 2 4 1 1 2 1 3 2 4 4 1 1 1 2 1 2 4 3 1 2 1 1 2 4 4 1 2 3 3 1 1 2 3 3 4 2 2 2 1 3 4 2 3 2 2 3 1 4 4 4 1 3 3 2 3 2 2 4 3 1 4 2 3 1 3 2 3 3 1 2 1 1 1 2 4 1 2 3 3 3 3 2 3 3 4 4 1 
END BESTPAIRS1


Haplotype estimates for each individual, with uncertain phases enclosed in ()
and uncertain genotypes enclosed in []
with phase known positions indicated by =

BEGIN BESTPAIRS2
0 Individual0
2 4 1 = = 1 = = = = 1 = = = 2 4 = 1 1 = = = = 4 = 1 = = = = 4 = = = = 3 = = = = 3 = 2 = = = = 4 = = = = (4) = (2) = = = = = 2 = 2 = = = 1 4 2 3 1 = 2 = = 1 = 1 1 1 = = = 2 3 3 3 = = 3 = = 2 = 
4 2 3 = = 3 = = = = 3 = = = 4 2 = 3 4 = = = = 2 = 3 = = = = 2 = = = = 1 = = = = 2 = 4 = = = = 2 = = = = (3) = (4) = = = = = 1 = 3 = = = 4 2 4 1 3 = 4 = = 3 = 3 3 3 = = = 4 1 1 1 = = 1 = = 4 = 
0 Individual1
= = = = = = = = = = = = = = = = = = = = = = = = = = = = = = = = = = = = = = = = = = = = = = = = = = = = = = = = = = = = = = = = = = = = = = = = = = = = = = = = = = = = = = = = = = = = = = 
= = = = = = = = = = = = = = = = = = = = = = = = = = = = = = = = = = = = = = = = = = = = = = = = = = = = = = = = = = = = = = = = = = = = = = = = = = = = = = = = = = = = = = = = = = = = = = 
0 Individual10
= = = = 3 = = = = = = = = = = = 4 = = = = = = = = = = = = = = = = = = = = = = = 2 = = = = = = = = = = = = = = = = = = 3 = = = = = = = = = = = = = = = 3 = = = = = = = = = = = = = = = = = = 
= = = = 1 = = = = = = = = = = = 2 = = = = = = = = = = = = = = = = = = = = = = = 3 = = = = = = = = = = = = = = = = = = 1 = = = = = = = = = = = = = = = 1 = = = = = = = = = = = = = = = = = = 
0 Individual11
= = = = = = = = 2 = = = = = = = = = = = = = = = = = = = = = = = = = = = = 3 4 2 = = = = = = = = = = = = = = = = 2 = = = = = = 3 = = = = = = = 1 = 1 = = 4 = = = = = = = = = = = = = = = 2 = 
= = = = = = = = 4 = = = = = = = = = = = = = = = = = = = = = = = = = = = = 1 2 3 = = = = = = = = = = = = = = = = 4 = = = = = = 2 = = = = = = = 3 = 3 = = 2 = = = = = = = = = = = = = = = 4 = 
0 Individual12
= = = = = = = (2) = = = = = = = = = = = = = = = = = = = = = = = = 3 = = = = = = = = = = = = = = = = = = = = = = = = = = = = = = 2 = = = = = = = = = = = = = = = = = = = = = = = = = = (3) = = = 
= = = = = = = (4) = = = = = = = = = = = = = = = = = = = = = = = = 1 = = = = = = = = = = = = = = = = = = = = = = = = = = = = = = 3 = = = = = = = = = = = = = = = = = = = = = = = = = = (1) = = = 
0 Individual13
= = = = = = = = 2 = = = = = = = = = = = = = = = = = = = = = = = = = = = = 3 4 2 = = = = = = = = 4 = = = = = = = 2 = = = = = = = = = = = = = = 1 = 1 = = 4 = = = = = = = = = = = = = = = 2 = 
= = = = = = = = 4 = = = = = = = = = = = = = = = = = = = = = = = = = = = = 1 2 3 = = = = = = = = 2 = = = = = = = 4 = = = = = = = = = = = = = = 3 = 3 = = 2 = = = = = = = = = = = = = = = 4 = 
0 Individual14
= = = = = = = = = = = = = = = = = = = = = = = = = = = = = = = = 1 = = = = = = = = = = = = = = = 4 = = = = = = = = = = = = = = = = = = = = = = = = = = = = = = = = = = = = = = = = = = = = = 
= = = = = = = = = = = = = = = = = = = = = = = = = = = = = = = = 3 = = = = = = = = = = = = = = = 2 = = = = = = = = = = = = = = = = = = = = = = = = = = = = = = = = = = = = = = = = = = = = = 
0 Individual15
= = = = = = = = = = = = = = = = = = = = = = = = = = = = = = = = 1 = = = = = = = = = = = = = = = = = = = = = = = = = = = = = = = = = = = = = = = = = = = = = = = = = = = = = = = = 3 = = = = 
= = = = = = = = = = = = = = = = = = = = = = = = = = = = = = = = 3 = = = = = = = = = = = = = = = = = = = = = = = = = = = = = = = = = = = = = = = = = = = = = = = = = = = = = = = = 1 = = = = 
0 Individual16
= = = = = = = = 2 = = = = = = = = = = = = = = = 3 = = 1 = = = 4 = = = = 1 = 4 = = = = = = = = = = = 2 = = (1) = = 2 = = = = = = 3 = = = = = = = = = = = = = = = = = = = = = = = = = = = = 2 = 
= = = = = = = = 4 = = = = = = = = = = = = = = = 1 = = 3 = = = 2 = = = = 3 = 2 = = = = = = = = = = = 4 = = (4) = = 4 = = = = = = 2 = = = = = = = = = = = = = = = = = = = = = = = = = = = = 4 = 
0 Individual17
= = = = = = = = 2 = = = = = = = = = = = = = = = = = = = = = = = 3 = = = = 3 4 2 = = = = = = = = = = = = = = = = 2 = = = = = = = = = = = = = = 1 = 1 = = 4 = = = = = = = = = = = = = = = 2 = 
= = = = = = = = 4 = = = = = = = = = = = = = = = = = = = = = = = 1 = = = = 1 2 3 = = = = = = = = = = = = = = = = 4 = = = = = = = = = = = = = = 3 = 3 = = 2 = = = = = = = = = = = = = = = 4 = 
0 Individual18
2 4 1 = = 1 = = = = 1 = = = 2 4 = 1 1 = = 1 = 4 = 1 = = = = 4 = = = = 3 = = = = 3 = 2 = = = = 4 2 = = = = = = = = = = = 2 = 2 3 = = 1 4 2 3 1 = 2 = = 1 = 1 1 1 = = = 2 3 3 3 = = 3 = = 2 = 
4 2 3 = = 3 = = = = 3 = = = 4 2 = 3 4 = = 3 = 2 = 3 = = = = 2 = = = = 1 = = = = 2 = 4 = = = = 2 4 = = = = = = = = = = = 1 = 3 2 = = 2 2 4 1 3 = 4 = = 3 = 3 3 3 = = = 4 1 1 1 = = 1 = = 4 = 
0 Individual19
2 4 1 = = 1 = = = = 1 = = = 2 4 = 1 1 = = = = 4 = 1 = = = = 4 = = = = 3 = = = = 3 = 2 = = = = 4 2 = = = = = = = = = = = 2 = 2 3 = = 1 4 2 3 1 = 2 = (1) 1 = 1 1 1 = = = 2 3 3 3 = = 3 = = 2 = 
4 2 3 = = 3 = = = = 3 = = = 4 2 = 3 4 = = = = 2 = 3 = = = = 2 = = = = 1 = = = = 2 = 4 = = = = 2 4 = = = = = = = = = = = 1 = 3 2 = = 4 2 4 1 3 = 4 = (3) 3 = 3 3 3 = = = 4 1 1 1 = = 1 = = 4 = 
0 Individual2
= = = = = = = = = = = = = = = = = = = = = = = = = = 2 = = = = = = = = = = 1 2 3 = = = = = = = = = = = = = = = = 4 = = = = 3 = = = 3 = = = = = 3 = 3 = = 2 = = = = = = = = = 3 = = = = = = = 
= = = = = = = = = = = = = = = = = = = = = = = = = = 4 = = = = = = = = = = 3 4 2 = = = = = = = = = = = = = = = = 2 = = = = 1 = = = 1 = = = = = 1 = 1 = = 4 = = = = = = = = = 1 = = = = = = = 
0 Individual20
= = = = = = = = 2 = = = = = = = = = = = = = = = = = = = = = = = 3 = = = = 3 4 2 = = = = = = = = = = = = = = = = 2 = = = = = = = = = = = = = = 1 = 1 = = 4 = = = = = = = = = = = = = = = 2 = 
= = = = = = = = 4 = = = = = = = = = = = = = = = = = = = = = = = 1 = = = = 1 2 3 = = = = = = = = = = = = = = = = 4 = = = = = = = = = = = = = = 3 = 3 = = 2 = = = = = = = = = = = = = = = 4 = 
0 Individual21
= = = = = = = = = = = = = = = = = = = = = = 2 = = = = = = = = = = = = = = = = = = = = = = = = = = = = = = = = = = = = = = = = = = = = = = = = = = = = = = = = = = = = = = = = = = = = = = = 
= = = = = = = = = = = = = = = = = = = = = = 4 = = = = = = = = = = = = = = = = = = = = = = = = = = = = = = = = = = = = = = = = = = = = = = = = = = = = = = = = = = = = = = = = = = = = = = = 
0 Individual22
= = = = = = = = 2 = = = = = = = = = = = = = = = 3 = = 1 = = = 4 = = 3 = 1 = 4 = = = = = = 3 = = 4 = 2 = = = = = 2 = = = = = = = = = = = = = = = = = = = = = = = = = = = = = = = = = = = 2 = 
= = = = = = = = 4 = = = = = = = = = = = = = = = 1 = = 3 = = = 2 = = 1 = 3 = 2 = = = = = = 1 = = 2 = 4 = = = = = 4 = = = = = = = = = = = = = = = = = = = = = = = = = = = = = = = = = = = 4 = 
0 Individual23
2 4 1 = = 1 2 = 4 = 1 = = = 2 4 = 1 1 = = 1 = 4 1 1 = 3 = = 4 2 = (4) 1 3 3 = 2 = 3 2 2 = = = = 4 2 = 4 = = = = = 4 = = = 2 = 2 = = = 1 4 2 3 1 = 2 = = 1 = 1 1 1 = = = 2 3 3 3 = = 3 = 2 = = 
4 2 3 = = 3 4 = 2 = 3 = = = 4 2 = 3 4 = = 3 = 2 3 3 = 1 = = 2 4 = (2) 3 1 1 = 4 = 2 4 4 = = = = 2 4 = 2 = = = = = 2 = = = 1 = 3 = = = 2 2 4 1 3 = 4 = = 3 = 3 3 3 = = = 4 1 1 1 = = 1 = 4 = = 
0 Individual24
2 4 1 = = 1 = = = = 1 = = = 2 4 = 1 1 = = = = 4 = 1 = = = = 4 = = = = 3 = = = = 3 = 2 = = = = 4 2 = = = = = = = = = = = 2 = 2 3 = = 1 4 2 3 1 = 2 = = 1 = 1 1 1 = = = 2 3 3 3 = = 3 = = 2 = 
4 2 3 = = 3 = = = = 3 = = = 4 2 = 3 4 = = = = 2 = 3 = = = = 2 = = = = 1 = = = = 2 = 4 = = = = 2 4 = = = = = = = = = = = 1 = 3 2 = = 4 2 4 1 3 = 4 = = 3 = 3 3 3 = = = 4 1 1 1 = = 1 = = 4 = 
0 Individual25
= = = = = = = = 2 = = = = = = = = = = = = = = = = = 2 = = (2) = = = = = = = = = = = = = = = = (3) = = = = = = = = = = = = = = 3 = 3 = 3 = = = = = = = = = = = = = = = = (1) = = = 3 = = = (3) = 2 = 
= = = = = = = = 4 = = = = = = = = = = = = = = = = = 4 = = (4) = = = = = = = = = = = = = = = = (4) = = = = = = = = = = = = = = 1 = 2 = 1 = = = = = = = = = = = = = = = = (3) = = = 1 = = = (1) = 4 = 
0 Individual26
= = = = = = = = = = = = = = = = = = = = 2 = = = = = = = (1) = = = = = = = = = = = = = = = = = = = = = = = = = = = = 1 (3) = = = = = = = = = = = = = = = = = = = = = = = = = = = = = = = = = = 1 
= = = = = = = = = = = = = = = = = = = = 4 = = = = = = = (3) = = = = = = = = = = = = = = = = = = = = = = = = = = = = 3 (1) = = = = = = = = = = = = = = = = = = = = = = = = = = = = = = = = = = 3 
0 Individual27
2 4 1 = = 1 = = = = 1 = = = 2 4 = 1 1 = = = = 4 = 1 = = = = 4 = 3 = = 3 = = = = 3 = 2 = = = = 4 2 = = = = = = = = = = = 2 = 2 = = = 1 4 2 3 1 = 2 = = 1 = 1 1 1 = = = 2 3 3 3 = = = = = 2 = 
4 2 3 = = 3 = = = = 3 = = = 4 2 = 3 4 = = = = 2 = 3 = = = = 2 = 1 = = 1 = = = = 2 = 4 = = = = 2 4 = = = = = = = = = = = 1 = 3 = = = 4 2 4 1 3 = 4 = = 3 = 3 3 3 = = = 4 1 1 1 = = = = = 4 = 
0 Individual28
2 4 1 = = 1 = = 4 = 1 = = = 2 4 = 1 1 = = = = 4 = 1 4 = = = 4 = = = = 3 = = = = 3 = 2 = = = (4) 4 2 = = = = = = (2) = = = = 2 1 2 = = 1 1 4 2 3 1 = 2 = = 1 = 1 1 1 = = = 2 3 3 = = (4) 3 (1) = = = 
4 2 3 = = 3 = = 2 = 3 = = = 4 2 = 3 4 = = = = 2 = 3 2 = = = 2 = = = = 1 = = = = 2 = 4 = = = (3) 2 4 = = = = = = (4) = = = = 1 3 3 = = 3 4 2 4 1 3 = 4 = = 3 = 3 3 3 = = = 4 1 1 = = (2) 1 (3) = = = 
0 Individual29
2 4 1 = = 1 = = 4 = 1 = = = 2 4 = 1 1 = = = = 4 = 1 = = = = 4 = = = = 3 = 1 2 3 3 = 2 = = = = 4 2 = = = = = = = 4 = = = 2 = 2 = = = 1 4 2 3 1 3 2 3 = 1 2 1 1 1 = = = 2 3 3 3 = = 3 = = = = 
4 2 3 = = 3 = = 2 = 3 = = = 4 2 = 3 4 = = = = 2 = 3 = = = = 2 = = = = 1 = 3 4 2 2 = 4 = = = = 2 4 = = = = = = = 2 = = = 1 = 3 = = = 4 2 4 1 3 1 4 1 = 3 4 3 3 3 = = = 4 1 1 1 = = 1 = = = = 
0 Individual3
2 4 1 (4) 3 1 = = = = 1 (4) = = 2 4 4 1 1 = = = = 4 = 1 = = = = 4 = = = = 3 = = = = = = 2 = = = = 4 2 3 = = = = = = = = = = 2 = 2 = = = 1 4 2 3 1 = 2 = = = = 1 1 1 = (1) = 2 3 3 3 = = 3 = = 2 = 
4 2 3 (3) 1 3 = = = = 3 (2) = = 4 2 2 3 4 = = = = 2 = 3 = = = = 2 = = = = 1 = = = = = = 4 = = = = 2 4 1 = = = = = = = = = = 1 = 3 = = = 4 2 4 1 3 = 4 = = = = 3 3 3 = (4) = 4 1 1 1 = = 1 = = 4 = 
0 Individual30
2 4 1 = = 1 = = = = 1 = = = 2 4 = 1 1 = = = = 4 = 1 = = = = 4 = 3 = = 3 = = = = 3 = 2 = = = = 4 2 = = = = = = = = = = = 2 = 2 = = = 1 4 2 3 1 = 2 = = 1 = 1 1 1 = = = 2 3 3 3 = = 3 = = 2 = 
4 2 3 = = 3 = = = = 3 = = = 4 2 = 3 4 = = = = 2 = 3 = = = = 2 = 1 = = 1 = = = = 2 = 4 = = = = 2 4 = = = = = = = = = = = 1 = 3 = = = 4 2 4 1 3 = 4 = = 3 = 3 3 3 = = = 4 1 1 1 = = 1 = = 4 = 
0 Individual31
= = = = = = 4 = 2 = = = = = = = = = = = = = = = 3 = = 1 = = = 4 = = 3 = 1 = 4 = = 4 = = = = = = = = 2 = = = = = 2 = = = = = = 3 = = = = = = = = = = = = = = = = = = = = = = = = = = = 4 2 = 
= = = = = = 2 = 4 = = = = = = = = = = = = = = = 1 = = 3 = = = 2 = = 1 = 3 = 2 = = 2 = = = = = = = = 4 = = = = = 4 = = = = = = 2 = = = = = = = = = = = = = = = = = = = = = = = = = = = 2 4 = 
0 Individual32
= = = = 3 = = = = = = = = = = = 4 = = = = = = = = = = = = = = = = = = = = = = = 2 = = = = = = = = = = = = = = = = = = 3 = = = = = = = = = = = = = = = 3 = = = = = = = = = = = = = = = = = = 
= = = = 1 = = = = = = = = = = = 2 = = = = = = = = = = = = = = = = = = = = = = = 3 = = = = = = = = = = = = = = = = = = 1 = = = = = = = = = = = = = = = 1 = = = = = = = = = = = = = = = = = = 
0 Individual33
= = = = = = = = = = = = = = = = = = = = = = = = 3 = = 1 = = = 4 = = 3 = 1 1 = 3 = = = = = = = = = = 2 = = = = = = = = = = = = = = = = = = = = 3 = 3 = = 2 = = = = = = = = = = = = = = = = = 
= = = = = = = = = = = = = = = = = = = = = = = = 1 = = 3 = = = 2 = = 1 = 3 3 = 2 = = = = = = = = = = 4 = = = = = = = = = = = = = = = = = = = = 1 = 1 = = 4 = = = = = = = = = = = = = = = = = 
0 Individual34
= = = = = = = = 2 = = = = = = = = = = = = = = = = = = = = = = = 3 = = = = 3 4 2 = = = = = 3 = = 4 = = = = = = = 2 = = = = = = = = = = = = = = 1 = 1 = = 4 = = = = = = = = = = = = = = = 2 = 
= = = = = = = = 4 = = = = = = = = = = = = = = = = = = = = = = = 1 = = = = 1 2 3 = = = = = 1 = = 2 = = = = = = = 4 = = = = = = = = = = = = = = 3 = 3 = = 2 = = = = = = = = = = = = = = = 4 = 
0 Individual35
2 4 1 = 3 1 = = 4 = 1 = = = 2 4 4 1 1 3 = = = 4 = 1 4 = = = 4 2 = = = 3 = = = = = = 2 = = = = 4 2 = = (2) = = = = = = = = 2 1 2 = = = 1 4 2 3 1 = 2 = = = = 1 1 1 = = = 2 3 3 = = = 3 = = = = 
4 2 3 = 1 3 = = 2 = 3 = = = 4 2 2 3 4 1 = = = 2 = 3 2 = = = 2 4 = = = 1 = = = = = = 4 = = = = 2 4 = = (4) = = = = = = = = 1 3 3 = = = 4 2 4 1 3 = 4 = = = = 3 3 3 = = = 4 1 1 = = = 1 = = = = 
0 Individual36
= = = = = = = = = = = = = = = = = = = = = = = = = = = = = = = = = = = = = = = = = = = 2 = = = = = = = = = = = = = = = = = = = = = = = = = = = = = = = = = = = = = = = = = = = = = = = = = = 
= = = = = = = = = = = = = = = = = = = = = = = = = = = = = = = = = = = = = = = = = = = 4 = = = = = = = = = = = = = = = = = = = = = = = = = = = = = = = = = = = = = = = = = = = = = = = = = = 
0 Individual37
2 4 1 = = 1 = = 4 = 1 = (1) = 2 4 = 1 1 = 2 = = 4 = 1 = = = = 4 = = = = 3 (1) 1 2 3 3 = 2 = = = = 4 2 = = = = = = = 4 1 = = 2 = 2 = (4) = 1 4 2 3 1 3 2 3 = 1 2 1 1 1 = = = 2 3 3 3 = = 3 = = = 1 
4 2 3 = = 3 = = 2 = 3 = (3) = 4 2 = 3 4 = 4 = = 2 = 3 = = = = 2 = = = = 1 (2) 3 4 2 2 = 4 = = = = 2 4 = = = = = = = 2 3 = = 1 = 3 = (2) = 4 2 4 1 3 1 4 1 = 3 4 3 3 3 = = = 4 1 1 1 = = 1 = = = 3 
0 Individual38
= = = = = = = = = = = = = = = = = = = = = = = = = = = = = = = = = = = = = = = = = = = = = = = = = = = = = = = = = = = = = = = = = = = = = = = = = = = = = = = = = = = = = = = = = = = = = = 
= = = = = = = = = = = = = = = = = = = = = = = = = = = = = = = = = = = = = = = = = = = = = = = = = = = = = = = = = = = = = = = = = = = = = = = = = = = = = = = = = = = = = = = = = = = = = = 
0 Individual39
2 4 1 = = 1 = = = = 1 = = = 2 4 = 1 1 = = = = 4 = 1 = = = = 4 = = = = 3 = = = = 3 = 2 = = = = 4 2 = = = = = = = = = = = 2 = 2 3 = = 1 4 2 3 1 = 2 = = 1 = 1 1 1 = = = 2 3 3 3 = = 3 = = 2 = 
4 2 3 = = 3 = = = = 3 = = = 4 2 = 3 4 = = = = 2 = 3 = = = = 2 = = = = 1 = = = = 2 = 4 = = = = 2 4 = = = = = = = = = = = 1 = 3 2 = = 4 2 4 1 3 = 4 = = 3 = 3 3 3 = = = 4 1 1 1 = = 1 = = 4 = 
0 Individual4
= = = = = = = = 2 = = = = = = = = = = = = = = = 3 = = 1 = = = 4 = = 3 = 1 = 4 = = = = = = = = = = = 2 = = = = = 2 = = = = = = 3 = = = = = = = = = = = = = = = = = = = = = = = = = = = 4 2 = 
= = = = = = = = 4 = = = = = = = = = = = = = = = 1 = = 3 = = = 2 = = 1 = 3 = 2 = = = = = = = = = = = 4 = = = = = 4 = = = = = = 2 = = = = = = = = = = = = = = = = = = = = = = = = = = = 2 4 = 
0 Individual40
2 4 1 = 3 1 = = 4 = 1 = = (1) 2 4 4 1 1 = = = = 4 1 1 = 3 = = 4 2 = = = 3 3 = 2 = = = 2 = = = = 4 2 3 4 = = = = = 4 = = = 2 = 2 = = = 1 4 2 3 1 = 2 = = = = 1 1 1 = = = 2 3 3 3 = = 3 = = = = 
4 2 3 = 1 3 = = 2 = 3 = = (3) 4 2 2 3 4 = = = = 2 3 3 = 1 = = 2 4 = = = 1 1 = 4 = = = 4 = = = = 2 4 1 2 = = = = = 2 = = = 1 = 3 = = = 4 2 4 1 3 = 4 = = = = 3 3 3 = = = 4 1 1 1 = = 1 = = = = 
0 Individual41
= = = = = = = = 2 = = = = = = = = = = = = = = = 3 = = 1 = = = 4 = = = = 1 = 4 = = = = = = = = = = = 2 = = = = = 2 = = = = = = = = = = = = = = = = = = = = = = = = = = = = = = = = = = = 2 = 
= = = = = = = = 4 = = = = = = = = = = = = = = = 1 = = 3 = = = 2 = = = = 3 = 2 = = = = = = = = = = = 4 = = = = = 4 = = = = = = = = = = = = = = = = = = = = = = = = = = = = = = = = = = = 4 = 
0 Individual42
2 4 1 = 3 1 2 = 4 (1) 1 = = = 2 4 4 1 1 = = = = 4 1 1 = 3 = = 4 2 = = 1 3 3 = 2 = = 2 2 = = = = 4 2 = 4 = = = = = 4 = = = 2 = 2 = = = 1 4 2 3 1 = 2 = = = = 1 1 1 = = = 2 3 3 3 = = 3 = 2 = = 
4 2 3 = 1 3 4 = 2 (3) 3 = = = 4 2 2 3 4 = = = = 2 3 3 = 1 = = 2 4 = = 3 1 1 = 4 = = 4 4 = = = = 2 4 = 2 = = = = = 2 = = = 1 = 3 = = = 4 2 4 1 3 = 4 = = = = 3 3 3 = = = 4 1 1 1 = = 1 = 4 = = 
0 Individual43
2 4 1 = = 1 = = 4 = 1 = = = 2 4 = 1 1 3 = = = 4 = 1 4 = = = 4 2 = = = 3 = = = = 3 = 2 = = = = 4 2 = = = = = = = = = = = 2 1 2 = = = 1 4 2 3 1 = 2 = = 1 = 1 1 1 (4) = = 2 3 3 = = = 3 = = = = 
4 2 3 = = 3 = = 2 = 3 = = = 4 2 = 3 4 1 = = = 2 = 3 2 = = = 2 4 = = = 1 = = = = 2 = 4 = = = = 2 4 = = = = = = = = = = = 1 3 3 = = = 4 2 4 1 3 = 4 = = 3 = 3 3 3 (2) = = 4 1 1 = = = 1 = = = = 
0 Individual44
2 4 1 = 3 1 = = 4 = 1 = = = 2 4 4 1 1 = = = = 4 = 1 = = = = 4 = = = = 3 = 1 2 3 = = 2 = = = = 4 2 3 = = = = = = 4 = = = 2 = 2 = = = 1 4 2 3 1 3 2 3 = = 2 1 1 1 = = = 2 3 3 3 = = 3 = = = = 
4 2 3 = 1 3 = = 2 = 3 = = = 4 2 2 3 4 = = = = 2 = 3 = = = = 2 = = = = 1 = 3 4 2 = = 4 = = = = 2 4 1 = = = = = = 2 = = = 1 = 3 = = = 4 2 4 1 3 1 4 1 = = 4 3 3 3 = = = 4 1 1 1 = = 1 = = = = 
0 Individual5
= = = = = = = = = = = = = = = = = = = = = = = = = = = = = = = = = = = = = = = = = = = = = = = = = = = = = = = = = = = = = = = = = = = = = = = = = = = = = = = = = = = = = = = = = = = = = = 
= = = = = = = = = = = = = = = = = = = = = = = = = = = = = = = = = = = = = = = = = = = = = = = = = = = = = = = = = = = = = = = = = = = = = = = = = = = = = = = = = = = = = = = = = = = = = = 
0 Individual6
= = = = = = = = = = = = = = = = = = = 1 = = = = 1 = 2 3 = = = = = = 1 = 3 = 2 = = = = = = = = = = = 4 = = = = = 4 = = = = 3 = = = = = = = = = = = = = = = = = = = = = = = = 3 (3) = = = = = = 
= = = = = = = = = = = = = = = = = = = 3 = = = = 3 = 4 1 = = = = = = 3 = 1 = 4 = = = = = = = = = = = 2 = = = = = 2 = = = = 1 = = = = = = = = = = = = = = = = = = = = = = = = 1 (1) = = = = = = 
0 Individual7
= = = = = = = = = = = = = = = = = = = = = = = = = = 2 = = = = 4 = = = = = 1 2 3 = = = = (2) = = = = = = = = = = = 4 = = = = 3 = = = = = = = = = 3 = 3 = = 2 = = = = = = = = = 3 = = = = = = = 
= = = = = = = = = = = = = = = = = = = = = = = = = = 4 = = = = 2 = = = = = 3 4 2 = = = = (4) = = = = = = = = = = = 2 = = = = 1 = = = = = = = = = 1 = 1 = = 4 = = = = = = = = = 1 = = = = = = = 
0 Individual8
= = = = 3 = = = = = = = = = = = 4 = = = 4 = = = = = = = = = = = = = = = = = = = 2 = = = = = = = = 3 = = = = = = = 3 = = = = = = = = = = = = = = = = = 3 = = = = = = = = = = = = = = = = = 3 
= = = = 1 = = = = = = = = = = = 2 = = = 2 = = = = = = = = = = = = = = = = = = = 3 = = = = = = = = 1 = = = = = = = 1 = = = = = = = = = = = = = = = = = 1 = = = = = = = = = = = = = = = = = 1 
0 Individual9
= = = = = = = = 2 = = = = = = = = = = = = = = = = = = = = = = = 3 = = = = 3 4 2 = = = = = 3 = = 4 = = = = = = = 2 = = = = = = = = = = = = = = 1 = 1 = = 4 = = = = = = = = = = = = = = = 2 = 
= = = = = = = = 4 = = = = = = = = = = = = = = = = = = = = = = = 1 = = = = 1 2 3 = = = = = 1 = = 2 = = = = = = = 4 = = = = = = = = = = = = = = 3 = 3 = = 2 = = = = = = = = = = = = = = = 4 = 
END BESTPAIRS2


Phase probabilities at each site
with phase known positions indicated by =
and missing data positions indicated by ?

BEGIN PHASEPROBS
1.00 1.00 1.00 = = 1.00 = = = = 1.00 = = = 1.00 1.00 = 1.00 1.00 = = = = 1.00 = 1.00 = = = = 1.00 = = = = 1.00 = = = = 1.00 = 1.00 = = = = 1.00 = = = = 0.50 = 0.50 = = = = = 1.00 = 1.00 = = = 1.00 1.00 1.00 1.00 1.00 = 1.00 = = 1.00 = 1.00 1.00 1.00 = = = 1.00 1.00 1.00 1.00 = = 1.00 = = 1.00 = 
= = = = = = = = = = = = = = = = = = = = = = = = = = = = = = = = = = = = = = = = = = = = = = = = = = = = = = = = = = = = = = = = = = = = = = = = = = = = = = = = = = = = = = = = = = = = = = 
= = = = 1.00 = = = = = = = = = = = 1.00 = = = = = = = = = = = = = = = = = = = = = = = 1.00 = = = = = = = = = = = = = = = = = = 1.00 = = = = = = = = = = = = = = = 1.00 = = = = = = = = = = = = = = = = = = 
= = = = = = = = 1.00 = = = = = = = = = = = = = = = = = = = = = = = = = = = = 1.00 1.00 1.00 = = = = = = = = = = = = = = = = 1.00 = = = = = = 1.00 = = = = = = = 1.00 = 1.00 = = 1.00 = = = = = = = = = = = = = = = 1.00 = 
= = = = = = = 0.50 = = = = = = = = = = = = = = = = = = = = = = = = 1.00 = = = = = = = = = = = = = = = = = = = = = = = = = = = = = = 1.00 = = = = = = = = = = = = = = = = = = = = = = = = = = 0.53 = = = 
= = = = = = = = 1.00 = = = = = = = = = = = = = = = = = = = = = = = = = = = = 1.00 1.00 1.00 = = = = = = = = 1.00 = = = = = = = 1.00 = = = = = = = = = = = = = = 1.00 = 1.00 = = 1.00 = = = = = = = = = = = = = = = 1.00 = 
= = = = = = = = = = = = = = = = = = = = = = = = = = = = = = = = 1.00 = = = = = = = = = = = = = = = 1.00 = = = = = = = = = = = = = = = = = = = = = = = = = = = = = = = = = = = = = = = = = = = = = 
= = = = = = = = = = = = = = = = = = = = = = = = = = = = = = = = 0.98 = = = = = = = = = = = = = = = = = = = = = = = = = = = = = = = = = = = = = = = = = = = = = = = = = = = = = = = = 1.00 = = = = 
= = = = = = = = 1.00 = = = = = = = = = = = = = = = 1.00 = = 1.00 = = = 1.00 = = = = 1.00 = 1.00 = = = = = = = = = = = 1.00 = = 0.50 = = 1.00 = = = = = = 1.00 = = = = = = = = = = = = = = = = = = = = = = = = = = = = 1.00 = 
= = = = = = = = 1.00 = = = = = = = = = = = = = = = = = = = = = = = 1.00 = = = = 1.00 1.00 1.00 = = = = = = = = = = = = = = = = 1.00 = = = = = = = = = = = = = = 1.00 = 1.00 = = 1.00 = = = = = = = = = = = = = = = 1.00 = 
1.00 1.00 1.00 = = 1.00 = = = = 1.00 = = = 1.00 1.00 = 1.00 1.00 = = 1.00 = 1.00 = 1.00 = = = = 1.00 = = = = 1.00 = = = = 1.00 = 1.00 = = = = 1.00 1.00 = = = = = = = = = = = 1.00 = 1.00 1.00 = = 1.00 1.00 1.00 1.00 1.00 = 1.00 = = 1.00 = 1.00 1.00 1.00 = = = 1.00 1.00 1.00 1.00 = = 1.00 = = 1.00 = 
1.00 1.00 1.00 = = 1.00 = = = = 1.00 = = = 1.00 1.00 = 1.00 1.00 = = = = 1.00 = 1.00 = = = = 1.00 = = = = 1.00 = = = = 1.00 = 1.00 = = = = 1.00 1.00 = = = = = = = = = = = 1.00 = 1.00 1.00 = = 1.00 1.00 1.00 1.00 1.00 = 1.00 = 0.50 1.00 = 1.00 1.00 1.00 = = = 1.00 1.00 1.00 1.00 = = 1.00 = = 1.00 = 
= = = = = = = = = = = = = = = = = = = = = = = = = = 1.00 = = = = = = = = = = 1.00 1.00 1.00 = = = = = = = = = = = = = = = = 1.00 = = = = 1.00 = = = 1.00 = = = = = 1.00 = 1.00 = = 1.00 = = = = = = = = = 1.00 = = = = = = = 
= = = = = = = = 1.00 = = = = = = = = = = = = = = = = = = = = = = = 1.00 = = = = 1.00 1.00 1.00 = = = = = = = = = = = = = = = = 1.00 = = = = = = = = = = = = = = 1.00 = 1.00 = = 1.00 = = = = = = = = = = = = = = = 1.00 = 
= = = = = = = = = = = = = = = = = = = = = = 1.00 = = = = = = = = = = = = = = = = = = = = = = = = = = = = = = = = = = = = = = = = = = = = = = = = = = = = = = = = = = = = = = = = = = = = = = = 
= = = = = = = = 1.00 = = = = = = = = = = = = = = = 1.00 = = 1.00 = = = 1.00 = = 1.00 = 1.00 = 1.00 = = = = = = 1.00 = = 1.00 = 1.00 = = = = = 1.00 = = = = = = = = = = = = = = = = = = = = = = = = = = = = = = = = = = = 1.00 = 
1.00 1.00 1.00 = = 1.00 1.00 = 1.00 = 1.00 = = = 1.00 1.00 = 1.00 1.00 = = 1.00 = 1.00 1.00 1.00 = 1.00 = = 1.00 1.00 = 0.50 1.00 1.00 1.00 = 1.00 = 1.00 1.00 1.00 = = = = 1.00 1.00 = 1.00 = = = = = 1.00 = = = 1.00 = 1.00 = = = 1.00 1.00 1.00 1.00 1.00 = 1.00 = = 1.00 = 1.00 1.00 1.00 = = = 1.00 1.00 1.00 1.00 = = 1.00 = 1.00 = = 
1.00 1.00 1.00 = = 1.00 = = = = 1.00 = = = 1.00 1.00 = 1.00 1.00 = = = = 1.00 = 1.00 = = = = 1.00 = = = = 1.00 = = = = 1.00 = 1.00 = = = = 1.00 1.00 = = = = = = = = = = = 1.00 = 1.00 1.00 = = 1.00 1.00 1.00 1.00 1.00 = 1.00 = = 1.00 = 1.00 1.00 1.00 = = = 1.00 1.00 1.00 1.00 = = 1.00 = = 1.00 = 
= = = = = = = = 1.00 = = = = = = = = = = = = = = = = = 1.00 = = 0.57 = = = = = = = = = = = = = = = = 0.74 = = = = = = = = = = = = = = 1.00 = 1.00 = 1.00 = = = = = = = = = = = = = = = = 0.57 = = = 1.00 = = = 0.58 = 1.00 = 
= = = = = = = = = = = = = = = = = = = = 1.00 = = = = = = = 0.50 = = = = = = = = = = = = = = = = = = = = = = = = = = = = 1.00 0.50 = = = = = = = = = = = = = = = = = = = = = = = = = = = = = = = = = = 1.00 
1.00 1.00 1.00 = = 1.00 = = = = 1.00 = = = 1.00 1.00 = 1.00 1.00 = = = = 1.00 = 1.00 = = = = 1.00 = 1.00 = = 1.00 = = = = 1.00 = 1.00 = = = = 1.00 1.00 = = = = = = = = = = = 1.00 = 1.00 = = = 1.00 1.00 1.00 1.00 1.00 = 1.00 = = 1.00 = 1.00 1.00 1.00 = = = 1.00 1.00 1.00 1.00 = = = = = 1.00 = 
1.00 1.00 1.00 = = 1.00 = = 1.00 = 1.00 = = = 1.00 1.00 = 1.00 1.00 = = = = 1.00 = 1.00 1.00 = = = 1.00 = = = = 1.00 = = = = 1.00 = 1.00 = = = 0.77 1.00 1.00 = = = = = = 0.58 = = = = 1.00 1.00 1.00 = = 1.00 1.00 1.00 1.00 1.00 1.00 = 1.00 = = 1.00 = 1.00 1.00 1.00 = = = 1.00 1.00 1.00 = = 0.52 1.00 0.70 = = = 
1.00 1.00 1.00 = = 1.00 = = 1.00 = 1.00 = = = 1.00 1.00 = 1.00 1.00 = = = = 1.00 = 1.00 = = = = 1.00 = = = = 1.00 = 1.00 1.00 1.00 1.00 = 1.00 = = = = 1.00 1.00 = = = = = = = 1.00 = = = 1.00 = 1.00 = = = 1.00 1.00 1.00 1.00 1.00 1.00 1.00 1.00 = 1.00 1.00 1.00 1.00 1.00 = = = 1.00 1.00 1.00 1.00 = = 1.00 = = = = 
1.00 1.00 1.00 0.51 1.00 1.00 = = = = 1.00 0.51 = = 1.00 1.00 1.00 1.00 1.00 = = = = 1.00 = 1.00 = = = = 1.00 = = = = 1.00 = = = = = = 1.00 = = = = 1.00 1.00 1.00 = = = = = = = = = = 1.00 = 1.00 = = = 1.00 1.00 1.00 1.00 1.00 = 1.00 = = = = 1.00 1.00 1.00 = 0.51 = 1.00 1.00 1.00 1.00 = = 1.00 = = 1.00 = 
1.00 1.00 1.00 = = 1.00 = = = = 1.00 = = = 1.00 1.00 = 1.00 1.00 = = = = 1.00 = 1.00 = = = = 1.00 = 1.00 = = 1.00 = = = = 1.00 = 1.00 = = = = 1.00 1.00 = = = = = = = = = = = 1.00 = 1.00 = = = 1.00 1.00 1.00 1.00 1.00 = 1.00 = = 1.00 = 1.00 1.00 1.00 = = = 1.00 1.00 1.00 1.00 = = 1.00 = = 1.00 = 
= = = = = = 1.00 = 1.00 = = = = = = = = = = = = = = = 1.00 = = 1.00 = = = 1.00 = = 1.00 = 1.00 = 1.00 = = 1.00 = = = = = = = = 1.00 = = = = = 1.00 = = = = = = 1.00 = = = = = = = = = = = = = = = = = = = = = = = = = = = 1.00 1.00 = 
= = = = 1.00 = = = = = = = = = = = 1.00 = = = = = = = = = = = = = = = = = = = = = = = 1.00 = = = = = = = = = = = = = = = = = = 1.00 = = = = = = = = = = = = = = = 1.00 = = = = = = = = = = = = = = = = = = 
= = = = = = = = = = = = = = = = = = = = = = = = 1.00 = = 1.00 = = = 1.00 = = 1.00 = 1.00 1.00 = 1.00 = = = = = = = = = = 1.00 = = = = = = = = = = = = = = = = = = = = 1.00 = 1.00 = = 1.00 = = = = = = = = = = = = = = = = = 
= = = = = = = = 1.00 = = = = = = = = = = = = = = = = = = = = = = = 1.00 = = = = 1.00 1.00 1.00 = = = = = 1.00 = = 1.00 = = = = = = = 1.00 = = = = = = = = = = = = = = 1.00 = 1.00 = = 1.00 = = = = = = = = = = = = = = = 1.00 = 
1.00 1.00 1.00 = 1.00 1.00 = = 1.00 = 1.00 = = = 1.00 1.00 1.00 1.00 1.00 0.95 = = = 1.00 = 1.00 1.00 = = = 1.00 1.00 = = = 1.00 = = = = = = 1.00 = = = = 1.00 1.00 = = 0.56 = = = = = = = = 1.00 1.00 1.00 = = = 1.00 1.00 1.00 1.00 1.00 = 1.00 = = = = 1.00 1.00 1.00 = = = 1.00 1.00 1.00 = = = 1.00 = = = = 
= = = = = = = = = = = = = = = = = = = = = = = = = = = = = = = = = = = = = = = = = = = 1.00 = = = = = = = = = = = = = = = = = = = = = = = = = = = = = = = = = = = = = = = = = = = = = = = = = = 
1.00 1.00 1.00 = = 1.00 = = 1.00 = 1.00 = 0.50 = 1.00 1.00 = 1.00 1.00 = 1.00 = = 1.00 = 1.00 = = = = 1.00 = = = = 1.00 0.50 1.00 1.00 1.00 1.00 = 1.00 = = = = 1.00 1.00 = = = = = = = 1.00 1.00 = = 1.00 = 1.00 = 0.50 = 1.00 1.00 1.00 1.00 1.00 1.00 1.00 1.00 = 1.00 1.00 1.00 1.00 1.00 = = = 1.00 1.00 1.00 1.00 = = 1.00 = = = 1.00 
= = = = = = = = = = = = = = = = = = = = = = = = = = = = = = = = = = = = = = = = = = = = = = = = = = = = = = = = = = = = = = = = = = = = = = = = = = = = = = = = = = = = = = = = = = = = = = 
1.00 1.00 1.00 = = 1.00 = = = = 1.00 = = = 1.00 1.00 = 1.00 1.00 = = = = 1.00 = 1.00 = = = = 1.00 = = = = 1.00 = = = = 1.00 = 1.00 = = = = 1.00 1.00 = = = = = = = = = = = 1.00 = 1.00 1.00 = = 1.00 1.00 1.00 1.00 1.00 = 1.00 = = 1.00 = 1.00 1.00 1.00 = = = 1.00 1.00 1.00 1.00 = = 1.00 = = 1.00 = 
= = = = = = = = 1.00 = = = = = = = = = = = = = = = 1.00 = = 1.00 = = = 1.00 = = 1.00 = 1.00 = 1.00 = = = = = = = = = = = 1.00 = = = = = 1.00 = = = = = = 1.00 = = = = = = = = = = = = = = = = = = = = = = = = = = = 1.00 1.00 = 
1.00 1.00 1.00 = 1.00 1.00 = = 1.00 = 1.00 = = 0.50 1.00 1.00 1.00 1.00 1.00 = = = = 1.00 1.00 1.00 = 1.00 = = 1.00 1.00 = = = 1.00 1.00 = 1.00 = = = 1.00 = = = = 1.00 1.00 1.00 1.00 = = = = = 1.00 = = = 1.00 = 1.00 = = = 1.00 1.00 1.00 1.00 1.00 = 1.00 = = = = 1.00 1.00 1.00 = = = 1.00 1.00 1.00 1.00 = = 1.00 = = = = 
= = = = = = = = 1.00 = = = = = = = = = = = = = = = 1.00 = = 1.00 = = = 1.00 = = = = 1.00 = 1.00 = = = = = = = = = = = 1.00 = = = = = 1.00 = = = = = = = = = = = = = = = = = = = = = = = = = = = = = = = = = = = 1.00 = 
1.00 1.00 1.00 = 1.00 1.00 1.00 = 1.00 0.58 1.00 = = = 1.00 1.00 1.00 1.00 1.00 = = = = 1.00 1.00 1.00 = 1.00 = = 1.00 1.00 = = 1.00 1.00 1.00 = 1.00 = = 1.00 1.00 = = = = 1.00 1.00 = 1.00 = = = = = 1.00 = = = 1.00 = 1.00 = = = 1.00 1.00 1.00 1.00 1.00 = 1.00 = = = = 1.00 1.00 1.00 = = = 1.00 1.00 1.00 1.00 = = 1.00 = 1.00 = = 
1.00 1.00 1.00 = = 1.00 = = 1.00 = 1.00 = = = 1.00 1.00 = 1.00 1.00 0.96 = = = 1.00 = 1.00 1.00 = = = 1.00 1.00 = = = 1.00 = = = = 1.00 = 1.00 = = = = 1.00 1.00 = = = = = = = = = = = 1.00 1.00 1.00 = = = 1.00 1.00 1.00 1.00 1.00 = 1.00 = = 1.00 = 1.00 1.00 1.00 0.54 = = 1.00 1.00 1.00 = = = 1.00 = = = = 
1.00 1.00 1.00 = 1.00 1.00 = = 1.00 = 1.00 = = = 1.00 1.00 1.00 1.00 1.00 = = = = 1.00 = 1.00 = = = = 1.00 = = = = 1.00 = 1.00 1.00 1.00 = = 1.00 = = = = 1.00 1.00 1.00 = = = = = = 1.00 = = = 1.00 = 1.00 = = = 1.00 1.00 1.00 1.00 1.00 1.00 1.00 1.00 = = 1.00 1.00 1.00 1.00 = = = 1.00 1.00 1.00 1.00 = = 1.00 = = = = 
= = = = = = = = = = = = = = = = = = = = = = = = = = = = = = = = = = = = = = = = = = = = = = = = = = = = = = = = = = = = = = = = = = = = = = = = = = = = = = = = = = = = = = = = = = = = = = 
= = = = = = = = = = = = = = = = = = = 0.97 = = = = 1.00 = 1.00 1.00 = = = = = = 1.00 = 1.00 = 1.00 = = = = = = = = = = = 1.00 = = = = = 1.00 = = = = 1.00 = = = = = = = = = = = = = = = = = = = = = = = = 1.00 0.53 = = = = = = 
= = = = = = = = = = = = = = = = = = = = = = = = = = 1.00 = = = = 1.00 = = = = = 1.00 1.00 1.00 = = = = 0.67 = = = = = = = = = = = 1.00 = = = = 1.00 = = = = = = = = = 1.00 = 1.00 = = 1.00 = = = = = = = = = 1.00 = = = = = = = 
= = = = 1.00 = = = = = = = = = = = 1.00 = = = 1.00 = = = = = = = = = = = = = = = = = = = 1.00 = = = = = = = = 1.00 = = = = = = = 1.00 = = = = = = = = = = = = = = = = = 1.00 = = = = = = = = = = = = = = = = = 1.00 
= = = = = = = = 1.00 = = = = = = = = = = = = = = = = = = = = = = = 1.00 = = = = 1.00 1.00 1.00 = = = = = 1.00 = = 1.00 = = = = = = = 1.00 = = = = = = = = = = = = = = 1.00 = 1.00 = = 1.00 = = = = = = = = = = = = = = = 1.00 = 
END PHASEPROBS
