*************************************************************
****                                                     ****
****            Output from PHASE v2.1.1                 ****
****  Code by M Stephens, with contributions from N Li   ****
****                                                     ****
*************************************************************

BEGIN COMMAND_LINE 
/home/yann/proj/phase.2.1.1.linux/PHASE phase.inp phase.out 
END COMMAND_LINE 

BEGIN OUTFILE_LIST
phase.out_freqs : haplotype frequency estimates
phase.out_pairs : most likely haplotype pairs for each individual
phase.out_recom : estimates of recombination parameters
phase.out_monitor : file for monitoring convergence
END OUTFILE_LIST

BEGIN INPUT_SUMMARY
Number of Individuals: 25
Number of Loci: 51
Positions of loci: 15 18 24 31 43 44 46 50 51 52 57 65 66 77 82 89 93 108 114 120 140 142 152 154 171 176 180 182 183 184 188 193 196 202 209 213 216 218 222 223 235 251 255 256 259 260 268 277 281 285 288 
END INPUT_SUMMARY

List of haplotypes found in best reconstruction, with counts.
(See file phase.out_freqs for haplotype population frequency estimates)

BEGIN LIST_SUMMARY
         1 214343312142234341233312342434334121444112324434134    2.000000
         2 214343334122232143233312342434432141442114322214134    2.000000
         3 214343334122232143233312342434432141442114122214134    1.000000
         4 214343334122232143233312342434432141442114122212134    1.000000
         5 214343334122232143233312342434432141442134322214134    3.000000
         6 214343334122232143233312342434434341442314322234134    2.000000
         7 214343334122232143233312342431432141442114322214134    1.000000
         8 214343334122232143233312342234432141442114322214134    1.000000
         9 214343334122232143233312344434432141442114322214134    1.000000
        10 214343334122232143233312344434432141442114322214334    1.000000
        11 214343334122232143233312344434432141442134322214134    1.000000
        12 214343334122232143233312322434432141442114322214134    1.000000
        13 214343334122232143233312142434434141442314322234134    3.000000
        14 214343334122232143233332342434432141442114322214134    1.000000
        15 214343334122232143233112342434434143442314322234134    3.000000
        16 214343334122232143231312342434434341442314322234134    1.000000
        17 214343334122222143233312342434432141442114122214134    2.000000
        18 214343334322232141233312342414434141442112322432134    2.000000
        19 214343334322232141433312342434434141442112142434134    1.000000
        20 214341334322232141233312342434434141442112142434134    3.000000
        21 214323312142234321213314342434334121242112324434134    6.000000
        22 214143312142234341233312342434334121442112324434132    6.000000
        23 212343334322432141233312342434414121442112322434114    1.000000
        24 212343134322232141233312342434434121442112322434134    2.000000
        25 224343334124232143233312342434432141422114322214134    1.000000
        26 414343312142234341233312342434334121442112324434134    1.000000
END LIST_SUMMARY


Summary of best reconstruction
(numbers refer to the list of haplotypes given above)

BEGIN BESTPAIRS_SUMMARY
Individual0: (5,26)
Individual1: (16,20)
Individual10: (10,15)
Individual11: (11,18)
Individual12: (22,24)
Individual13: (21,23)
Individual14: (6,21)
Individual15: (5,22)
Individual16: (20,22)
Individual17: (2,24)
Individual18: (9,17)
Individual19: (13,14)
Individual2: (21,21)
Individual20: (13,21)
Individual21: (17,20)
Individual22: (3,19)
Individual23: (15,18)
Individual24: (5,6)
Individual3: (2,12)
Individual4: (15,25)
Individual5: (1,22)
Individual6: (7,13)
Individual7: (1,8)
Individual8: (22,22)
Individual9: (4,21)
END BESTPAIRS_SUMMARY


Haplotype estimates for each individual, with uncertain phases enclosed in ()
and uncertain genotypes enclosed in []:

BEGIN BESTPAIRS1
0 Individual0
(2) 1 4 3 4 3 3 3 4 1 2 2 2 3 2 1 4 3 2 3 3 3 1 2 3 4 2 4 3 4 4 3 2 1 4 1 4 4 2 1 3 4 3 2 2 2 1 4 1 3 4 
(4) 1 4 3 4 3 3 1 2 1 4 2 2 3 4 3 4 1 2 3 3 3 1 2 3 4 2 4 3 4 3 3 4 1 2 1 4 4 2 1 1 2 3 2 4 4 3 4 1 3 4 
0 Individual1
2 1 4 3 4 3 3 3 4 1 2 2 2 3 2 1 4 3 2 3 (1) 3 1 2 3 4 2 4 3 4 4 3 4 3 4 1 4 4 2 3 1 4 3 2 2 2 3 4 1 3 4 
2 1 4 3 4 1 3 3 4 3 2 2 2 3 2 1 4 1 2 3 (3) 3 1 2 3 4 2 4 3 4 4 3 4 1 4 1 4 4 2 1 1 2 1 4 2 4 3 4 1 3 4 
0 Individual10
2 1 4 3 4 3 3 3 4 1 2 2 2 3 2 1 4 3 2 3 3 3 1 2 3 4 (4) 4 3 4 4 3 2 1 4 1 4 4 2 1 1 4 3 2 2 2 1 4 (3) 3 4 
2 1 4 3 4 3 3 3 4 1 2 2 2 3 2 1 4 3 2 3 3 1 1 2 3 4 (2) 4 3 4 4 3 4 1 4 3 4 4 2 3 1 4 3 2 2 2 3 4 (1) 3 4 
0 Individual11
2 1 4 3 4 3 3 3 4 1 2 2 2 3 2 1 4 3 2 3 3 3 1 2 3 4 (4) 4 3 4 4 3 2 1 4 1 4 4 2 1 3 4 3 2 2 2 1 4 1 3 4 
2 1 4 3 4 3 3 3 4 3 2 2 2 3 2 1 4 1 2 3 3 3 1 2 3 4 (2) 4 1 4 4 3 4 1 4 1 4 4 2 1 1 2 3 2 2 4 3 2 1 3 4 
0 Individual12
2 1 4 1 4 3 3 1 2 1 4 2 2 3 4 3 4 1 2 3 3 3 1 2 3 4 2 4 3 4 3 3 4 1 2 1 4 4 2 1 1 2 3 2 4 4 3 4 1 3 2 
2 1 2 3 4 3 1 3 4 3 2 2 2 3 2 1 4 1 2 3 3 3 1 2 3 4 2 4 3 4 4 3 4 1 2 1 4 4 2 1 1 2 3 2 2 4 3 4 1 3 4 
0 Individual13
2 1 4 3 2 3 3 1 2 1 4 2 (2) 3 4 3 2 1 2 1 3 3 1 4 3 4 2 4 3 4 3 (3) 4 1 2 1 2 4 2 1 1 2 3 2 4 4 3 4 1 (3) 4 
2 1 2 3 4 3 3 3 4 3 2 2 (4) 3 2 1 4 1 2 3 3 3 1 2 3 4 2 4 3 4 4 (1) 4 1 2 1 4 4 2 1 1 2 3 2 2 4 3 4 1 (1) 4 
0 Individual14
2 1 4 3 4 3 3 3 4 1 2 2 2 3 2 1 4 3 2 3 3 3 1 2 3 4 2 4 3 4 4 3 4 3 4 1 4 4 2 3 1 4 3 2 2 2 3 4 1 3 4 
2 1 4 3 2 3 3 1 2 1 4 2 2 3 4 3 2 1 2 1 3 3 1 4 3 4 2 4 3 4 3 3 4 1 2 1 2 4 2 1 1 2 3 2 4 4 3 4 1 3 4 
0 Individual15
2 1 4 3 4 3 3 3 4 1 2 2 2 3 2 1 4 3 2 3 3 3 1 2 3 4 2 4 3 4 4 3 2 1 4 1 4 4 2 1 3 4 3 2 2 2 1 4 1 3 4 
2 1 4 1 4 3 3 1 2 1 4 2 2 3 4 3 4 1 2 3 3 3 1 2 3 4 2 4 3 4 3 3 4 1 2 1 4 4 2 1 1 2 3 2 4 4 3 4 1 3 2 
0 Individual16
2 1 4 3 4 1 3 3 4 3 2 2 2 3 2 1 4 1 2 3 3 3 1 2 3 4 2 4 3 4 4 3 4 1 4 1 4 4 2 1 1 2 1 4 2 4 3 4 1 3 4 
2 1 4 1 4 3 3 1 2 1 4 2 2 3 4 3 4 1 2 3 3 3 1 2 3 4 2 4 3 4 3 3 4 1 2 1 4 4 2 1 1 2 3 2 4 4 3 4 1 3 2 
0 Individual17
2 1 4 3 4 3 3 3 4 1 2 2 2 3 2 1 4 3 2 3 3 3 1 2 3 4 2 4 3 4 4 3 2 1 4 1 4 4 2 1 1 4 3 2 2 2 1 4 1 3 4 
2 1 2 3 4 3 1 3 4 3 2 2 2 3 2 1 4 1 2 3 3 3 1 2 3 4 2 4 3 4 4 3 4 1 2 1 4 4 2 1 1 2 3 2 2 4 3 4 1 3 4 
0 Individual18
2 1 4 3 4 3 3 3 4 1 2 2 2 3 2 1 4 3 2 3 3 3 1 2 3 4 (4) 4 3 4 4 3 2 1 4 1 4 4 2 1 1 4 3 2 2 2 1 4 1 3 4 
2 1 4 3 4 3 3 3 4 1 2 2 2 2 2 1 4 3 2 3 3 3 1 2 3 4 (2) 4 3 4 4 3 2 1 4 1 4 4 2 1 1 4 1 2 2 2 1 4 1 3 4 
0 Individual19
2 1 4 3 4 3 3 3 4 1 2 2 2 3 2 1 4 3 2 3 3 3 (1) 2 1 4 2 4 3 4 4 3 4 1 4 1 4 4 2 3 1 4 3 2 2 2 3 4 1 3 4 
2 1 4 3 4 3 3 3 4 1 2 2 2 3 2 1 4 3 2 3 3 3 (3) 2 3 4 2 4 3 4 4 3 2 1 4 1 4 4 2 1 1 4 3 2 2 2 1 4 1 3 4 
0 Individual2
2 1 4 3 2 3 3 1 2 1 4 2 2 3 4 3 2 1 2 1 3 3 1 4 3 4 2 4 3 4 3 3 4 1 2 1 2 4 2 1 1 2 3 2 4 4 3 4 1 3 4 
2 1 4 3 2 3 3 1 2 1 4 2 2 3 4 3 2 1 2 1 3 3 1 4 3 4 2 4 3 4 3 3 4 1 2 1 2 4 2 1 1 2 3 2 4 4 3 4 1 3 4 
0 Individual20
2 1 4 3 4 3 3 3 4 1 2 2 2 3 2 1 4 3 2 3 3 3 1 2 1 4 2 4 3 4 4 3 4 1 4 1 4 4 2 3 1 4 3 2 2 2 3 4 1 3 4 
2 1 4 3 2 3 3 1 2 1 4 2 2 3 4 3 2 1 2 1 3 3 1 4 3 4 2 4 3 4 3 3 4 1 2 1 2 4 2 1 1 2 3 2 4 4 3 4 1 3 4 
0 Individual21
2 1 4 3 4 3 3 3 4 1 2 2 2 2 2 1 4 3 2 3 3 3 1 2 3 4 2 4 3 4 4 3 2 1 4 1 4 4 2 1 1 4 1 2 2 2 1 4 1 3 4 
2 1 4 3 4 1 3 3 4 3 2 2 2 3 2 1 4 1 2 3 3 3 1 2 3 4 2 4 3 4 4 3 4 1 4 1 4 4 2 1 1 2 1 4 2 4 3 4 1 3 4 
0 Individual22
2 1 4 3 4 3 3 3 4 1 2 2 2 3 2 1 4 3 (2) 3 3 3 1 2 3 4 2 4 3 4 4 3 2 1 4 1 4 4 2 1 1 4 1 2 2 2 1 4 1 3 4 
2 1 4 3 4 3 3 3 4 3 2 2 2 3 2 1 4 1 (4) 3 3 3 1 2 3 4 2 4 3 4 4 3 4 1 4 1 4 4 2 1 1 2 1 4 2 4 3 4 1 3 4 
0 Individual23
2 1 4 3 4 3 3 3 4 1 2 2 2 3 2 1 4 3 2 3 3 1 1 2 3 4 2 4 3 4 4 3 4 1 4 3 4 4 2 3 1 4 3 2 2 2 3 4 1 3 4 
2 1 4 3 4 3 3 3 4 3 2 2 2 3 2 1 4 1 2 3 3 3 1 2 3 4 2 4 1 4 4 3 4 1 4 1 4 4 2 1 1 2 3 2 2 4 3 2 1 3 4 
0 Individual24
2 1 4 3 4 3 3 3 4 1 2 2 2 3 2 1 4 3 2 3 3 3 1 2 3 4 2 4 3 4 4 3 2 1 4 1 4 4 2 1 3 4 3 2 2 2 1 4 1 3 4 
2 1 4 3 4 3 3 3 4 1 2 2 2 3 2 1 4 3 2 3 3 3 1 2 3 4 2 4 3 4 4 3 4 3 4 1 4 4 2 3 1 4 3 2 2 2 3 4 1 3 4 
0 Individual3
2 1 4 3 4 3 3 3 4 1 2 2 2 3 2 1 4 3 2 3 3 3 1 2 3 4 2 4 3 4 4 3 2 1 4 1 4 4 2 1 1 4 3 2 2 2 1 4 1 3 4 
2 1 4 3 4 3 3 3 4 1 2 2 2 3 2 1 4 3 2 3 3 3 1 2 3 2 2 4 3 4 4 3 2 1 4 1 4 4 2 1 1 4 3 2 2 2 1 4 1 3 4 
0 Individual4
2 (1) 4 3 4 3 3 3 4 1 2 (2) 2 3 2 1 4 3 2 3 3 1 1 2 3 4 2 4 3 4 4 3 4 1 4 3 4 (4) 2 3 1 4 3 2 2 2 3 4 1 3 4 
2 (2) 4 3 4 3 3 3 4 1 2 (4) 2 3 2 1 4 3 2 3 3 3 1 2 3 4 2 4 3 4 4 3 2 1 4 1 4 (2) 2 1 1 4 3 2 2 2 1 4 1 3 4 
0 Individual5
2 1 4 3 4 3 3 1 2 1 4 2 2 3 4 3 4 1 2 3 3 3 1 2 3 4 2 4 3 4 3 3 4 1 2 1 4 4 4 1 1 2 3 2 4 4 3 4 1 3 4 
2 1 4 1 4 3 3 1 2 1 4 2 2 3 4 3 4 1 2 3 3 3 1 2 3 4 2 4 3 4 3 3 4 1 2 1 4 4 2 1 1 2 3 2 4 4 3 4 1 3 2 
0 Individual6
2 1 4 3 4 3 3 3 4 1 2 2 2 3 2 1 4 3 2 3 3 3 1 2 3 4 2 4 3 (1) 4 3 2 1 4 1 4 4 2 1 1 4 3 2 2 2 1 4 1 3 4 
2 1 4 3 4 3 3 3 4 1 2 2 2 3 2 1 4 3 2 3 3 3 1 2 1 4 2 4 3 (4) 4 3 4 1 4 1 4 4 2 3 1 4 3 2 2 2 3 4 1 3 4 
0 Individual7
2 1 4 3 4 3 3 1 2 1 4 2 2 3 4 3 4 1 2 3 3 3 1 2 3 4 2 (4) 3 4 3 3 4 1 2 1 4 4 4 1 1 2 3 2 4 4 3 4 1 3 4 
2 1 4 3 4 3 3 3 4 1 2 2 2 3 2 1 4 3 2 3 3 3 1 2 3 4 2 (2) 3 4 4 3 2 1 4 1 4 4 2 1 1 4 3 2 2 2 1 4 1 3 4 
0 Individual8
2 1 4 1 4 3 3 1 2 1 4 2 2 3 4 3 4 1 2 3 3 3 1 2 3 4 2 4 3 4 3 3 4 1 2 1 4 4 2 1 1 2 3 2 4 4 3 4 1 3 2 
2 1 4 1 4 3 3 1 2 1 4 2 2 3 4 3 4 1 2 3 3 3 1 2 3 4 2 4 3 4 3 3 4 1 2 1 4 4 2 1 1 2 3 2 4 4 3 4 1 3 2 
0 Individual9
2 1 4 3 4 3 3 3 4 1 2 2 2 3 2 1 4 3 2 3 3 3 1 2 3 4 2 4 3 4 4 3 2 1 4 1 4 4 2 1 1 4 1 2 2 2 1 (2) 1 3 4 
2 1 4 3 2 3 3 1 2 1 4 2 2 3 4 3 2 1 2 1 3 3 1 4 3 4 2 4 3 4 3 3 4 1 2 1 2 4 2 1 1 2 3 2 4 4 3 (4) 1 3 4 
END BESTPAIRS1


Haplotype estimates for each individual, with uncertain phases enclosed in ()
and uncertain genotypes enclosed in []
with phase known positions indicated by =

BEGIN BESTPAIRS2
0 Individual0
(2) = = = = = = 3 4 = 2 = = = 2 1 = 3 = = = = = = = = = = = = 4 = 2 = 4 = = = = = 3 4 = = 2 2 1 = = = = 
(4) = = = = = = 1 2 = 4 = = = 4 3 = 1 = = = = = = = = = = = = 3 = 4 = 2 = = = = = 1 2 = = 4 4 3 = = = = 
0 Individual1
= = = = = 3 = = = 1 = = = = = = = 3 = = (1) = = = = = = = = = = = = 3 = = = = = 3 = 4 3 2 = 2 = = = = = 
= = = = = 1 = = = 3 = = = = = = = 1 = = (3) = = = = = = = = = = = = 1 = = = = = 1 = 2 1 4 = 4 = = = = = 
0 Individual10
= = = = = = = = = = = = = = = = = = = = = 3 = = = = (4) = = = = = 2 = = 1 = = = 1 = = = = = = 1 = (3) = = 
= = = = = = = = = = = = = = = = = = = = = 1 = = = = (2) = = = = = 4 = = 3 = = = 3 = = = = = = 3 = (1) = = 
0 Individual11
= = = = = = = = = 1 = = = = = = = 3 = = = = = = = = (4) = 3 = = = 2 = = = = = = = 3 4 = = = 2 1 4 = = = 
= = = = = = = = = 3 = = = = = = = 1 = = = = = = = = (2) = 1 = = = 4 = = = = = = = 1 2 = = = 4 3 2 = = = 
0 Individual12
= = 4 1 = = 3 1 2 1 4 = = = 4 3 = = = = = = = = = = = = = = 3 = = = = = = = = = = = = = 4 = = = = = 2 
= = 2 3 = = 1 3 4 3 2 = = = 2 1 = = = = = = = = = = = = = = 4 = = = = = = = = = = = = = 2 = = = = = 4 
0 Individual13
= = 4 = 2 = = 1 2 1 4 = (2) = 4 3 2 = = 1 = = = 4 = = = = = = 3 (3) = = = = 2 = = = = = = = 4 = = = = (3) = 
= = 2 = 4 = = 3 4 3 2 = (4) = 2 1 4 = = 3 = = = 2 = = = = = = 4 (1) = = = = 4 = = = = = = = 2 = = = = (1) = 
0 Individual14
= = = = 4 = = 3 4 = 2 = = = 2 1 4 3 = 3 = = = 2 = = = = = = 4 = = 3 4 = 4 = = 3 = 4 = = 2 2 = = = = = 
= = = = 2 = = 1 2 = 4 = = = 4 3 2 1 = 1 = = = 4 = = = = = = 3 = = 1 2 = 2 = = 1 = 2 = = 4 4 = = = = = 
0 Individual15
= = = 3 = = = 3 4 = 2 = = = 2 1 = 3 = = = = = = = = = = = = 4 = 2 = 4 = = = = = 3 4 = = 2 2 1 = = = 4 
= = = 1 = = = 1 2 = 4 = = = 4 3 = 1 = = = = = = = = = = = = 3 = 4 = 2 = = = = = 1 2 = = 4 4 3 = = = 2 
0 Individual16
= = = 3 = 1 = 3 4 3 2 = = = 2 1 = = = = = = = = = = = = = = 4 = = = 4 = = = = = = = 1 4 2 = = = = = 4 
= = = 1 = 3 = 1 2 1 4 = = = 4 3 = = = = = = = = = = = = = = 3 = = = 2 = = = = = = = 3 2 4 = = = = = 2 
0 Individual17
= = 4 = = = 3 = = 1 = = = = = = = 3 = = = = = = = = = = = = = = 2 = 4 = = = = = = 4 = = = 2 1 = = = = 
= = 2 = = = 1 = = 3 = = = = = = = 1 = = = = = = = = = = = = = = 4 = 2 = = = = = = 2 = = = 4 3 = = = = 
0 Individual18
= = = = = = = = = = = = = 3 = = = = = = = = = = = = (4) = = = = = = = = = = = = = = = 3 = = = = = = = = 
= = = = = = = = = = = = = 2 = = = = = = = = = = = = (2) = = = = = = = = = = = = = = = 1 = = = = = = = = 
0 Individual19
= = = = = = = = = = = = = = = = = = = = = = (1) = 1 = = = = = = = 4 = = = = = = 3 = = = = = = 3 = = = = 
= = = = = = = = = = = = = = = = = = = = = = (3) = 3 = = = = = = = 2 = = = = = = 1 = = = = = = 1 = = = = 
0 Individual2
= = = = = = = = = = = = = = = = = = = = = = = = = = = = = = = = = = = = = = = = = = = = = = = = = = = 
= = = = = = = = = = = = = = = = = = = = = = = = = = = = = = = = = = = = = = = = = = = = = = = = = = = 
0 Individual20
= = = = 4 = = 3 4 = 2 = = = 2 1 4 3 = 3 = = = 2 1 = = = = = 4 = = = 4 = 4 = = 3 = 4 = = 2 2 = = = = = 
= = = = 2 = = 1 2 = 4 = = = 4 3 2 1 = 1 = = = 4 3 = = = = = 3 = = = 2 = 2 = = 1 = 2 = = 4 4 = = = = = 
0 Individual21
= = = = = 3 = = = 1 = = = 2 = = = 3 = = = = = = = = = = = = = = 2 = = = = = = = = 4 = 2 = 2 1 = = = = 
= = = = = 1 = = = 3 = = = 3 = = = 1 = = = = = = = = = = = = = = 4 = = = = = = = = 2 = 4 = 4 3 = = = = 
0 Individual22
= = = = = = = = = 1 = = = = = = = 3 (2) = = = = = = = = = = = = = 2 = = = = = = = = 4 = 2 = 2 1 = = = = 
= = = = = = = = = 3 = = = = = = = 1 (4) = = = = = = = = = = = = = 4 = = = = = = = = 2 = 4 = 4 3 = = = = 
0 Individual23
= = = = = = = = = 1 = = = = = = = 3 = = = 1 = = = = = = 3 = = = = = = 3 = = = 3 = 4 = = = 2 = 4 = = = 
= = = = = = = = = 3 = = = = = = = 1 = = = 3 = = = = = = 1 = = = = = = 1 = = = 1 = 2 = = = 4 = 2 = = = 
0 Individual24
= = = = = = = = = = = = = = = = = = = = = = = = = = = = = = = = 2 1 = = = = = 1 3 = = = = = 1 = = = = 
= = = = = = = = = = = = = = = = = = = = = = = = = = = = = = = = 4 3 = = = = = 3 1 = = = = = 3 = = = = 
0 Individual3
= = = = = = = = = = = = = = = = = = = = = = = = = 4 = = = = = = = = = = = = = = = = = = = = = = = = = 
= = = = = = = = = = = = = = = = = = = = = = = = = 2 = = = = = = = = = = = = = = = = = = = = = = = = = 
0 Individual4
= (1) = = = = = = = = = (2) = = = = = = = = = 1 = = = = = = = = = = 4 = = 3 = (4) = 3 = = = = = = 3 = = = = 
= (2) = = = = = = = = = (4) = = = = = = = = = 3 = = = = = = = = = = 2 = = 1 = (2) = 1 = = = = = = 1 = = = = 
0 Individual5
= = = 3 = = = = = = = = = = = = = = = = = = = = = = = = = = = = = = = = = = 4 = = = = = = = = = = = 4 
= = = 1 = = = = = = = = = = = = = = = = = = = = = = = = = = = = = = = = = = 2 = = = = = = = = = = = 2 
0 Individual6
= = = = = = = = = = = = = = = = = = = = = = = = 3 = = = = (1) = = 2 = = = = = = 1 = = = = = = 1 = = = = 
= = = = = = = = = = = = = = = = = = = = = = = = 1 = = = = (4) = = 4 = = = = = = 3 = = = = = = 3 = = = = 
0 Individual7
= = = = = = = 1 2 = 4 = = = 4 3 = 1 = = = = = = = = = (4) = = 3 = 4 = 2 = = = 4 = = 2 = = 4 4 3 = = = = 
= = = = = = = 3 4 = 2 = = = 2 1 = 3 = = = = = = = = = (2) = = 4 = 2 = 4 = = = 2 = = 4 = = 2 2 1 = = = = 
0 Individual8
= = = = = = = = = = = = = = = = = = = = = = = = = = = = = = = = = = = = = = = = = = = = = = = = = = = 
= = = = = = = = = = = = = = = = = = = = = = = = = = = = = = = = = = = = = = = = = = = = = = = = = = = 
0 Individual9
= = = = 4 = = 3 4 = 2 = = = 2 1 4 3 = 3 = = = 2 = = = = = = 4 = 2 = 4 = 4 = = = = 4 1 = 2 2 1 (2) = = = 
= = = = 2 = = 1 2 = 4 = = = 4 3 2 1 = 1 = = = 4 = = = = = = 3 = 4 = 2 = 2 = = = = 2 3 = 4 4 3 (4) = = = 
END BESTPAIRS2


Phase probabilities at each site
with phase known positions indicated by =
and missing data positions indicated by ?

BEGIN PHASEPROBS
0.63 = = = = = = 1.00 1.00 = 1.00 = = = 1.00 1.00 = 1.00 = = = = = = = = = = = = 1.00 = 1.00 = 1.00 = = = = = 0.99 1.00 = = 1.00 1.00 1.00 = = = = 
= = = = = 1.00 = = = 1.00 = = = = = = = 1.00 = = 0.50 = = = = = = = = = = = = 1.00 = = = = = 1.00 = 1.00 1.00 1.00 = 1.00 = = = = = 
= = = = = = = = = = = = = = = = = = = = = 1.00 = = = = 0.85 = = = = = 1.00 = = 1.00 = = = 1.00 = = = = = = 1.00 = 0.50 = = 
= = = = = = = = = 1.00 = = = = = = = 1.00 = = = = = = = = 0.61 = 1.00 = = = 1.00 = = = = = = = 1.00 1.00 = = = 1.00 1.00 1.00 = = = 
= = 1.00 1.00 = = 1.00 1.00 1.00 1.00 1.00 = = = 1.00 1.00 = = = = = = = = = = = = = = 1.00 = = = = = = = = = = = = = 1.00 = = = = = 1.00 
= = 1.00 = 1.00 = = 1.00 1.00 1.00 1.00 = 0.68 = 1.00 1.00 1.00 = = 1.00 = = = 1.00 = = = = = = 1.00 0.68 = = = = 1.00 = = = = = = = 1.00 = = = = 0.68 = 
= = = = 1.00 = = 1.00 1.00 = 1.00 = = = 1.00 1.00 1.00 1.00 = 1.00 = = = 1.00 = = = = = = 1.00 = = 1.00 1.00 = 1.00 = = 1.00 = 1.00 = = 1.00 1.00 = = = = = 
= = = 1.00 = = = 1.00 1.00 = 1.00 = = = 1.00 1.00 = 1.00 = = = = = = = = = = = = 1.00 = 1.00 = 1.00 = = = = = 1.00 1.00 = = 1.00 1.00 1.00 = = = 1.00 
= = = 1.00 = 1.00 = 1.00 1.00 1.00 1.00 = = = 1.00 1.00 = = = = = = = = = = = = = = 1.00 = = = 1.00 = = = = = = = 1.00 1.00 1.00 = = = = = 1.00 
= = 1.00 = = = 1.00 = = 1.00 = = = = = = = 1.00 = = = = = = = = = = = = = = 1.00 = 1.00 = = = = = = 1.00 = = = 1.00 1.00 = = = = 
= = = = = = = = = = = = = 1.00 = = = = = = = = = = = = 0.77 = = = = = = = = = = = = = = = 1.00 = = = = = = = = 
= = = = = = = = = = = = = = = = = = = = = = 0.50 = 1.00 = = = = = = = 1.00 = = = = = = 1.00 = = = = = = 1.00 = = = = 
= = = = = = = = = = = = = = = = = = = = = = = = = = = = = = = = = = = = = = = = = = = = = = = = = = = 
= = = = 1.00 = = 1.00 1.00 = 1.00 = = = 1.00 1.00 1.00 1.00 = 1.00 = = = 1.00 1.00 = = = = = 1.00 = = = 1.00 = 1.00 = = 1.00 = 1.00 = = 1.00 1.00 = = = = = 
= = = = = 1.00 = = = 1.00 = = = 0.92 = = = 1.00 = = = = = = = = = = = = = = 1.00 = = = = = = = = 1.00 = 1.00 = 1.00 1.00 = = = = 
= = = = = = = = = 1.00 = = = = = = = 1.00 0.54 = = = = = = = = = = = = = 1.00 = = = = = = = = 1.00 = 1.00 = 1.00 1.00 = = = = 
= = = = = = = = = 1.00 = = = = = = = 1.00 = = = 1.00 = = = = = = 1.00 = = = = = = 1.00 = = = 1.00 = 1.00 = = = 1.00 = 1.00 = = = 
= = = = = = = = = = = = = = = = = = = = = = = = = = = = = = = = 1.00 1.00 = = = = = 1.00 1.00 = = = = = 1.00 = = = = 
= = = = = = = = = = = = = = = = = = = = = = = = = 1.00 = = = = = = = = = = = = = = = = = = = = = = = = = 
= 0.50 = = = = = = = = = 0.50 = = = = = = = = = 1.00 = = = = = = = = = = 1.00 = = 1.00 = 0.50 = 1.00 = = = = = = 1.00 = = = = 
= = = 1.00 = = = = = = = = = = = = = = = = = = = = = = = = = = = = = = = = = = 1.00 = = = = = = = = = = = 1.00 
= = = = = = = = = = = = = = = = = = = = = = = = 1.00 = = = = 0.50 = = 1.00 = = = = = = 1.00 = = = = = = 1.00 = = = = 
= = = = = = = 1.00 1.00 = 1.00 = = = 1.00 1.00 = 1.00 = = = = = = = = = 0.50 = = 1.00 = 1.00 = 1.00 = = = 1.00 = = 1.00 = = 1.00 1.00 1.00 = = = = 
= = = = = = = = = = = = = = = = = = = = = = = = = = = = = = = = = = = = = = = = = = = = = = = = = = = 
= = = = 1.00 = = 1.00 1.00 = 1.00 = = = 1.00 1.00 1.00 1.00 = 1.00 = = = 1.00 = = = = = = 1.00 = 1.00 = 1.00 = 1.00 = = = = 1.00 1.00 = 1.00 1.00 1.00 0.53 = = = 
END PHASEPROBS
