*************************************************************
****                                                     ****
****            Output from PHASE v2.1.1                 ****
****  Code by M Stephens, with contributions from N Li   ****
****                                                     ****
*************************************************************

BEGIN COMMAND_LINE 
/home/yann/proj/phase.2.1.1.linux/PHASE phase.inp phase.out 
END COMMAND_LINE 

BEGIN OUTFILE_LIST
phase.out_freqs : haplotype frequency estimates
phase.out_pairs : most likely haplotype pairs for each individual
phase.out_recom : estimates of recombination parameters
phase.out_monitor : file for monitoring convergence
END OUTFILE_LIST

BEGIN INPUT_SUMMARY
Number of Individuals: 30
Number of Loci: 75
Positions of loci: 4 5 6 7 9 12 19 20 24 29 34 40 43 44 45 47 53 57 61 70 77 78 79 83 85 88 102 103 112 113 126 128 132 135 137 138 140 142 148 149 150 152 153 154 155 156 158 160 165 168 174 182 183 184 185 200 215 221 222 224 226 229 236 248 250 252 266 270 282 285 286 289 296 298 300 
END INPUT_SUMMARY

List of haplotypes found in best reconstruction, with counts.
(See file phase.out_freqs for haplotype population frequency estimates)

BEGIN LIST_SUMMARY
         1 3132234311 1 3422211241132213141112211224314413322444433122322443242241314321    6.000000
         2 3132234313 1 3422211241132213143132211224314413342444433122322443242241314121    3.000000
         3 3132234313 1 3422211241132213143132211224314413342444433122322443242243314121    2.000000
         4 3132234313 1 3422211241132213143132211224314413342444433122322443241241314121    3.000000
         5 3132234313 1 3422211241132213143132211224314413342444333122322443242241314121    1.000000
         6 3132234313 1 3422211241132213143132211224314411342444333122322443242241314121    1.000000
         7 3132234313 1 3422213241132213123132211224314413342444433122322443242241314141    1.000000
         8 3132234313 2 3222411241312411341332211424112211342444433122312221242243134321    1.000000
         9 3132234313 2 3222411241312411341332211422112211342444433122312221242243134321    1.000000
        10 3132234313 2 3222411241312411341332211422112211342444431122312221242243134321    1.000000
        11 3132234313 2 3222411243312411341332211424112211342444433122312221242243134321    3.000000
        12 3132234113 1 3422211241132213143132211224314413342444433122322443242241314121    1.000000
        13 3132434313 1 3422211241132213143132211224314413342444433122322443242241314121    1.000000
        14 3134234313 2 1222411243312411341332211424112211342444433122312221242243134321    1.000000
        15 1132234313 1 3442211421312413341112413224114431342444433124312223222441312321    3.000000
        16 1132234313 3 3442231441314413341112213242134431344424413122314223422441314321    3.000000
        17 1132234313 3 3442231441314413341112213242134431344424413122114223422441314321    1.000000
        18 1132234313 3 3442231441314413341112233222134431344424433342312223222441314321    9.000000
        19 1132234313 3 3444231441314413341112213242134431344424413122314223422441314321    1.000000
        20 1132234333 3 3442231441314413341114213222134431344422433122312223222441314321    7.000000
        21 1132234333 3 3442231441314433341114213222134431344222433122314223222441314323    2.000000
        22 1112234313 1 3442211441312413341112413224114431342444433124312223222441314321    5.000000
        23 1112232313 1 3442211441312413341112413224114431342444433124312223222421314321    1.000000
        24 1112212313 1 3442211441312413341112413224114431142444433124312223222441314321    1.000000
        25 1332234313 1 3442211421312413341112413224114431342444433124312223222441312321    1.000000
END LIST_SUMMARY


Summary of best reconstruction
(numbers refer to the list of haplotypes given above)

BEGIN BESTPAIRS_SUMMARY
Individual0: (1,1)
Individual1: (1,2)
Individual10: (20,22)
Individual11: (3,16)
Individual12: (18,20)
Individual13: (17,18)
Individual14: (1,8)
Individual15: (11,14)
Individual16: (1,15)
Individual17: (4,4)
Individual18: (2,18)
Individual19: (1,25)
Individual2: (10,21)
Individual20: (12,20)
Individual21: (3,18)
Individual22: (2,18)
Individual23: (15,20)
Individual24: (11,22)
Individual25: (18,20)
Individual26: (7,22)
Individual27: (21,22)
Individual28: (13,22)
Individual29: (6,15)
Individual3: (16,24)
Individual4: (4,9)
Individual5: (19,20)
Individual6: (5,18)
Individual7: (11,23)
Individual8: (18,18)
Individual9: (16,20)
END BESTPAIRS_SUMMARY


Haplotype estimates for each individual, with uncertain phases enclosed in ()
and uncertain genotypes enclosed in []:

BEGIN BESTPAIRS1
0 Individual0
3 1 3 2 2 3 4 3 1 1 1 3 4 2 2 2 1 1 2 4 1 1 3 2 2 1 3 1 4 1 1 1 2 2 1 1 2 2 4 3 1 4 4 1 3 3 2 2 4 4 4 4 3 3 1 2 2 3 2 2 4 4 3 2 4 2 2 4 1 3 1 4 3 2 1 
3 1 3 2 2 3 4 3 1 1 1 3 4 2 2 2 1 1 2 4 1 1 3 2 2 1 3 1 4 1 1 1 2 2 1 1 2 2 4 3 1 4 4 1 3 3 2 2 4 4 4 4 3 3 1 2 2 3 2 2 4 4 3 2 4 2 2 4 1 3 1 4 3 2 1 
0 Individual1
3 1 3 2 2 3 4 3 1 1 1 3 4 2 2 2 1 1 2 4 1 1 3 2 2 1 3 1 4 1 1 1 2 2 1 1 2 2 4 3 1 4 4 1 3 3 2 2 4 4 4 4 3 3 1 2 2 3 2 2 4 4 3 2 4 2 2 4 1 3 1 4 3 2 1 
3 1 3 2 2 3 4 3 1 3 1 3 4 2 2 2 1 1 2 4 1 1 3 2 2 1 3 1 4 3 1 3 2 2 1 1 2 2 4 3 1 4 4 1 3 3 4 2 4 4 4 4 3 3 1 2 2 3 2 2 4 4 3 2 4 2 2 4 1 3 1 4 1 2 1 
0 Individual10
1 1 3 2 2 3 4 3 3 3 3 3 4 4 2 2 3 1 4 4 1 3 1 4 4 1 3 3 4 1 1 1 4 2 1 3 2 2 2 1 3 4 4 3 1 3 4 4 4 2 2 4 3 3 1 2 2 3 1 2 2 2 3 2 2 2 4 4 1 3 1 4 3 2 1 
1 1 1 2 2 3 4 3 1 3 1 3 4 4 2 2 1 1 4 4 1 3 1 2 4 1 3 3 4 1 1 1 2 4 1 3 2 2 4 1 1 4 4 3 1 3 4 2 4 4 4 4 3 3 1 2 4 3 1 2 2 2 3 2 2 2 4 4 1 3 1 4 3 2 1 
0 Individual11
3 1 3 2 2 3 4 3 1 3 1 3 4 2 2 2 1 1 2 4 1 1 3 2 2 1 3 1 4 3 1 3 2 2 1 1 2 2 4 3 1 4 4 1 3 3 4 2 4 4 4 4 3 3 1 2 2 3 2 2 4 4 3 2 4 2 2 4 3 3 1 4 1 2 1 
1 1 3 2 2 3 4 3 1 3 3 3 4 4 2 2 3 1 4 4 1 3 1 4 4 1 3 3 4 1 1 1 2 2 1 3 2 4 2 1 3 4 4 3 1 3 4 4 4 2 4 4 1 3 1 2 2 3 1 4 2 2 3 4 2 2 4 4 1 3 1 4 3 2 1 
0 Individual12
1 1 3 2 2 3 4 3 1 3 3 3 4 4 2 2 3 1 4 4 1 3 1 4 4 1 3 3 4 1 1 1 2 2 3 3 2 2 2 1 3 4 4 3 1 3 4 4 4 2 4 4 3 3 3 4 2 3 1 2 2 2 3 2 2 2 4 4 1 3 1 4 3 2 1 
1 1 3 2 2 3 4 3 3 3 3 3 4 4 2 2 3 1 4 4 1 3 1 4 4 1 3 3 4 1 1 1 4 2 1 3 2 2 2 1 3 4 4 3 1 3 4 4 4 2 2 4 3 3 1 2 2 3 1 2 2 2 3 2 2 2 4 4 1 3 1 4 3 2 1 
0 Individual13
1 1 3 2 2 3 4 3 1 3 3 3 4 4 2 2 3 1 4 4 1 3 1 4 4 1 3 3 4 1 1 1 2 2 1 3 2 4 2 1 3 4 4 3 1 3 4 4 4 2 4 4 1 3 1 2 2 (1) 1 4 2 2 3 4 2 2 4 4 1 3 1 4 3 2 1 
1 1 3 2 2 3 4 3 1 3 3 3 4 4 2 2 3 1 4 4 1 3 1 4 4 1 3 3 4 1 1 1 2 2 3 3 2 2 2 1 3 4 4 3 1 3 4 4 4 2 4 4 3 3 3 4 2 (3) 1 2 2 2 3 2 2 2 4 4 1 3 1 4 3 2 1 
0 Individual14
3 1 3 2 2 3 4 3 1 1 1 3 4 2 2 2 1 1 2 4 1 1 3 2 2 1 3 1 4 1 1 1 2 2 1 1 2 2 4 3 1 4 4 1 3 3 2 2 4 4 4 4 3 3 1 2 2 3 2 2 4 4 3 2 4 2 2 4 1 3 1 4 3 2 1 
3 1 3 2 2 3 4 3 1 3 2 3 2 2 2 4 1 1 2 4 1 3 1 2 4 1 1 3 4 1 3 3 2 2 1 1 4 2 4 1 1 2 2 1 1 3 4 2 4 4 4 4 3 3 1 2 2 3 1 2 2 2 1 2 4 2 2 4 3 1 3 4 3 2 1 
0 Individual15
3 1 3 (2) 2 3 4 3 1 3 2 3 2 2 2 4 1 1 2 4 3 3 1 2 4 1 1 3 4 1 3 3 2 2 1 1 4 2 4 1 1 2 2 1 1 3 4 2 4 4 4 4 3 3 1 2 2 3 1 2 2 2 1 2 4 2 2 4 3 1 3 4 3 2 1 
3 1 3 (4) 2 3 4 3 1 3 2 1 2 2 2 4 1 1 2 4 3 3 1 2 4 1 1 3 4 1 3 3 2 2 1 1 4 2 4 1 1 2 2 1 1 3 4 2 4 4 4 4 3 3 1 2 2 3 1 2 2 2 1 2 4 2 2 4 3 1 3 4 3 2 1 
0 Individual16
3 1 3 2 2 3 4 3 1 1 1 3 4 2 2 2 1 1 2 4 1 1 3 2 2 1 3 1 4 1 1 1 2 2 1 1 2 2 4 3 1 4 4 1 3 3 2 2 4 4 4 4 3 3 1 2 2 3 2 2 4 4 3 2 4 2 2 4 1 3 1 4 3 2 1 
1 1 3 2 2 3 4 3 1 3 1 3 4 4 2 2 1 1 4 2 1 3 1 2 4 1 3 3 4 1 1 1 2 4 1 3 2 2 4 1 1 4 4 3 1 3 4 2 4 4 4 4 3 3 1 2 4 3 1 2 2 2 3 2 2 2 4 4 1 3 1 2 3 2 1 
0 Individual17
3 1 3 2 2 3 4 3 1 3 1 3 4 2 2 2 1 1 2 4 1 1 3 2 2 1 3 1 4 3 1 3 2 2 1 1 2 2 4 3 1 4 4 1 3 3 4 2 4 4 4 4 3 3 1 2 2 3 2 2 4 4 3 2 4 1 2 4 1 3 1 4 1 2 1 
3 1 3 2 2 3 4 3 1 3 1 3 4 2 2 2 1 1 2 4 1 1 3 2 2 1 3 1 4 3 1 3 2 2 1 1 2 2 4 3 1 4 4 1 3 3 4 2 4 4 4 4 3 3 1 2 2 3 2 2 4 4 3 2 4 1 2 4 1 3 1 4 1 2 1 
0 Individual18
3 1 3 2 2 3 4 3 1 3 1 3 4 2 2 2 1 1 2 4 1 1 3 2 2 1 3 1 4 3 1 3 2 2 1 1 2 2 4 3 1 4 4 1 3 3 4 2 4 4 4 4 3 3 1 2 2 3 2 2 4 4 3 2 4 2 2 4 1 3 1 4 1 2 1 
1 1 3 2 2 3 4 3 1 3 3 3 4 4 2 2 3 1 4 4 1 3 1 4 4 1 3 3 4 1 1 1 2 2 3 3 2 2 2 1 3 4 4 3 1 3 4 4 4 2 4 4 3 3 3 4 2 3 1 2 2 2 3 2 2 2 4 4 1 3 1 4 3 2 1 
0 Individual19
3 (1) 3 2 2 3 4 3 1 1 1 3 4 2 2 2 1 1 2 4 1 1 3 2 2 1 3 1 4 1 1 1 2 2 1 1 2 2 4 3 1 4 4 1 3 3 2 2 4 4 4 4 3 3 1 2 2 3 2 2 4 4 3 2 4 2 2 4 1 3 1 4 3 2 1 
1 (3) 3 2 2 3 4 3 1 3 1 3 4 4 2 2 1 1 4 2 1 3 1 2 4 1 3 3 4 1 1 1 2 4 1 3 2 2 4 1 1 4 4 3 1 3 4 2 4 4 4 4 3 3 1 2 4 3 1 2 2 2 3 2 2 2 4 4 1 3 1 2 3 2 1 
0 Individual2
3 1 3 2 2 3 4 3 1 3 2 3 2 2 2 4 1 1 2 4 1 3 1 2 4 1 1 3 4 1 3 3 2 2 1 1 4 2 2 1 1 2 2 1 1 3 4 2 4 4 4 4 3 (1) 1 2 2 3 1 2 2 2 1 2 4 2 2 4 3 1 3 4 3 2 1 
1 1 3 2 2 3 4 3 3 3 3 3 4 4 2 2 3 1 4 4 1 3 1 4 4 3 3 3 4 1 1 1 4 2 1 3 2 2 2 1 3 4 4 3 1 3 4 4 2 2 2 4 3 (3) 1 2 2 3 1 4 2 2 3 2 2 2 4 4 1 3 1 4 3 2 3 
0 Individual20
3 1 3 2 2 3 4 (1) 1 3 1 3 4 2 2 2 1 1 2 4 1 1 3 2 2 1 3 1 4 3 1 3 2 2 1 1 2 2 4 3 1 4 4 1 3 3 4 2 4 4 4 4 3 3 1 2 2 3 2 2 4 4 3 2 4 2 2 4 1 3 1 4 1 2 1 
1 1 3 2 2 3 4 (3) 3 3 3 3 4 4 2 2 3 1 4 4 1 3 1 4 4 1 3 3 4 1 1 1 4 2 1 3 2 2 2 1 3 4 4 3 1 3 4 4 4 2 2 4 3 3 1 2 2 3 1 2 2 2 3 2 2 2 4 4 1 3 1 4 3 2 1 
0 Individual21
3 1 3 2 2 3 4 3 1 3 1 3 4 2 2 2 1 1 2 4 1 1 3 2 2 1 3 1 4 3 1 3 2 2 1 1 2 2 4 3 1 4 4 1 3 3 4 2 4 4 4 4 3 3 1 2 2 3 2 2 4 4 3 2 4 2 2 4 3 3 1 4 1 2 1 
1 1 3 2 2 3 4 3 1 3 3 3 4 4 2 2 3 1 4 4 1 3 1 4 4 1 3 3 4 1 1 1 2 2 3 3 2 2 2 1 3 4 4 3 1 3 4 4 4 2 4 4 3 3 3 4 2 3 1 2 2 2 3 2 2 2 4 4 1 3 1 4 3 2 1 
0 Individual22
3 1 3 2 2 3 4 3 1 3 1 3 4 2 2 2 1 1 2 4 1 1 3 2 2 1 3 1 4 3 1 3 2 2 1 1 2 2 4 3 1 4 4 1 3 3 4 2 4 4 4 4 3 3 1 2 2 3 2 2 4 4 3 2 4 2 2 4 1 3 1 4 1 2 1 
1 1 3 2 2 3 4 3 1 3 3 3 4 4 2 2 3 1 4 4 1 3 1 4 4 1 3 3 4 1 1 1 2 2 3 3 2 2 2 1 3 4 4 3 1 3 4 4 4 2 4 4 3 3 3 4 2 3 1 2 2 2 3 2 2 2 4 4 1 3 1 4 3 2 1 
0 Individual23
1 1 3 2 2 3 4 3 1 3 1 3 4 4 2 2 1 1 4 2 1 3 1 2 4 1 3 3 4 1 1 1 2 4 1 3 2 2 4 1 1 4 4 3 1 3 4 2 4 4 4 4 3 3 1 2 4 3 1 2 2 2 3 2 2 2 4 4 1 3 1 2 3 2 1 
1 1 3 2 2 3 4 3 3 3 3 3 4 4 2 2 3 1 4 4 1 3 1 4 4 1 3 3 4 1 1 1 4 2 1 3 2 2 2 1 3 4 4 3 1 3 4 4 4 2 2 4 3 3 1 2 2 3 1 2 2 2 3 2 2 2 4 4 1 3 1 4 3 2 1 
0 Individual24
3 1 3 2 2 3 4 3 1 3 2 3 2 2 2 4 1 1 2 4 3 3 1 2 4 1 1 3 4 1 3 3 2 2 1 1 4 2 4 1 1 2 2 1 1 3 4 2 4 4 4 4 3 3 1 2 2 3 1 2 2 2 1 2 4 2 2 4 3 1 3 4 3 2 1 
1 1 1 2 2 3 4 3 1 3 1 3 4 4 2 2 1 1 4 4 1 3 1 2 4 1 3 3 4 1 1 1 2 4 1 3 2 2 4 1 1 4 4 3 1 3 4 2 4 4 4 4 3 3 1 2 4 3 1 2 2 2 3 2 2 2 4 4 1 3 1 4 3 2 1 
0 Individual25
1 1 3 2 2 3 4 3 1 3 3 3 4 4 2 2 3 1 4 4 1 3 1 4 4 1 3 3 4 1 1 1 2 2 3 3 2 2 2 1 3 4 4 3 1 3 4 4 4 2 4 4 3 3 3 4 2 3 1 2 2 2 3 2 2 2 4 4 1 3 1 4 3 2 1 
1 1 3 2 2 3 4 3 3 3 3 3 4 4 2 2 3 1 4 4 1 3 1 4 4 1 3 3 4 1 1 1 4 2 1 3 2 2 2 1 3 4 4 3 1 3 4 4 4 2 2 4 3 3 1 2 2 3 1 2 2 2 3 2 2 2 4 4 1 3 1 4 3 2 1 
0 Individual26
3 1 3 2 2 3 4 3 1 3 1 3 4 2 2 2 1 (3) 2 4 1 1 3 2 2 1 3 1 (2) 3 1 3 2 2 1 1 2 2 4 3 1 4 4 1 3 3 4 2 4 4 4 4 3 3 1 2 2 3 2 2 4 4 3 2 4 2 2 4 1 3 1 4 1 (4) 1 
1 1 1 2 2 3 4 3 1 3 1 3 4 4 2 2 1 (1) 4 4 1 3 1 2 4 1 3 3 (4) 1 1 1 2 4 1 3 2 2 4 1 1 4 4 3 1 3 4 2 4 4 4 4 3 3 1 2 4 3 1 2 2 2 3 2 2 2 4 4 1 3 1 4 3 (2) 1 
0 Individual27
1 1 3 2 2 3 4 3 3 3 3 3 4 4 2 2 3 1 4 4 1 3 1 4 4 3 3 3 4 1 1 1 4 2 1 3 2 2 2 1 3 4 4 3 1 3 4 4 2 2 2 4 3 3 1 2 2 3 1 4 2 2 3 2 2 2 4 4 1 3 1 4 3 2 3 
1 1 1 2 2 3 4 3 1 3 1 3 4 4 2 2 1 1 4 4 1 3 1 2 4 1 3 3 4 1 1 1 2 4 1 3 2 2 4 1 1 4 4 3 1 3 4 2 4 4 4 4 3 3 1 2 4 3 1 2 2 2 3 2 2 2 4 4 1 3 1 4 3 2 1 
0 Individual28
3 1 3 2 (4) 3 4 3 1 3 1 3 4 2 2 2 1 1 2 4 1 1 3 2 2 1 3 1 4 3 1 3 2 2 1 1 2 2 4 3 1 4 4 1 3 3 4 2 4 4 4 4 3 3 1 2 2 3 2 2 4 4 3 2 4 2 2 4 1 3 1 4 1 2 1 
1 1 1 2 (2) 3 4 3 1 3 1 3 4 4 2 2 1 1 4 4 1 3 1 2 4 1 3 3 4 1 1 1 2 4 1 3 2 2 4 1 1 4 4 3 1 3 4 2 4 4 4 4 3 3 1 2 4 3 1 2 2 2 3 2 2 2 4 4 1 3 1 4 3 2 1 
0 Individual29
3 1 3 2 2 3 4 3 1 3 1 3 4 2 2 2 1 1 2 4 1 1 3 2 2 1 3 1 4 3 1 3 2 2 1 1 2 2 4 3 1 4 4 1 1 3 4 2 4 4 4 (3) 3 3 1 2 2 3 2 2 4 4 3 2 4 2 2 4 1 3 1 4 1 2 1 
1 1 3 2 2 3 4 3 1 3 1 3 4 4 2 2 1 1 4 2 1 3 1 2 4 1 3 3 4 1 1 1 2 4 1 3 2 2 4 1 1 4 4 3 1 3 4 2 4 4 4 (4) 3 3 1 2 4 3 1 2 2 2 3 2 2 2 4 4 1 3 1 2 3 2 1 
0 Individual3
1 1 3 2 2 (3) (4) 3 1 3 3 3 4 4 2 2 3 1 4 4 1 3 1 4 4 1 3 3 4 1 1 1 2 2 1 3 2 4 2 1 3 4 4 3 1 (3) 4 4 4 2 4 4 1 3 1 2 2 3 1 4 2 2 3 4 2 2 4 4 1 3 1 4 3 2 1 
1 1 1 2 2 (1) (2) 3 1 3 1 3 4 4 2 2 1 1 4 4 1 3 1 2 4 1 3 3 4 1 1 1 2 4 1 3 2 2 4 1 1 4 4 3 1 (1) 4 2 4 4 4 4 3 3 1 2 4 3 1 2 2 2 3 2 2 2 4 4 1 3 1 4 3 2 1 
0 Individual4
3 1 3 2 2 3 4 3 1 3 1 3 4 2 2 2 1 1 2 4 1 1 3 2 2 1 3 1 4 3 1 3 2 2 1 1 2 2 (4) 3 1 4 4 1 3 3 4 2 4 4 4 4 3 3 1 2 2 3 2 2 4 4 3 2 4 1 2 4 1 3 1 4 1 2 1 
3 1 3 2 2 3 4 3 1 3 2 3 2 2 2 4 1 1 2 4 1 3 1 2 4 1 1 3 4 1 3 3 2 2 1 1 4 2 (2) 1 1 2 2 1 1 3 4 2 4 4 4 4 3 3 1 2 2 3 1 2 2 2 1 2 4 2 2 4 3 1 3 4 3 2 1 
0 Individual5
1 1 3 2 2 3 4 3 1 3 3 3 4 4 (4) 2 3 1 4 4 1 3 1 4 4 1 3 3 4 1 1 1 2 2 1 3 2 4 2 1 3 4 4 3 1 3 4 4 4 2 4 4 1 3 1 2 2 3 1 4 2 2 3 4 2 2 4 4 1 3 1 4 3 2 1 
1 1 3 2 2 3 4 3 3 3 3 3 4 4 (2) 2 3 1 4 4 1 3 1 4 4 1 3 3 4 1 1 1 4 2 1 3 2 2 2 1 3 4 4 3 1 3 4 4 4 2 2 4 3 3 1 2 2 3 1 2 2 2 3 2 2 2 4 4 1 3 1 4 3 2 1 
0 Individual6
3 1 3 2 2 3 4 3 1 3 1 3 4 2 2 2 1 1 2 4 1 1 3 2 2 1 3 1 4 3 1 3 2 2 1 1 2 2 4 3 1 4 4 1 3 3 4 2 4 4 4 (3) 3 3 1 2 2 3 2 2 4 4 3 2 4 2 2 4 1 3 1 4 1 2 1 
1 1 3 2 2 3 4 3 1 3 3 3 4 4 2 2 3 1 4 4 1 3 1 4 4 1 3 3 4 1 1 1 2 2 3 3 2 2 2 1 3 4 4 3 1 3 4 4 4 2 4 (4) 3 3 3 4 2 3 1 2 2 2 3 2 2 2 4 4 1 3 1 4 3 2 1 
0 Individual7
3 1 3 2 2 3 (4) 3 1 3 2 3 2 2 2 4 1 1 2 4 3 3 1 2 4 1 1 3 4 1 3 3 2 2 1 1 4 2 4 1 1 2 2 1 1 3 4 2 4 4 4 4 3 3 1 2 2 3 1 2 2 2 1 2 4 2 2 (4) 3 1 3 4 3 2 1 
1 1 1 2 2 3 (2) 3 1 3 1 3 4 4 2 2 1 1 4 4 1 3 1 2 4 1 3 3 4 1 1 1 2 4 1 3 2 2 4 1 1 4 4 3 1 3 4 2 4 4 4 4 3 3 1 2 4 3 1 2 2 2 3 2 2 2 4 (2) 1 3 1 4 3 2 1 
0 Individual8
1 1 3 2 2 3 4 3 1 3 3 3 4 4 2 2 3 1 4 4 1 3 1 4 4 1 3 3 4 1 1 1 2 2 3 3 2 2 2 1 3 4 4 3 1 3 4 4 4 2 4 4 3 3 3 4 2 3 1 2 2 2 3 2 2 2 4 4 1 3 1 4 3 2 1 
1 1 3 2 2 3 4 3 1 3 3 3 4 4 2 2 3 1 4 4 1 3 1 4 4 1 3 3 4 1 1 1 2 2 3 3 2 2 2 1 3 4 4 3 1 3 4 4 4 2 4 4 3 3 3 4 2 3 1 2 2 2 3 2 2 2 4 4 1 3 1 4 3 2 1 
0 Individual9
1 1 3 2 2 3 4 3 1 3 3 3 4 4 2 2 3 1 4 4 1 3 1 4 4 1 3 3 4 1 1 1 2 2 1 3 2 4 2 1 3 4 4 3 1 3 4 4 4 2 4 4 1 3 1 2 2 3 1 4 2 2 3 4 2 2 4 4 1 3 1 4 3 2 1 
1 1 3 2 2 3 4 3 3 3 3 3 4 4 2 2 3 1 4 4 1 3 1 4 4 1 3 3 4 1 1 1 4 2 1 3 2 2 2 1 3 4 4 3 1 3 4 4 4 2 2 4 3 3 1 2 2 3 1 2 2 2 3 2 2 2 4 4 1 3 1 4 3 2 1 
END BESTPAIRS1


Haplotype estimates for each individual, with uncertain phases enclosed in ()
and uncertain genotypes enclosed in []
with phase known positions indicated by =

BEGIN BESTPAIRS2
0 Individual0
= = = = = = = = = = = = = = = = = = = = = = = = = = = = = = = = = = = = = = = = = = = = = = = = = = = = = = = = = = = = = = = = = = = = = = = = = = = 
= = = = = = = = = = = = = = = = = = = = = = = = = = = = = = = = = = = = = = = = = = = = = = = = = = = = = = = = = = = = = = = = = = = = = = = = = = = 
0 Individual1
= = = = = = = = = 1 = = = = = = = = = = = = = = = = = = = 1 = 1 = = = = = = = = = = = = = = 2 = = = = = = = = = = = = = = = = = = = = = = = = = 3 = = 
= = = = = = = = = 3 = = = = = = = = = = = = = = = = = = = 3 = 3 = = = = = = = = = = = = = = 4 = = = = = = = = = = = = = = = = = = = = = = = = = 1 = = 
0 Individual10
= = 3 = = = = = 3 = 3 = = = = = 3 = = = = = = 4 = = = = = = = = 4 2 = = = = 2 = 3 = = = = = = 4 = 2 2 = = = = = 2 = = = = = = = = = = = = = = = = = = 
= = 1 = = = = = 1 = 1 = = = = = 1 = = = = = = 2 = = = = = = = = 2 4 = = = = 4 = 1 = = = = = = 2 = 4 4 = = = = = 4 = = = = = = = = = = = = = = = = = = 
0 Individual11
3 = = = = = = = = = 1 = = 2 = = 1 = 2 = = 1 3 2 2 = = 1 = 3 = 3 = = = 1 = 2 4 3 1 = = 1 3 = = 2 = 4 = = 3 = = = = = 2 2 4 4 = 2 4 = 2 = 3 = = = 1 = = 
1 = = = = = = = = = 3 = = 4 = = 3 = 4 = = 3 1 4 4 = = 3 = 1 = 1 = = = 3 = 4 2 1 3 = = 3 1 = = 4 = 2 = = 1 = = = = = 1 4 2 2 = 4 2 = 4 = 1 = = = 3 = = 
0 Individual12
= = = = = = = = 1 = = = = = = = = = = = = = = = = = = = = = = = 2 = 3 = = = = = = = = = = = = = = = 4 = = = 3 4 = = = = = = = = = = = = = = = = = = = 
= = = = = = = = 3 = = = = = = = = = = = = = = = = = = = = = = = 4 = 1 = = = = = = = = = = = = = = = 2 = = = 1 2 = = = = = = = = = = = = = = = = = = = 
0 Individual13
= = = = = = = = = = = = = = = = = = = = = = = = = = = = = = = = = = 1 = = 4 = = = = = = = = = = = = = = 1 = 1 2 = (1) = 4 = = = 4 = = = = = = = = = = = 
= = = = = = = = = = = = = = = = = = = = = = = = = = = = = = = = = = 3 = = 2 = = = = = = = = = = = = = = 3 = 3 4 = (3) = 2 = = = 2 = = = = = = = = = = = 
0 Individual14
= = = = = = = = = 1 1 = 4 = = 2 = = = = = 1 3 = 2 = 3 1 = = 1 1 = = = = 2 = = 3 = 4 4 = 3 = 2 = = = = = = = = = = = 2 = 4 4 3 = = = = = 1 3 1 = = = = 
= = = = = = = = = 3 2 = 2 = = 4 = = = = = 3 1 = 4 = 1 3 = = 3 3 = = = = 4 = = 1 = 2 2 = 1 = 4 = = = = = = = = = = = 1 = 2 2 1 = = = = = 3 1 3 = = = = 
0 Individual15
= = = (2) = = = = = = = 3 = = = = = = = = = = = = = = = = = = = = = = = = = = = = = = = = = = = = = = = = = = = = = = = = = = = = = = = = = = = = = = = 
= = = (4) = = = = = = = 1 = = = = = = = = = = = = = = = = = = = = = = = = = = = = = = = = = = = = = = = = = = = = = = = = = = = = = = = = = = = = = = = 
0 Individual16
3 = = = = = = = = 1 = = = 2 = = = = 2 4 = 1 3 = 2 = = 1 = = = = = 2 = 1 = = = 3 = = = 1 3 = 2 = = = = = = = = = 2 = 2 = 4 4 = = 4 = 2 = = = = 4 = = = 
1 = = = = = = = = 3 = = = 4 = = = = 4 2 = 3 1 = 4 = = 3 = = = = = 4 = 3 = = = 1 = = = 3 1 = 4 = = = = = = = = = 4 = 1 = 2 2 = = 2 = 4 = = = = 2 = = = 
0 Individual17
= = = = = = = = = = = = = = = = = = = = = = = = = = = = = = = = = = = = = = = = = = = = = = = = = = = = = = = = = = = = = = = = = = = = = = = = = = = 
= = = = = = = = = = = = = = = = = = = = = = = = = = = = = = = = = = = = = = = = = = = = = = = = = = = = = = = = = = = = = = = = = = = = = = = = = = = 
0 Individual18
3 = = = = = = = = = 1 = = 2 = = 1 = 2 = = 1 3 2 2 = = 1 = 3 = 3 = = 1 1 = = 4 3 1 = = 1 3 = = 2 = 4 = = = = 1 2 = = 2 = 4 4 = = 4 = 2 = = = = = 1 = = 
1 = = = = = = = = = 3 = = 4 = = 3 = 4 = = 3 1 4 4 = = 3 = 1 = 1 = = 3 3 = = 2 1 3 = = 3 1 = = 4 = 2 = = = = 3 4 = = 1 = 2 2 = = 2 = 4 = = = = = 3 = = 
0 Individual19
3 (1) = = = = = = = 1 = = = 2 = = = = 2 4 = 1 3 = 2 = = 1 = = = = = 2 = 1 = = = 3 = = = 1 3 = 2 = = = = = = = = = 2 = 2 = 4 4 = = 4 = 2 = = = = 4 = = = 
1 (3) = = = = = = = 3 = = = 4 = = = = 4 2 = 3 1 = 4 = = 3 = = = = = 4 = 3 = = = 1 = = = 3 1 = 4 = = = = = = = = = 4 = 1 = 2 2 = = 2 = 4 = = = = 2 = = = 
0 Individual2
3 = = = = = = = 1 = 2 = 2 2 = 4 1 = 2 = = = = 2 = 1 1 = = = 3 3 2 = = 1 4 = = = 1 2 2 1 = = = 2 4 4 4 = = (1) = = = = = 2 = = 1 = 4 = 2 = 3 1 3 = = = 1 
1 = = = = = = = 3 = 3 = 4 4 = 2 3 = 4 = = = = 4 = 3 3 = = = 1 1 4 = = 3 2 = = = 3 4 4 3 = = = 4 2 2 2 = = (3) = = = = = 4 = = 3 = 2 = 4 = 1 3 1 = = = 3 
0 Individual20
3 = = = = = = (1) 1 = 1 = = 2 = = 1 = 2 = = 1 3 2 2 = = 1 = 3 = 3 2 = = 1 = = 4 3 1 = = 1 3 = = 2 = 4 4 = = = = = = = 2 = 4 4 = = 4 = 2 = = = = = 1 = = 
1 = = = = = = (3) 3 = 3 = = 4 = = 3 = 4 = = 3 1 4 4 = = 3 = 1 = 1 4 = = 3 = = 2 1 3 = = 3 1 = = 4 = 2 2 = = = = = = = 1 = 2 2 = = 2 = 4 = = = = = 3 = = 
0 Individual21
3 = = = = = = = = = 1 = = 2 = = 1 = 2 = = 1 3 2 2 = = 1 = 3 = 3 = = 1 1 = = 4 3 1 = = 1 3 = = 2 = 4 = = = = 1 2 = = 2 = 4 4 = = 4 = 2 = 3 = = = 1 = = 
1 = = = = = = = = = 3 = = 4 = = 3 = 4 = = 3 1 4 4 = = 3 = 1 = 1 = = 3 3 = = 2 1 3 = = 3 1 = = 4 = 2 = = = = 3 4 = = 1 = 2 2 = = 2 = 4 = 1 = = = 3 = = 
0 Individual22
3 = = = = = = = = = 1 = = 2 = = 1 = 2 = = 1 3 2 2 = = 1 = 3 = 3 = = 1 1 = = 4 3 1 = = 1 3 = = 2 = 4 = = = = 1 2 = = 2 = 4 4 = = 4 = 2 = = = = = 1 = = 
1 = = = = = = = = = 3 = = 4 = = 3 = 4 = = 3 1 4 4 = = 3 = 1 = 1 = = 3 3 = = 2 1 3 = = 3 1 = = 4 = 2 = = = = 3 4 = = 1 = 2 2 = = 2 = 4 = = = = = 3 = = 
0 Individual23
= = = = = = = = 1 = 1 = = = = = 1 = = 2 = = = 2 = = = = = = = = 2 4 = = = = 4 = 1 = = = = = = 2 = 4 4 = = = = = 4 = = = = = = = = = = = = = = 2 = = = 
= = = = = = = = 3 = 3 = = = = = 3 = = 4 = = = 4 = = = = = = = = 4 2 = = = = 2 = 3 = = = = = = 4 = 2 2 = = = = = 2 = = = = = = = = = = = = = = 4 = = = 
0 Individual24
3 = 3 = = = = = = = 2 = 2 2 = 4 = = 2 = 3 = = = = = 1 = = = 3 3 = 2 = 1 4 = = = = 2 2 1 = = = = = = = = = = = = 2 = = = = = 1 = 4 = 2 = 3 1 3 = = = = 
1 = 1 = = = = = = = 1 = 4 4 = 2 = = 4 = 1 = = = = = 3 = = = 1 1 = 4 = 3 2 = = = = 4 4 3 = = = = = = = = = = = = 4 = = = = = 3 = 2 = 4 = 1 3 1 = = = = 
0 Individual25
= = = = = = = = 1 = = = = = = = = = = = = = = = = = = = = = = = 2 = 3 = = = = = = = = = = = = = = = 4 = = = 3 4 = = = = = = = = = = = = = = = = = = = 
= = = = = = = = 3 = = = = = = = = = = = = = = = = = = = = = = = 4 = 1 = = = = = = = = = = = = = = = 2 = = = 1 2 = = = = = = = = = = = = = = = = = = = 
0 Individual26
3 = 3 = = = = = = = = = = 2 = = = (3) 2 = = 1 3 = 2 = = 1 (2) 3 = 3 = 2 = 1 = = = 3 = = = 1 3 = = = = = = = = = = = 2 = 2 = 4 4 = = 4 = 2 = = = = = 1 (4) = 
1 = 1 = = = = = = = = = = 4 = = = (1) 4 = = 3 1 = 4 = = 3 (4) 1 = 1 = 4 = 3 = = = 1 = = = 3 1 = = = = = = = = = = = 4 = 1 = 2 2 = = 2 = 4 = = = = = 3 (2) = 
0 Individual27
= = 3 = = = = = 3 = 3 = = = = = 3 = = = = = = 4 = 3 = = = = = = 4 2 = = = = 2 = 3 = = = = = = 4 2 2 2 = = = = = 2 = = 4 = = = = = = = = = = = = = = 3 
= = 1 = = = = = 1 = 1 = = = = = 1 = = = = = = 2 = 1 = = = = = = 2 4 = = = = 4 = 1 = = = = = = 2 4 4 4 = = = = = 4 = = 2 = = = = = = = = = = = = = = 1 
0 Individual28
3 = 3 = (4) = = = = = = = = 2 = = = = 2 = = 1 3 = 2 = = 1 = 3 = 3 = 2 = 1 = = = 3 = = = 1 3 = = = = = = = = = = = 2 = 2 = 4 4 = = 4 = 2 = = = = = 1 = = 
1 = 1 = (2) = = = = = = = = 4 = = = = 4 = = 3 1 = 4 = = 3 = 1 = 1 = 4 = 3 = = = 1 = = = 3 1 = = = = = = = = = = = 4 = 1 = 2 2 = = 2 = 4 = = = = = 3 = = 
0 Individual29
3 = = = = = = = = = = = = 2 = = = = 2 4 = 1 3 = 2 = = 1 = 3 = 3 = 2 = 1 = = = 3 = = = 1 = = = = = = = (3) = = = = 2 = 2 = 4 4 = = 4 = 2 = = = = 4 1 = = 
1 = = = = = = = = = = = = 4 = = = = 4 2 = 3 1 = 4 = = 3 = 1 = 1 = 4 = 3 = = = 1 = = = 3 = = = = = = = (4) = = = = 4 = 1 = 2 2 = = 2 = 4 = = = = 2 3 = = 
0 Individual3
= = 3 = = (3) (4) = = = 3 = = = = = 3 = = = = = = 4 = = = = = = = = = 2 = = = 4 2 = 3 = = = = (3) = 4 = 2 = = 1 = = = 2 = = 4 = = = 4 = = = = = = = = = = = 
= = 1 = = (1) (2) = = = 1 = = = = = 1 = = = = = = 2 = = = = = = = = = 4 = = = 2 4 = 1 = = = = (1) = 2 = 4 = = 3 = = = 4 = = 2 = = = 2 = = = = = = = = = = = 
0 Individual4
= = = = = = = = = = 1 = 4 = = 2 = = = = = 1 3 = 2 = 3 1 = 3 1 = = = = = 2 = (4) 3 = 4 4 = 3 = = = = = = = = = = = = = 2 = 4 4 3 = = 1 = = 1 3 1 = 1 = = 
= = = = = = = = = = 2 = 2 = = 4 = = = = = 3 1 = 4 = 1 3 = 1 3 = = = = = 4 = (2) 1 = 2 2 = 1 = = = = = = = = = = = = = 1 = 2 2 1 = = 2 = = 3 1 3 = 3 = = 
0 Individual5
= = = = = = = = 1 = = = = = (4) = = = = = = = = = = = = = = = = = 2 = = = = 4 = = = = = = = = = = = = 4 = 1 = = = = = = 4 = = = 4 = = = = = = = = = = = 
= = = = = = = = 3 = = = = = (2) = = = = = = = = = = = = = = = = = 4 = = = = 2 = = = = = = = = = = = = 2 = 3 = = = = = = 2 = = = 2 = = = = = = = = = = = 
0 Individual6
3 = = = = = = = = = 1 = = 2 = = 1 = 2 = = 1 3 2 2 = = 1 = 3 = 3 = = 1 1 = = 4 3 1 = = 1 3 = = 2 = 4 = (3) = = 1 2 = = 2 = 4 4 = = 4 = 2 = = = = = 1 = = 
1 = = = = = = = = = 3 = = 4 = = 3 = 4 = = 3 1 4 4 = = 3 = 1 = 1 = = 3 3 = = 2 1 3 = = 3 1 = = 4 = 2 = (4) = = 3 4 = = 1 = 2 2 = = 2 = 4 = = = = = 3 = = 
0 Individual7
3 = 3 = = = (4) = = = 2 = 2 2 = 4 = = 2 = 3 = = = = = 1 = = = 3 3 = 2 = 1 4 = = = = 2 2 1 = = = = = = = = = = = = 2 = = = = = 1 = 4 = 2 (4) 3 1 3 = = = = 
1 = 1 = = = (2) = = = 1 = 4 4 = 2 = = 4 = 1 = = = = = 3 = = = 1 1 = 4 = 3 2 = = = = 4 4 3 = = = = = = = = = = = = 4 = = = = = 3 = 2 = 4 (2) 1 3 1 = = = = 
0 Individual8
= = = = = = = = = = = = = = = = = = = = = = = = = = = = = = = = = = = = = = = = = = = = = = = = = = = = = = = = = = = = = = = = = = = = = = = = = = = 
= = = = = = = = = = = = = = = = = = = = = = = = = = = = = = = = = = = = = = = = = = = = = = = = = = = = = = = = = = = = = = = = = = = = = = = = = = = 
0 Individual9
= = = = = = = = 1 = = = = = = = = = = = = = = = = = = = = = = = 2 = = = = 4 = = = = = = = = = = = = 4 = 1 = = = = = = 4 = = = 4 = = = = = = = = = = = 
= = = = = = = = 3 = = = = = = = = = = = = = = = = = = = = = = = 4 = = = = 2 = = = = = = = = = = = = 2 = 3 = = = = = = 2 = = = 2 = = = = = = = = = = = 
END BESTPAIRS2


Phase probabilities at each site
with phase known positions indicated by =
and missing data positions indicated by ?

BEGIN PHASEPROBS
= = = = = = = = = = = = = = = = = = = = = = = = = = = = = = = = = = = = = = = = = = = = = = = = = = = = = = = = = = = = = = = = = = = = = = = = = = = 
= = = = = = = = = 1.00 = = = = = = = = = = = = = = = = = = = 1.00 = 1.00 = = = = = = = = = = = = = = 1.00 = = = = = = = = = = = = = = = = = = = = = = = = = 1.00 = = 
= = 1.00 = = = = = 1.00 = 1.00 = = = = = 1.00 = = = = = = 1.00 = = = = = = = = 1.00 1.00 = = = = 1.00 = 1.00 = = = = = = 1.00 = 1.00 1.00 = = = = = 1.00 = = = = = = = = = = = = = = = = = = 
1.00 = = = = = = = = = 1.00 = = 1.00 = = 1.00 = 1.00 = = 1.00 1.00 1.00 1.00 = = 1.00 = 1.00 = 1.00 = = = 1.00 = 1.00 1.00 1.00 1.00 = = 1.00 1.00 = = 1.00 = 1.00 = = 1.00 = = = = = 1.00 1.00 1.00 1.00 = 1.00 1.00 = 1.00 = 1.00 = = = 1.00 = = 
= = = = = = = = 1.00 = = = = = = = = = = = = = = = = = = = = = = = 1.00 = 1.00 = = = = = = = = = = = = = = = 1.00 = = = 1.00 1.00 = = = = = = = = = = = = = = = = = = = 
= = = = = = = = = = = = = = = = = = = = = = = = = = = = = = = = = = 1.00 = = 1.00 = = = = = = = = = = = = = = 1.00 = 1.00 1.00 = 0.50 = 1.00 = = = 1.00 = = = = = = = = = = = 
= = = = = = = = = 1.00 1.00 = 1.00 = = 1.00 = = = = = 1.00 1.00 = 1.00 = 1.00 1.00 = = 1.00 1.00 = = = = 1.00 = = 1.00 = 1.00 1.00 = 1.00 = 1.00 = = = = = = = = = = = 1.00 = 1.00 1.00 1.00 = = = = = 1.00 1.00 1.00 = = = = 
= = = 0.64 = = = = = = = 1.00 = = = = = = = = = = = = = = = = = = = = = = = = = = = = = = = = = = = = = = = = = = = = = = = = = = = = = = = = = = = = = = = 
1.00 = = = = = = = = 1.00 = = = 1.00 = = = = 1.00 1.00 = 1.00 1.00 = 1.00 = = 1.00 = = = = = 1.00 = 1.00 = = = 1.00 = = = 1.00 1.00 = 1.00 = = = = = = = = = 1.00 = 1.00 = 1.00 1.00 = = 1.00 = 1.00 = = = = 1.00 = = = 
= = = = = = = = = = = = = = = = = = = = = = = = = = = = = = = = = = = = = = = = = = = = = = = = = = = = = = = = = = = = = = = = = = = = = = = = = = = 
1.00 = = = = = = = = = 1.00 = = 1.00 = = 1.00 = 1.00 = = 1.00 1.00 1.00 1.00 = = 1.00 = 1.00 = 1.00 = = 1.00 1.00 = = 1.00 1.00 1.00 = = 1.00 1.00 = = 1.00 = 1.00 = = = = 1.00 1.00 = = 1.00 = 1.00 1.00 = = 1.00 = 1.00 = = = = = 1.00 = = 
1.00 0.50 = = = = = = = 1.00 = = = 1.00 = = = = 1.00 1.00 = 1.00 1.00 = 1.00 = = 1.00 = = = = = 1.00 = 1.00 = = = 1.00 = = = 1.00 1.00 = 1.00 = = = = = = = = = 1.00 = 1.00 = 1.00 1.00 = = 1.00 = 1.00 = = = = 1.00 = = = 
1.00 = = = = = = = 1.00 = 1.00 = 1.00 1.00 = 1.00 1.00 = 1.00 = = = = 1.00 = 1.00 1.00 = = = 1.00 1.00 1.00 = = 1.00 1.00 = = = 1.00 1.00 1.00 1.00 = = = 1.00 1.00 1.00 1.00 = = 0.52 = = = = = 1.00 = = 1.00 = 1.00 = 1.00 = 1.00 1.00 1.00 = = = 1.00 
1.00 = = = = = = 0.50 1.00 = 1.00 = = 1.00 = = 1.00 = 1.00 = = 1.00 1.00 1.00 1.00 = = 1.00 = 1.00 = 1.00 1.00 = = 1.00 = = 1.00 1.00 1.00 = = 1.00 1.00 = = 1.00 = 1.00 1.00 = = = = = = = 1.00 = 1.00 1.00 = = 1.00 = 1.00 = = = = = 1.00 = = 
1.00 = = = = = = = = = 1.00 = = 1.00 = = 1.00 = 1.00 = = 1.00 1.00 1.00 1.00 = = 1.00 = 1.00 = 1.00 = = 1.00 1.00 = = 1.00 1.00 1.00 = = 1.00 1.00 = = 1.00 = 1.00 = = = = 1.00 1.00 = = 1.00 = 1.00 1.00 = = 1.00 = 1.00 = 1.00 = = = 1.00 = = 
1.00 = = = = = = = = = 1.00 = = 1.00 = = 1.00 = 1.00 = = 1.00 1.00 1.00 1.00 = = 1.00 = 1.00 = 1.00 = = 1.00 1.00 = = 1.00 1.00 1.00 = = 1.00 1.00 = = 1.00 = 1.00 = = = = 1.00 1.00 = = 1.00 = 1.00 1.00 = = 1.00 = 1.00 = = = = = 1.00 = = 
= = = = = = = = 1.00 = 1.00 = = = = = 1.00 = = 1.00 = = = 1.00 = = = = = = = = 1.00 1.00 = = = = 1.00 = 1.00 = = = = = = 1.00 = 1.00 1.00 = = = = = 1.00 = = = = = = = = = = = = = = 1.00 = = = 
1.00 = 1.00 = = = = = = = 1.00 = 1.00 1.00 = 1.00 = = 1.00 = 1.00 = = = = = 1.00 = = = 1.00 1.00 = 1.00 = 1.00 1.00 = = = = 1.00 1.00 1.00 = = = = = = = = = = = = 1.00 = = = = = 1.00 = 1.00 = 1.00 = 1.00 1.00 1.00 = = = = 
= = = = = = = = 1.00 = = = = = = = = = = = = = = = = = = = = = = = 1.00 = 1.00 = = = = = = = = = = = = = = = 1.00 = = = 1.00 1.00 = = = = = = = = = = = = = = = = = = = 
1.00 = 1.00 = = = = = = = = = = 1.00 = = = 0.50 1.00 = = 1.00 1.00 = 1.00 = = 1.00 0.50 1.00 = 1.00 = 1.00 = 1.00 = = = 1.00 = = = 1.00 1.00 = = = = = = = = = = = 1.00 = 1.00 = 1.00 1.00 = = 1.00 = 1.00 = = = = = 1.00 0.50 = 
= = 1.00 = = = = = 1.00 = 1.00 = = = = = 1.00 = = = = = = 1.00 = 1.00 = = = = = = 1.00 1.00 = = = = 1.00 = 1.00 = = = = = = 1.00 1.00 1.00 1.00 = = = = = 1.00 = = 1.00 = = = = = = = = = = = = = = 1.00 
1.00 = 1.00 = 0.50 = = = = = = = = 1.00 = = = = 1.00 = = 1.00 1.00 = 1.00 = = 1.00 = 1.00 = 1.00 = 1.00 = 1.00 = = = 1.00 = = = 1.00 1.00 = = = = = = = = = = = 1.00 = 1.00 = 1.00 1.00 = = 1.00 = 1.00 = = = = = 1.00 = = 
1.00 = = = = = = = = = = = = 1.00 = = = = 1.00 1.00 = 1.00 1.00 = 1.00 = = 1.00 = 1.00 = 1.00 = 1.00 = 1.00 = = = 1.00 = = = 1.00 = = = = = = = 0.84 = = = = 1.00 = 1.00 = 1.00 1.00 = = 1.00 = 1.00 = = = = 1.00 1.00 = = 
= = 1.00 = = 0.51 0.66 = = = 1.00 = = = = = 1.00 = = = = = = 1.00 = = = = = = = = = 1.00 = = = 1.00 1.00 = 1.00 = = = = 0.51 = 1.00 = 1.00 = = 1.00 = = = 1.00 = = 1.00 = = = 1.00 = = = = = = = = = = = 
= = = = = = = = = = 1.00 = 1.00 = = 1.00 = = = = = 1.00 1.00 = 1.00 = 1.00 1.00 = 1.00 1.00 = = = = = 1.00 = 0.81 1.00 = 1.00 1.00 = 1.00 = = = = = = = = = = = = = 1.00 = 1.00 1.00 1.00 = = 1.00 = = 1.00 1.00 1.00 = 1.00 = = 
= = = = = = = = 1.00 = = = = = 0.50 = = = = = = = = = = = = = = = = = 1.00 = = = = 1.00 = = = = = = = = = = = = 1.00 = 1.00 = = = = = = 1.00 = = = 1.00 = = = = = = = = = = = 
1.00 = = = = = = = = = 1.00 = = 1.00 = = 1.00 = 1.00 = = 1.00 1.00 1.00 1.00 = = 1.00 = 1.00 = 1.00 = = 1.00 1.00 = = 1.00 1.00 1.00 = = 1.00 0.92 = = 1.00 = 1.00 = 0.59 = = 1.00 1.00 = = 1.00 = 1.00 1.00 = = 1.00 = 1.00 = = = = = 1.00 = = 
1.00 = 1.00 = = = 0.59 = = = 1.00 = 1.00 1.00 = 1.00 = = 1.00 = 1.00 = = = = = 1.00 = = = 1.00 1.00 = 1.00 = 1.00 1.00 = = = = 1.00 1.00 1.00 = = = = = = = = = = = = 1.00 = = = = = 1.00 = 1.00 = 1.00 0.50 1.00 1.00 1.00 = = = = 
= = = = = = = = = = = = = = = = = = = = = = = = = = = = = = = = = = = = = = = = = = = = = = = = = = = = = = = = = = = = = = = = = = = = = = = = = = = 
= = = = = = = = 1.00 = = = = = = = = = = = = = = = = = = = = = = = 1.00 = = = = 1.00 = = = = = = = = = = = = 1.00 = 1.00 = = = = = = 1.00 = = = 1.00 = = = = = = = = = = = 
END PHASEPROBS
